[2025-07-23 16:07:08.812 INF] [] === APPLICATION STARTUP INITIATED ===
[2025-07-23 16:07:08.875 INF] [] Serilog logger initialized successfully
[2025-07-23 16:07:08.876 INF] [] Starting application with comprehensive stack overflow protection...
[2025-07-23 16:07:08.879 DBG] [] Fixing current working directory...
[2025-07-23 16:07:08.881 DBG] [] Fixing current working directory...
[2025-07-23 16:07:08.883 DBG] [] Process path: G:\codesecondfolder\BRU-Avtopark-Avtobusov\SuperNova.Desktop\bin\Debug\net9.0\SuperNova.Desktop.exe
[2025-07-23 16:07:08.886 DBG] [] Setting current directory to: G:\codesecondfolder\BRU-Avtopark-Avtobusov\SuperNova.Desktop\bin\Debug\net9.0
[2025-07-23 16:07:08.888 DBG] [] Current directory set successfully to: G:\codesecondfolder\BRU-Avtopark-Avtobusov\SuperNova.Desktop\bin\Debug\net9.0
[2025-07-23 16:07:08.889 DBG] [] Working directory fixed successfully
[2025-07-23 16:07:08.891 INF] [] Initiating safe Avalonia startup...
[2025-07-23 16:07:08.927 INF] [] === AVALONIA STARTUP PHASE ===
[2025-07-23 16:07:08.930 DBG] [] Building Avalonia application...
[2025-07-23 16:07:08.966 DBG] [] === BUILDING AVALONIA APP ===
[2025-07-23 16:07:08.967 DBG] [] Configuring base AppBuilder...
[2025-07-23 16:07:08.970 DBG] [] AppBuilder.Configure<App>() completed
[2025-07-23 16:07:08.971 DBG] [] Adding UsePlatformDetect()...
[2025-07-23 16:07:09.059 DBG] [] UsePlatformDetect() completed
[2025-07-23 16:07:09.062 DBG] [] Adding UseMessageBoxSounds()...
[2025-07-23 16:07:09.075 DBG] [] UseMessageBoxSounds() completed
[2025-07-23 16:07:09.079 DBG] [] Adding LogToTrace()...
[2025-07-23 16:07:09.083 DBG] [] LogToTrace() completed
[2025-07-23 16:07:09.087 DBG] [] Configuring fonts...
[2025-07-23 16:07:09.091 DBG] [] Font configuration completed
[2025-07-23 16:07:09.094 INF] [] Avalonia app builder configured successfully
[2025-07-23 16:07:09.099 DBG] [] Avalonia app builder created successfully
[2025-07-23 16:07:09.101 INF] [] Starting Avalonia with ClassicDesktopLifetime...
[2025-07-23 16:07:09.104 DBG] [] Arguments: 
[2025-07-23 16:07:09.107 DBG] [] Shutdown mode: OnExplicitShutdown
[2025-07-23 16:07:09.826 INF] [] TypeConverter protection system initialized
[2025-07-23 16:07:09.829 INF] [] String formatting protection initialized with InvariantCulture
[2025-07-23 16:18:08.661 INF] [] === APPLICATION STARTUP INITIATED ===
[2025-07-23 16:18:08.716 INF] [] Serilog logger initialized successfully
[2025-07-23 16:18:08.718 INF] [] Starting application with comprehensive stack overflow protection...
[2025-07-23 16:18:08.719 DBG] [] Fixing current working directory...
[2025-07-23 16:18:08.721 DBG] [] Fixing current working directory...
[2025-07-23 16:18:08.723 DBG] [] Process path: G:\codesecondfolder\BRU-Avtopark-Avtobusov\SuperNova.Desktop\bin\Debug\net9.0\SuperNova.Desktop.exe
[2025-07-23 16:18:08.726 DBG] [] Setting current directory to: G:\codesecondfolder\BRU-Avtopark-Avtobusov\SuperNova.Desktop\bin\Debug\net9.0
[2025-07-23 16:18:08.727 DBG] [] Current directory set successfully to: G:\codesecondfolder\BRU-Avtopark-Avtobusov\SuperNova.Desktop\bin\Debug\net9.0
[2025-07-23 16:18:08.728 DBG] [] Working directory fixed successfully
[2025-07-23 16:18:08.729 INF] [] Initiating safe Avalonia startup...
[2025-07-23 16:18:08.735 INF] [] === AVALONIA STARTUP PHASE ===
[2025-07-23 16:18:08.736 DBG] [] Building Avalonia application...
[2025-07-23 16:18:08.754 DBG] [] === BUILDING AVALONIA APP ===
[2025-07-23 16:18:08.755 DBG] [] Configuring base AppBuilder...
[2025-07-23 16:18:08.757 DBG] [] AppBuilder.Configure<App>() completed
[2025-07-23 16:18:08.758 DBG] [] Adding UsePlatformDetect()...
[2025-07-23 16:18:08.802 DBG] [] UsePlatformDetect() completed
[2025-07-23 16:18:08.804 DBG] [] Adding UseMessageBoxSounds()...
[2025-07-23 16:18:08.813 DBG] [] UseMessageBoxSounds() completed
[2025-07-23 16:18:08.814 DBG] [] Adding LogToTrace()...
[2025-07-23 16:18:08.816 DBG] [] LogToTrace() completed
[2025-07-23 16:18:08.817 DBG] [] Configuring fonts...
[2025-07-23 16:18:08.819 DBG] [] Font configuration completed
[2025-07-23 16:18:08.820 INF] [] Avalonia app builder configured successfully
[2025-07-23 16:18:08.820 DBG] [] Avalonia app builder created successfully
[2025-07-23 16:18:08.823 INF] [] Starting Avalonia with ClassicDesktopLifetime...
[2025-07-23 16:18:08.824 DBG] [] Arguments: 
[2025-07-23 16:18:08.826 DBG] [] Shutdown mode: OnExplicitShutdown
[2025-07-23 16:18:09.277 INF] [] TypeConverter protection system initialized
[2025-07-23 16:18:09.279 INF] [] String formatting protection initialized with InvariantCulture
[2025-07-23 16:20:21.556 INF] [] === APPLICATION STARTUP INITIATED ===
[2025-07-23 16:20:21.612 INF] [] Serilog logger initialized successfully
[2025-07-23 16:20:21.615 INF] [] Starting application with comprehensive stack overflow protection...
[2025-07-23 16:20:21.616 DBG] [] Fixing current working directory...
[2025-07-23 16:20:21.618 DBG] [] Fixing current working directory...
[2025-07-23 16:20:21.619 DBG] [] Process path: G:\codesecondfolder\BRU-Avtopark-Avtobusov\SuperNova.Desktop\bin\Debug\net9.0\SuperNova.Desktop.exe
[2025-07-23 16:20:21.622 DBG] [] Setting current directory to: G:\codesecondfolder\BRU-Avtopark-Avtobusov\SuperNova.Desktop\bin\Debug\net9.0
[2025-07-23 16:20:21.623 DBG] [] Current directory set successfully to: G:\codesecondfolder\BRU-Avtopark-Avtobusov\SuperNova.Desktop\bin\Debug\net9.0
[2025-07-23 16:20:21.624 DBG] [] Working directory fixed successfully
[2025-07-23 16:20:21.625 INF] [] Initiating safe Avalonia startup...
[2025-07-23 16:20:21.633 INF] [] === AVALONIA STARTUP PHASE ===
[2025-07-23 16:20:21.634 DBG] [] Building Avalonia application...
[2025-07-23 16:20:21.652 DBG] [] === BUILDING AVALONIA APP ===
[2025-07-23 16:20:21.654 DBG] [] Configuring base AppBuilder...
[2025-07-23 16:20:21.655 DBG] [] AppBuilder.Configure<App>() completed
[2025-07-23 16:20:21.657 DBG] [] Adding UsePlatformDetect()...
[2025-07-23 16:20:21.699 DBG] [] UsePlatformDetect() completed
[2025-07-23 16:20:21.700 DBG] [] Adding UseMessageBoxSounds()...
[2025-07-23 16:20:21.708 DBG] [] UseMessageBoxSounds() completed
[2025-07-23 16:20:21.709 DBG] [] Adding LogToTrace()...
[2025-07-23 16:20:21.712 DBG] [] LogToTrace() completed
[2025-07-23 16:20:21.714 DBG] [] Configuring fonts...
[2025-07-23 16:20:21.716 DBG] [] Font configuration completed
[2025-07-23 16:20:21.718 INF] [] Avalonia app builder configured successfully
[2025-07-23 16:20:21.720 DBG] [] Avalonia app builder created successfully
[2025-07-23 16:20:21.721 INF] [] Starting Avalonia with ClassicDesktopLifetime...
[2025-07-23 16:20:21.723 DBG] [] Arguments: 
[2025-07-23 16:20:21.724 DBG] [] Shutdown mode: OnExplicitShutdown
[2025-07-23 16:20:22.171 INF] [] TypeConverter protection system initialized
[2025-07-23 16:20:22.172 INF] [] String formatting protection initialized with InvariantCulture
[2025-07-23 17:06:59.369 INF] [] === APPLICATION STARTUP INITIATED ===
[2025-07-23 17:06:59.423 INF] [] Serilog logger initialized successfully
[2025-07-23 17:06:59.425 INF] [] Starting application with comprehensive stack overflow protection...
[2025-07-23 17:06:59.427 DBG] [] Fixing current working directory...
[2025-07-23 17:06:59.428 DBG] [] Fixing current working directory...
[2025-07-23 17:06:59.431 DBG] [] Process path: G:\codesecondfolder\BRU-Avtopark-Avtobusov\SuperNova.Desktop\bin\Debug\net9.0\SuperNova.Desktop.exe
[2025-07-23 17:06:59.434 DBG] [] Setting current directory to: G:\codesecondfolder\BRU-Avtopark-Avtobusov\SuperNova.Desktop\bin\Debug\net9.0
[2025-07-23 17:06:59.435 DBG] [] Current directory set successfully to: G:\codesecondfolder\BRU-Avtopark-Avtobusov\SuperNova.Desktop\bin\Debug\net9.0
[2025-07-23 17:06:59.435 DBG] [] Working directory fixed successfully
[2025-07-23 17:06:59.436 INF] [] Initiating safe Avalonia startup...
[2025-07-23 17:06:59.442 INF] [] === AVALONIA STARTUP PHASE ===
[2025-07-23 17:06:59.443 DBG] [] Building Avalonia application...
[2025-07-23 17:06:59.461 DBG] [] === BUILDING AVALONIA APP ===
[2025-07-23 17:06:59.462 DBG] [] Configuring base AppBuilder...
[2025-07-23 17:06:59.463 DBG] [] AppBuilder.Configure<App>() completed
[2025-07-23 17:06:59.465 DBG] [] Adding UsePlatformDetect()...
[2025-07-23 17:06:59.512 DBG] [] UsePlatformDetect() completed
[2025-07-23 17:06:59.515 DBG] [] Adding UseMessageBoxSounds()...
[2025-07-23 17:06:59.523 DBG] [] UseMessageBoxSounds() completed
[2025-07-23 17:06:59.524 DBG] [] Adding LogToTrace()...
[2025-07-23 17:06:59.527 DBG] [] LogToTrace() completed
[2025-07-23 17:06:59.529 DBG] [] Configuring fonts...
[2025-07-23 17:06:59.530 DBG] [] Font configuration completed
[2025-07-23 17:06:59.532 INF] [] Avalonia app builder configured successfully
[2025-07-23 17:06:59.533 DBG] [] Avalonia app builder created successfully
[2025-07-23 17:06:59.534 INF] [] Starting Avalonia with ClassicDesktopLifetime...
[2025-07-23 17:06:59.535 DBG] [] Arguments: 
[2025-07-23 17:06:59.536 DBG] [] Shutdown mode: OnExplicitShutdown
[2025-07-23 17:06:59.905 INF] [] TypeConverter protection system initialized
[2025-07-23 17:06:59.908 INF] [] String formatting protection initialized with InvariantCulture
[2025-07-23 17:12:07.099 INF] [] === APPLICATION STARTUP INITIATED ===
[2025-07-23 17:12:07.155 INF] [] Serilog logger initialized successfully
[2025-07-23 17:12:07.157 INF] [] Starting application with comprehensive stack overflow protection...
[2025-07-23 17:12:07.159 DBG] [] Fixing current working directory...
[2025-07-23 17:12:07.160 DBG] [] Fixing current working directory...
[2025-07-23 17:12:07.163 DBG] [] Process path: G:\codesecondfolder\BRU-Avtopark-Avtobusov\SuperNova.Desktop\bin\Debug\net9.0\SuperNova.Desktop.exe
[2025-07-23 17:12:07.165 DBG] [] Setting current directory to: G:\codesecondfolder\BRU-Avtopark-Avtobusov\SuperNova.Desktop\bin\Debug\net9.0
[2025-07-23 17:12:07.166 DBG] [] Current directory set successfully to: G:\codesecondfolder\BRU-Avtopark-Avtobusov\SuperNova.Desktop\bin\Debug\net9.0
[2025-07-23 17:12:07.167 DBG] [] Working directory fixed successfully
[2025-07-23 17:12:07.169 INF] [] Initiating safe Avalonia startup...
[2025-07-23 17:12:07.177 INF] [] === AVALONIA STARTUP PHASE ===
[2025-07-23 17:12:07.178 DBG] [] Building Avalonia application...
[2025-07-23 17:12:07.195 DBG] [] === BUILDING AVALONIA APP ===
[2025-07-23 17:12:07.197 DBG] [] Configuring base AppBuilder...
[2025-07-23 17:12:07.199 DBG] [] AppBuilder.Configure<App>() completed
[2025-07-23 17:12:07.200 DBG] [] Adding UsePlatformDetect()...
[2025-07-23 17:12:07.249 DBG] [] UsePlatformDetect() completed
[2025-07-23 17:12:07.251 DBG] [] Adding UseMessageBoxSounds()...
[2025-07-23 17:12:07.261 DBG] [] UseMessageBoxSounds() completed
[2025-07-23 17:12:07.262 DBG] [] Adding LogToTrace()...
[2025-07-23 17:12:07.263 DBG] [] LogToTrace() completed
[2025-07-23 17:12:07.265 DBG] [] Configuring fonts...
[2025-07-23 17:12:07.267 DBG] [] Font configuration completed
[2025-07-23 17:12:07.269 INF] [] Avalonia app builder configured successfully
[2025-07-23 17:12:07.270 DBG] [] Avalonia app builder created successfully
[2025-07-23 17:12:07.272 INF] [] Starting Avalonia with ClassicDesktopLifetime...
[2025-07-23 17:12:07.274 DBG] [] Arguments: 
[2025-07-23 17:12:07.276 DBG] [] Shutdown mode: OnExplicitShutdown
[2025-07-23 17:12:07.694 INF] [] TypeConverter protection system initialized
[2025-07-23 17:12:07.696 INF] [] String formatting protection initialized with InvariantCulture
[2025-07-23 17:28:08.108 INF] [] === APPLICATION STARTUP INITIATED ===
[2025-07-23 17:28:08.172 INF] [] Serilog logger initialized successfully
[2025-07-23 17:28:08.174 INF] [] Starting application with comprehensive stack overflow protection...
[2025-07-23 17:28:08.176 DBG] [] Fixing current working directory...
[2025-07-23 17:28:08.178 DBG] [] Fixing current working directory...
[2025-07-23 17:28:08.181 DBG] [] Process path: G:\codesecondfolder\BRU-Avtopark-Avtobusov\SuperNova.Desktop\bin\Debug\net9.0\SuperNova.Desktop.exe
[2025-07-23 17:28:08.184 DBG] [] Setting current directory to: G:\codesecondfolder\BRU-Avtopark-Avtobusov\SuperNova.Desktop\bin\Debug\net9.0
[2025-07-23 17:28:08.186 DBG] [] Current directory set successfully to: G:\codesecondfolder\BRU-Avtopark-Avtobusov\SuperNova.Desktop\bin\Debug\net9.0
[2025-07-23 17:28:08.187 DBG] [] Working directory fixed successfully
[2025-07-23 17:28:08.188 INF] [] Initiating safe Avalonia startup...
[2025-07-23 17:28:08.196 INF] [] === AVALONIA STARTUP PHASE ===
[2025-07-23 17:28:08.198 DBG] [] Building Avalonia application...
[2025-07-23 17:28:08.216 DBG] [] === BUILDING AVALONIA APP ===
[2025-07-23 17:28:08.218 DBG] [] Configuring base AppBuilder...
[2025-07-23 17:28:08.219 DBG] [] AppBuilder.Configure<App>() completed
[2025-07-23 17:28:08.221 DBG] [] Adding UsePlatformDetect()...
[2025-07-23 17:28:08.264 DBG] [] UsePlatformDetect() completed
[2025-07-23 17:28:08.266 DBG] [] Adding UseMessageBoxSounds()...
[2025-07-23 17:28:08.277 DBG] [] UseMessageBoxSounds() completed
[2025-07-23 17:28:08.279 DBG] [] Adding LogToTrace()...
[2025-07-23 17:28:08.280 DBG] [] LogToTrace() completed
[2025-07-23 17:28:08.281 DBG] [] Configuring fonts...
[2025-07-23 17:28:08.283 DBG] [] Font configuration completed
[2025-07-23 17:28:08.285 INF] [] Avalonia app builder configured successfully
[2025-07-23 17:28:08.286 DBG] [] Avalonia app builder created successfully
[2025-07-23 17:28:08.288 INF] [] Starting Avalonia with ClassicDesktopLifetime...
[2025-07-23 17:28:08.290 DBG] [] Arguments: 
[2025-07-23 17:28:08.292 DBG] [] Shutdown mode: OnExplicitShutdown
[2025-07-23 17:28:08.829 INF] [] TypeConverter protection system initialized
[2025-07-23 17:28:08.831 INF] [] String formatting protection initialized with InvariantCulture
[2025-07-23 17:36:48.055 INF] [] === APPLICATION STARTUP INITIATED ===
[2025-07-23 17:36:48.108 INF] [] Serilog logger initialized successfully
[2025-07-23 17:36:48.109 INF] [] Starting application with comprehensive stack overflow protection...
[2025-07-23 17:36:48.111 DBG] [] Fixing current working directory...
[2025-07-23 17:36:48.112 DBG] [] Fixing current working directory...
[2025-07-23 17:36:48.115 DBG] [] Process path: G:\codesecondfolder\BRU-Avtopark-Avtobusov\SuperNova.Desktop\bin\Debug\net9.0\SuperNova.Desktop.exe
[2025-07-23 17:36:48.118 DBG] [] Setting current directory to: G:\codesecondfolder\BRU-Avtopark-Avtobusov\SuperNova.Desktop\bin\Debug\net9.0
[2025-07-23 17:36:48.120 DBG] [] Current directory set successfully to: G:\codesecondfolder\BRU-Avtopark-Avtobusov\SuperNova.Desktop\bin\Debug\net9.0
[2025-07-23 17:36:48.121 DBG] [] Working directory fixed successfully
[2025-07-23 17:36:48.123 INF] [] Initiating safe Avalonia startup...
[2025-07-23 17:36:48.130 INF] [] === AVALONIA STARTUP PHASE ===
[2025-07-23 17:36:48.133 DBG] [] Building Avalonia application...
[2025-07-23 17:36:48.148 DBG] [] === BUILDING AVALONIA APP ===
[2025-07-23 17:36:48.150 DBG] [] Configuring base AppBuilder...
[2025-07-23 17:36:48.152 DBG] [] AppBuilder.Configure<App>() completed
[2025-07-23 17:36:48.154 DBG] [] Adding UsePlatformDetect()...
[2025-07-23 17:36:48.193 DBG] [] UsePlatformDetect() completed
[2025-07-23 17:36:48.194 DBG] [] Adding UseMessageBoxSounds()...
[2025-07-23 17:36:48.202 DBG] [] UseMessageBoxSounds() completed
[2025-07-23 17:36:48.204 DBG] [] Adding LogToTrace()...
[2025-07-23 17:36:48.206 DBG] [] LogToTrace() completed
[2025-07-23 17:36:48.208 DBG] [] Configuring fonts...
[2025-07-23 17:36:48.211 DBG] [] Font configuration completed
[2025-07-23 17:36:48.212 INF] [] Avalonia app builder configured successfully
[2025-07-23 17:36:48.214 DBG] [] Avalonia app builder created successfully
[2025-07-23 17:36:48.216 INF] [] Starting Avalonia with ClassicDesktopLifetime...
[2025-07-23 17:36:48.218 DBG] [] Arguments: 
[2025-07-23 17:36:48.218 DBG] [] Shutdown mode: OnExplicitShutdown
[2025-07-23 17:36:48.603 INF] [] TypeConverter protection system initialized
[2025-07-23 17:36:48.605 INF] [] String formatting protection initialized with InvariantCulture
[2025-07-23 17:37:32.439 INF] [] === APPLICATION STARTUP INITIATED ===
[2025-07-23 17:37:32.491 INF] [] Serilog logger initialized successfully
[2025-07-23 17:37:32.492 INF] [] Starting application with comprehensive stack overflow protection...
[2025-07-23 17:37:32.493 DBG] [] Fixing current working directory...
[2025-07-23 17:37:32.494 DBG] [] Fixing current working directory...
[2025-07-23 17:37:32.496 DBG] [] Process path: G:\codesecondfolder\BRU-Avtopark-Avtobusov\SuperNova.Desktop\bin\Debug\net9.0\SuperNova.Desktop.exe
[2025-07-23 17:37:32.499 DBG] [] Setting current directory to: G:\codesecondfolder\BRU-Avtopark-Avtobusov\SuperNova.Desktop\bin\Debug\net9.0
[2025-07-23 17:37:32.500 DBG] [] Current directory set successfully to: G:\codesecondfolder\BRU-Avtopark-Avtobusov\SuperNova.Desktop\bin\Debug\net9.0
[2025-07-23 17:37:32.501 DBG] [] Working directory fixed successfully
[2025-07-23 17:37:32.502 INF] [] Initiating safe Avalonia startup...
[2025-07-23 17:37:32.507 INF] [] === AVALONIA STARTUP PHASE ===
[2025-07-23 17:37:32.508 DBG] [] Building Avalonia application...
[2025-07-23 17:37:32.522 DBG] [] === BUILDING AVALONIA APP ===
[2025-07-23 17:37:32.523 DBG] [] Configuring base AppBuilder...
[2025-07-23 17:37:32.525 DBG] [] AppBuilder.Configure<App>() completed
[2025-07-23 17:37:32.526 DBG] [] Adding UsePlatformDetect()...
[2025-07-23 17:37:32.564 DBG] [] UsePlatformDetect() completed
[2025-07-23 17:37:32.564 DBG] [] Adding UseMessageBoxSounds()...
[2025-07-23 17:37:32.572 DBG] [] UseMessageBoxSounds() completed
[2025-07-23 17:37:32.573 DBG] [] Adding LogToTrace()...
[2025-07-23 17:37:32.575 DBG] [] LogToTrace() completed
[2025-07-23 17:37:32.576 DBG] [] Configuring fonts...
[2025-07-23 17:37:32.577 DBG] [] Font configuration completed
[2025-07-23 17:37:32.578 INF] [] Avalonia app builder configured successfully
[2025-07-23 17:37:32.579 DBG] [] Avalonia app builder created successfully
[2025-07-23 17:37:32.580 INF] [] Starting Avalonia with ClassicDesktopLifetime...
[2025-07-23 17:37:32.581 DBG] [] Arguments: 
[2025-07-23 17:37:32.582 DBG] [] Shutdown mode: OnExplicitShutdown
[2025-07-23 17:37:33.013 INF] [] TypeConverter protection system initialized
[2025-07-23 17:37:33.015 INF] [] String formatting protection initialized with InvariantCulture
[2025-07-23 17:38:01.220 INF] [] === APPLICATION STARTUP INITIATED ===
[2025-07-23 17:38:01.274 INF] [] Serilog logger initialized successfully
[2025-07-23 17:38:01.275 INF] [] Starting application with comprehensive stack overflow protection...
[2025-07-23 17:38:01.276 DBG] [] Fixing current working directory...
[2025-07-23 17:38:01.277 DBG] [] Fixing current working directory...
[2025-07-23 17:38:01.279 DBG] [] Process path: G:\codesecondfolder\BRU-Avtopark-Avtobusov\SuperNova.Desktop\bin\Debug\net9.0\SuperNova.Desktop.exe
[2025-07-23 17:38:01.282 DBG] [] Setting current directory to: G:\codesecondfolder\BRU-Avtopark-Avtobusov\SuperNova.Desktop\bin\Debug\net9.0
[2025-07-23 17:38:01.283 DBG] [] Current directory set successfully to: G:\codesecondfolder\BRU-Avtopark-Avtobusov\SuperNova.Desktop\bin\Debug\net9.0
[2025-07-23 17:38:01.284 DBG] [] Working directory fixed successfully
[2025-07-23 17:38:01.285 INF] [] Initiating safe Avalonia startup...
[2025-07-23 17:38:01.292 INF] [] === AVALONIA STARTUP PHASE ===
[2025-07-23 17:38:01.293 DBG] [] Building Avalonia application...
[2025-07-23 17:38:01.307 DBG] [] === BUILDING AVALONIA APP ===
[2025-07-23 17:38:01.308 DBG] [] Configuring base AppBuilder...
[2025-07-23 17:38:01.310 DBG] [] AppBuilder.Configure<App>() completed
[2025-07-23 17:38:01.311 DBG] [] Adding UsePlatformDetect()...
[2025-07-23 17:38:01.349 DBG] [] UsePlatformDetect() completed
[2025-07-23 17:38:01.351 DBG] [] Adding UseMessageBoxSounds()...
[2025-07-23 17:38:01.358 DBG] [] UseMessageBoxSounds() completed
[2025-07-23 17:38:01.359 DBG] [] Adding LogToTrace()...
[2025-07-23 17:38:01.361 DBG] [] LogToTrace() completed
[2025-07-23 17:38:01.362 DBG] [] Configuring fonts...
[2025-07-23 17:38:01.364 DBG] [] Font configuration completed
[2025-07-23 17:38:01.365 INF] [] Avalonia app builder configured successfully
[2025-07-23 17:38:01.366 DBG] [] Avalonia app builder created successfully
[2025-07-23 17:38:01.367 INF] [] Starting Avalonia with ClassicDesktopLifetime...
[2025-07-23 17:38:01.368 DBG] [] Arguments: 
[2025-07-23 17:38:01.369 DBG] [] Shutdown mode: OnExplicitShutdown
[2025-07-23 17:38:01.832 INF] [] TypeConverter protection system initialized
[2025-07-23 17:38:01.833 INF] [] String formatting protection initialized with InvariantCulture
[2025-07-23 17:43:56.318 INF] [] === APPLICATION STARTUP INITIATED ===
[2025-07-23 17:43:56.383 INF] [] Serilog logger initialized successfully
[2025-07-23 17:43:56.385 INF] [] Starting application with comprehensive stack overflow protection...
[2025-07-23 17:43:56.386 DBG] [] Fixing current working directory...
[2025-07-23 17:43:56.387 DBG] [] Fixing current working directory...
[2025-07-23 17:43:56.389 DBG] [] Process path: G:\codesecondfolder\BRU-Avtopark-Avtobusov\SuperNova.Desktop\bin\Debug\net9.0\SuperNova.Desktop.exe
[2025-07-23 17:43:56.392 DBG] [] Setting current directory to: G:\codesecondfolder\BRU-Avtopark-Avtobusov\SuperNova.Desktop\bin\Debug\net9.0
[2025-07-23 17:43:56.393 DBG] [] Current directory set successfully to: G:\codesecondfolder\BRU-Avtopark-Avtobusov\SuperNova.Desktop\bin\Debug\net9.0
[2025-07-23 17:43:56.481 DBG] [] Working directory fixed successfully
[2025-07-23 17:43:56.490 INF] [] Initiating safe Avalonia startup...
[2025-07-23 17:43:56.511 INF] [] === AVALONIA STARTUP PHASE ===
[2025-07-23 17:43:56.513 DBG] [] Building Avalonia application...
[2025-07-23 17:43:56.626 DBG] [] === BUILDING AVALONIA APP ===
[2025-07-23 17:43:56.628 DBG] [] Configuring base AppBuilder...
[2025-07-23 17:43:56.630 DBG] [] AppBuilder.Configure<App>() completed
[2025-07-23 17:43:56.633 DBG] [] Adding UsePlatformDetect()...
[2025-07-23 17:43:56.736 DBG] [] UsePlatformDetect() completed
[2025-07-23 17:43:56.737 DBG] [] Adding UseMessageBoxSounds()...
[2025-07-23 17:43:56.745 DBG] [] UseMessageBoxSounds() completed
[2025-07-23 17:43:56.747 DBG] [] Adding LogToTrace()...
[2025-07-23 17:43:56.749 DBG] [] LogToTrace() completed
[2025-07-23 17:43:56.752 DBG] [] Configuring fonts...
[2025-07-23 17:43:56.754 DBG] [] Font configuration completed
[2025-07-23 17:43:56.756 INF] [] Avalonia app builder configured successfully
[2025-07-23 17:43:56.757 DBG] [] Avalonia app builder created successfully
[2025-07-23 17:43:56.758 INF] [] Starting Avalonia with ClassicDesktopLifetime...
[2025-07-23 17:43:56.760 DBG] [] Arguments: 
[2025-07-23 17:43:56.762 DBG] [] Shutdown mode: OnExplicitShutdown
[2025-07-23 17:43:57.349 INF] [] TypeConverter protection system initialized
[2025-07-23 17:43:57.351 INF] [] String formatting protection initialized with InvariantCulture
[2025-07-23 17:55:51.094 INF] [] === APPLICATION STARTUP INITIATED ===
[2025-07-23 17:55:51.151 INF] [] Serilog logger initialized successfully
[2025-07-23 17:55:51.152 INF] [] Starting application with comprehensive stack overflow protection...
[2025-07-23 17:55:51.154 DBG] [] Fixing current working directory...
[2025-07-23 17:55:51.155 DBG] [] Fixing current working directory...
[2025-07-23 17:55:51.156 DBG] [] Process path: G:\codesecondfolder\BRU-Avtopark-Avtobusov\SuperNova.Desktop\bin\Debug\net9.0\SuperNova.Desktop.exe
[2025-07-23 17:55:51.160 DBG] [] Setting current directory to: G:\codesecondfolder\BRU-Avtopark-Avtobusov\SuperNova.Desktop\bin\Debug\net9.0
[2025-07-23 17:55:51.161 DBG] [] Current directory set successfully to: G:\codesecondfolder\BRU-Avtopark-Avtobusov\SuperNova.Desktop\bin\Debug\net9.0
[2025-07-23 17:55:51.163 DBG] [] Working directory fixed successfully
[2025-07-23 17:55:51.165 INF] [] Initiating safe Avalonia startup...
[2025-07-23 17:55:51.192 INF] [] === AVALONIA STARTUP PHASE ===
[2025-07-23 17:55:51.194 DBG] [] Building Avalonia application...
[2025-07-23 17:55:51.229 DBG] [] === BUILDING AVALONIA APP ===
[2025-07-23 17:55:51.231 DBG] [] Configuring base AppBuilder...
[2025-07-23 17:55:51.233 DBG] [] AppBuilder.Configure<App>() completed
[2025-07-23 17:55:51.235 DBG] [] Adding UsePlatformDetect()...
[2025-07-23 17:55:51.309 DBG] [] UsePlatformDetect() completed
[2025-07-23 17:55:51.310 DBG] [] Adding UseMessageBoxSounds()...
[2025-07-23 17:55:51.319 DBG] [] UseMessageBoxSounds() completed
[2025-07-23 17:55:51.320 DBG] [] Adding LogToTrace()...
[2025-07-23 17:55:51.323 DBG] [] LogToTrace() completed
[2025-07-23 17:55:51.324 DBG] [] Configuring fonts...
[2025-07-23 17:55:51.326 DBG] [] Font configuration completed
[2025-07-23 17:55:51.327 INF] [] Avalonia app builder configured successfully
[2025-07-23 17:55:51.329 DBG] [] Avalonia app builder created successfully
[2025-07-23 17:55:51.330 INF] [] Starting Avalonia with ClassicDesktopLifetime...
[2025-07-23 17:55:51.332 DBG] [] Arguments: 
[2025-07-23 17:55:51.334 DBG] [] Shutdown mode: OnExplicitShutdown
[2025-07-23 17:55:51.862 INF] [] TypeConverter protection system initialized
[2025-07-23 17:55:51.864 INF] [] String formatting protection initialized with InvariantCulture
[2025-07-23 17:56:33.336 INF] [] === APPLICATION STARTUP INITIATED ===
[2025-07-23 17:56:33.393 INF] [] Serilog logger initialized successfully
[2025-07-23 17:56:33.394 INF] [] Starting application with comprehensive stack overflow protection...
[2025-07-23 17:56:33.396 DBG] [] Fixing current working directory...
[2025-07-23 17:56:33.399 DBG] [] Fixing current working directory...
[2025-07-23 17:56:33.401 DBG] [] Process path: G:\codesecondfolder\BRU-Avtopark-Avtobusov\SuperNova.Desktop\bin\Debug\net9.0\SuperNova.Desktop.exe
[2025-07-23 17:56:33.403 DBG] [] Setting current directory to: G:\codesecondfolder\BRU-Avtopark-Avtobusov\SuperNova.Desktop\bin\Debug\net9.0
[2025-07-23 17:56:33.404 DBG] [] Current directory set successfully to: G:\codesecondfolder\BRU-Avtopark-Avtobusov\SuperNova.Desktop\bin\Debug\net9.0
[2025-07-23 17:56:33.405 DBG] [] Working directory fixed successfully
[2025-07-23 17:56:33.406 INF] [] Initiating safe Avalonia startup...
[2025-07-23 17:56:33.414 INF] [] === AVALONIA STARTUP PHASE ===
[2025-07-23 17:56:33.415 DBG] [] Building Avalonia application...
[2025-07-23 17:56:33.438 DBG] [] === BUILDING AVALONIA APP ===
[2025-07-23 17:56:33.439 DBG] [] Configuring base AppBuilder...
[2025-07-23 17:56:33.442 DBG] [] AppBuilder.Configure<App>() completed
[2025-07-23 17:56:33.443 DBG] [] Adding UsePlatformDetect()...
[2025-07-23 17:56:33.494 DBG] [] UsePlatformDetect() completed
[2025-07-23 17:56:33.495 DBG] [] Adding UseMessageBoxSounds()...
[2025-07-23 17:56:33.504 DBG] [] UseMessageBoxSounds() completed
[2025-07-23 17:56:33.506 DBG] [] Adding LogToTrace()...
[2025-07-23 17:56:33.508 DBG] [] LogToTrace() completed
[2025-07-23 17:56:33.510 DBG] [] Configuring fonts...
[2025-07-23 17:56:33.513 DBG] [] Font configuration completed
[2025-07-23 17:56:33.514 INF] [] Avalonia app builder configured successfully
[2025-07-23 17:56:33.517 DBG] [] Avalonia app builder created successfully
[2025-07-23 17:56:33.519 INF] [] Starting Avalonia with ClassicDesktopLifetime...
[2025-07-23 17:56:33.522 DBG] [] Arguments: 
[2025-07-23 17:56:33.525 DBG] [] Shutdown mode: OnExplicitShutdown
[2025-07-23 17:56:33.965 INF] [] TypeConverter protection system initialized
[2025-07-23 17:56:33.967 INF] [] String formatting protection initialized with InvariantCulture
[2025-07-23 17:57:55.978 INF] [] === APPLICATION STARTUP INITIATED ===
[2025-07-23 17:57:56.032 INF] [] Serilog logger initialized successfully
[2025-07-23 17:57:56.033 INF] [] Starting application with comprehensive stack overflow protection...
[2025-07-23 17:57:56.035 DBG] [] Fixing current working directory...
[2025-07-23 17:57:56.036 DBG] [] Fixing current working directory...
[2025-07-23 17:57:56.039 DBG] [] Process path: G:\codesecondfolder\BRU-Avtopark-Avtobusov\SuperNova.Desktop\bin\Debug\net9.0\SuperNova.Desktop.exe
[2025-07-23 17:57:56.041 DBG] [] Setting current directory to: G:\codesecondfolder\BRU-Avtopark-Avtobusov\SuperNova.Desktop\bin\Debug\net9.0
[2025-07-23 17:57:56.043 DBG] [] Current directory set successfully to: G:\codesecondfolder\BRU-Avtopark-Avtobusov\SuperNova.Desktop\bin\Debug\net9.0
[2025-07-23 17:57:56.044 DBG] [] Working directory fixed successfully
[2025-07-23 17:57:56.045 INF] [] Initiating safe Avalonia startup...
[2025-07-23 17:57:56.051 INF] [] === AVALONIA STARTUP PHASE ===
[2025-07-23 17:57:56.053 DBG] [] Building Avalonia application...
[2025-07-23 17:57:56.074 DBG] [] === BUILDING AVALONIA APP ===
[2025-07-23 17:57:56.076 DBG] [] Configuring base AppBuilder...
[2025-07-23 17:57:56.078 DBG] [] AppBuilder.Configure<App>() completed
[2025-07-23 17:57:56.079 DBG] [] Adding UsePlatformDetect()...
[2025-07-23 17:57:56.122 DBG] [] UsePlatformDetect() completed
[2025-07-23 17:57:56.124 DBG] [] Adding UseMessageBoxSounds()...
[2025-07-23 17:57:56.132 DBG] [] UseMessageBoxSounds() completed
[2025-07-23 17:57:56.134 DBG] [] Adding LogToTrace()...
[2025-07-23 17:57:56.135 DBG] [] LogToTrace() completed
[2025-07-23 17:57:56.137 DBG] [] Configuring fonts...
[2025-07-23 17:57:56.139 DBG] [] Font configuration completed
[2025-07-23 17:57:56.141 INF] [] Avalonia app builder configured successfully
[2025-07-23 17:57:56.143 DBG] [] Avalonia app builder created successfully
[2025-07-23 17:57:56.145 INF] [] Starting Avalonia with ClassicDesktopLifetime...
[2025-07-23 17:57:56.146 DBG] [] Arguments: 
[2025-07-23 17:57:56.148 DBG] [] Shutdown mode: OnExplicitShutdown
[2025-07-23 17:57:56.590 INF] [] TypeConverter protection system initialized
[2025-07-23 17:57:56.614 INF] [] String formatting protection initialized with InvariantCulture
[2025-07-23 18:00:42.160 INF] [] === APPLICATION STARTUP INITIATED ===
[2025-07-23 18:00:42.215 INF] [] Serilog logger initialized successfully
[2025-07-23 18:00:42.217 INF] [] Starting application with comprehensive stack overflow protection...
[2025-07-23 18:00:42.219 DBG] [] Fixing current working directory...
[2025-07-23 18:00:42.220 DBG] [] Fixing current working directory...
[2025-07-23 18:00:42.223 DBG] [] Process path: G:\codesecondfolder\BRU-Avtopark-Avtobusov\SuperNova.Desktop\bin\Debug\net9.0\SuperNova.Desktop.exe
[2025-07-23 18:00:42.226 DBG] [] Setting current directory to: G:\codesecondfolder\BRU-Avtopark-Avtobusov\SuperNova.Desktop\bin\Debug\net9.0
[2025-07-23 18:00:42.227 DBG] [] Current directory set successfully to: G:\codesecondfolder\BRU-Avtopark-Avtobusov\SuperNova.Desktop\bin\Debug\net9.0
[2025-07-23 18:00:42.228 DBG] [] Working directory fixed successfully
[2025-07-23 18:00:42.228 INF] [] Initiating safe Avalonia startup...
[2025-07-23 18:00:42.235 INF] [] === AVALONIA STARTUP PHASE ===
[2025-07-23 18:00:42.236 DBG] [] Building Avalonia application...
[2025-07-23 18:00:42.254 DBG] [] === BUILDING AVALONIA APP ===
[2025-07-23 18:00:42.255 DBG] [] Configuring base AppBuilder...
[2025-07-23 18:00:42.257 DBG] [] AppBuilder.Configure<App>() completed
[2025-07-23 18:00:42.259 DBG] [] Adding UsePlatformDetect()...
[2025-07-23 18:00:42.309 DBG] [] UsePlatformDetect() completed
[2025-07-23 18:00:42.310 DBG] [] Adding UseMessageBoxSounds()...
[2025-07-23 18:00:42.322 DBG] [] UseMessageBoxSounds() completed
[2025-07-23 18:00:42.323 DBG] [] Adding LogToTrace()...
[2025-07-23 18:00:42.324 DBG] [] LogToTrace() completed
[2025-07-23 18:00:42.326 DBG] [] Configuring fonts...
[2025-07-23 18:00:42.329 DBG] [] Font configuration completed
[2025-07-23 18:00:42.331 INF] [] Avalonia app builder configured successfully
[2025-07-23 18:00:42.332 DBG] [] Avalonia app builder created successfully
[2025-07-23 18:00:42.334 INF] [] Starting Avalonia with ClassicDesktopLifetime...
[2025-07-23 18:00:42.336 DBG] [] Arguments: 
[2025-07-23 18:00:42.337 DBG] [] Shutdown mode: OnExplicitShutdown
[2025-07-23 18:00:42.820 INF] [] TypeConverter protection system initialized
[2025-07-23 18:00:42.822 INF] [] String formatting protection initialized with InvariantCulture
[2025-07-23 18:01:03.633 INF] [] === APPLICATION STARTUP INITIATED ===
[2025-07-23 18:01:03.784 INF] [] Serilog logger initialized successfully
[2025-07-23 18:01:03.786 INF] [] Starting application with comprehensive stack overflow protection...
[2025-07-23 18:01:03.788 DBG] [] Fixing current working directory...
[2025-07-23 18:01:03.789 DBG] [] Fixing current working directory...
[2025-07-23 18:01:03.791 DBG] [] Process path: G:\codesecondfolder\BRU-Avtopark-Avtobusov\SuperNova.Desktop\bin\Debug\net9.0\SuperNova.Desktop.exe
[2025-07-23 18:01:03.795 DBG] [] Setting current directory to: G:\codesecondfolder\BRU-Avtopark-Avtobusov\SuperNova.Desktop\bin\Debug\net9.0
[2025-07-23 18:01:03.796 DBG] [] Current directory set successfully to: G:\codesecondfolder\BRU-Avtopark-Avtobusov\SuperNova.Desktop\bin\Debug\net9.0
[2025-07-23 18:01:03.797 DBG] [] Working directory fixed successfully
[2025-07-23 18:01:03.799 INF] [] Initiating safe Avalonia startup...
[2025-07-23 18:01:03.814 INF] [] === AVALONIA STARTUP PHASE ===
[2025-07-23 18:01:03.816 DBG] [] Building Avalonia application...
[2025-07-23 18:01:03.833 DBG] [] === BUILDING AVALONIA APP ===
[2025-07-23 18:01:03.835 DBG] [] Configuring base AppBuilder...
[2025-07-23 18:01:03.838 DBG] [] AppBuilder.Configure<App>() completed
[2025-07-23 18:01:03.842 DBG] [] Adding UsePlatformDetect()...
[2025-07-23 18:01:03.894 DBG] [] UsePlatformDetect() completed
[2025-07-23 18:01:03.895 DBG] [] Adding UseMessageBoxSounds()...
[2025-07-23 18:01:03.904 DBG] [] UseMessageBoxSounds() completed
[2025-07-23 18:01:03.906 DBG] [] Adding LogToTrace()...
[2025-07-23 18:01:03.907 DBG] [] LogToTrace() completed
[2025-07-23 18:01:03.908 DBG] [] Configuring fonts...
[2025-07-23 18:01:03.910 DBG] [] Font configuration completed
[2025-07-23 18:01:03.911 INF] [] Avalonia app builder configured successfully
[2025-07-23 18:01:03.912 DBG] [] Avalonia app builder created successfully
[2025-07-23 18:01:03.913 INF] [] Starting Avalonia with ClassicDesktopLifetime...
[2025-07-23 18:01:03.916 DBG] [] Arguments: 
[2025-07-23 18:01:03.922 DBG] [] Shutdown mode: OnExplicitShutdown
[2025-07-23 18:01:04.475 INF] [] TypeConverter protection system initialized
[2025-07-23 18:01:04.477 INF] [] String formatting protection initialized with InvariantCulture
[2025-07-23 18:02:07.244 INF] [] === APPLICATION STARTUP INITIATED ===
[2025-07-23 18:02:07.302 INF] [] Serilog logger initialized successfully
[2025-07-23 18:02:07.303 INF] [] Starting application with comprehensive stack overflow protection...
[2025-07-23 18:02:07.306 DBG] [] Fixing current working directory...
[2025-07-23 18:02:07.308 DBG] [] Fixing current working directory...
[2025-07-23 18:02:07.311 DBG] [] Process path: G:\codesecondfolder\BRU-Avtopark-Avtobusov\SuperNova.Desktop\bin\Debug\net9.0\SuperNova.Desktop.exe
[2025-07-23 18:02:07.315 DBG] [] Setting current directory to: G:\codesecondfolder\BRU-Avtopark-Avtobusov\SuperNova.Desktop\bin\Debug\net9.0
[2025-07-23 18:02:07.316 DBG] [] Current directory set successfully to: G:\codesecondfolder\BRU-Avtopark-Avtobusov\SuperNova.Desktop\bin\Debug\net9.0
[2025-07-23 18:02:07.317 DBG] [] Working directory fixed successfully
[2025-07-23 18:02:07.320 INF] [] Initiating safe Avalonia startup...
[2025-07-23 18:02:07.328 INF] [] === AVALONIA STARTUP PHASE ===
[2025-07-23 18:02:07.329 DBG] [] Building Avalonia application...
[2025-07-23 18:02:07.351 DBG] [] === BUILDING AVALONIA APP ===
[2025-07-23 18:02:07.353 DBG] [] Configuring base AppBuilder...
[2025-07-23 18:02:07.355 DBG] [] AppBuilder.Configure<App>() completed
[2025-07-23 18:02:07.357 DBG] [] Adding UsePlatformDetect()...
[2025-07-23 18:02:07.410 DBG] [] UsePlatformDetect() completed
[2025-07-23 18:02:07.413 DBG] [] Adding UseMessageBoxSounds()...
[2025-07-23 18:02:07.423 DBG] [] UseMessageBoxSounds() completed
[2025-07-23 18:02:07.425 DBG] [] Adding LogToTrace()...
[2025-07-23 18:02:07.427 DBG] [] LogToTrace() completed
[2025-07-23 18:02:07.428 DBG] [] Configuring fonts...
[2025-07-23 18:02:07.432 DBG] [] Font configuration completed
[2025-07-23 18:02:07.433 INF] [] Avalonia app builder configured successfully
[2025-07-23 18:02:07.435 DBG] [] Avalonia app builder created successfully
[2025-07-23 18:02:07.436 INF] [] Starting Avalonia with ClassicDesktopLifetime...
[2025-07-23 18:02:07.437 DBG] [] Arguments: 
[2025-07-23 18:02:07.438 DBG] [] Shutdown mode: OnExplicitShutdown
[2025-07-23 18:02:07.927 INF] [] TypeConverter protection system initialized
[2025-07-23 18:02:07.933 INF] [] String formatting protection initialized with InvariantCulture
[2025-07-23 18:05:13.003 INF] [] === APPLICATION STARTUP INITIATED ===
[2025-07-23 18:05:13.063 INF] [] Serilog logger initialized successfully
[2025-07-23 18:05:13.066 INF] [] Starting application with comprehensive stack overflow protection...
[2025-07-23 18:05:13.067 DBG] [] Fixing current working directory...
[2025-07-23 18:05:13.069 DBG] [] Fixing current working directory...
[2025-07-23 18:05:13.071 DBG] [] Process path: G:\codesecondfolder\BRU-Avtopark-Avtobusov\SuperNova.Desktop\bin\Debug\net9.0\SuperNova.Desktop.exe
[2025-07-23 18:05:13.073 DBG] [] Setting current directory to: G:\codesecondfolder\BRU-Avtopark-Avtobusov\SuperNova.Desktop\bin\Debug\net9.0
[2025-07-23 18:05:13.075 DBG] [] Current directory set successfully to: G:\codesecondfolder\BRU-Avtopark-Avtobusov\SuperNova.Desktop\bin\Debug\net9.0
[2025-07-23 18:05:13.077 DBG] [] Working directory fixed successfully
[2025-07-23 18:05:13.078 INF] [] Initiating safe Avalonia startup...
[2025-07-23 18:05:13.088 INF] [] === AVALONIA STARTUP PHASE ===
[2025-07-23 18:05:13.090 DBG] [] Building Avalonia application...
[2025-07-23 18:05:13.132 DBG] [] === BUILDING AVALONIA APP ===
[2025-07-23 18:05:13.134 DBG] [] Configuring base AppBuilder...
[2025-07-23 18:05:13.136 DBG] [] AppBuilder.Configure<App>() completed
[2025-07-23 18:05:13.139 DBG] [] Adding UsePlatformDetect()...
[2025-07-23 18:05:13.235 DBG] [] UsePlatformDetect() completed
[2025-07-23 18:05:13.236 DBG] [] Adding UseMessageBoxSounds()...
[2025-07-23 18:05:13.258 DBG] [] UseMessageBoxSounds() completed
[2025-07-23 18:05:13.260 DBG] [] Adding LogToTrace()...
[2025-07-23 18:05:13.267 DBG] [] LogToTrace() completed
[2025-07-23 18:05:13.270 DBG] [] Configuring fonts...
[2025-07-23 18:05:13.275 DBG] [] Font configuration completed
[2025-07-23 18:05:13.278 INF] [] Avalonia app builder configured successfully
[2025-07-23 18:05:13.280 DBG] [] Avalonia app builder created successfully
[2025-07-23 18:05:13.282 INF] [] Starting Avalonia with ClassicDesktopLifetime...
[2025-07-23 18:05:13.285 DBG] [] Arguments: 
[2025-07-23 18:05:13.287 DBG] [] Shutdown mode: OnExplicitShutdown
[2025-07-23 18:05:13.766 INF] [] TypeConverter protection system initialized
[2025-07-23 18:05:13.769 INF] [] String formatting protection initialized with InvariantCulture
[2025-07-23 18:09:31.340 INF] [] === APPLICATION STARTUP INITIATED ===
[2025-07-23 18:09:31.392 INF] [] Serilog logger initialized successfully
[2025-07-23 18:09:31.393 INF] [] Starting application with comprehensive stack overflow protection...
[2025-07-23 18:09:31.394 DBG] [] Fixing current working directory...
[2025-07-23 18:09:31.396 DBG] [] Fixing current working directory...
[2025-07-23 18:09:31.399 DBG] [] Process path: G:\codesecondfolder\BRU-Avtopark-Avtobusov\SuperNova.Desktop\bin\Debug\net9.0\SuperNova.Desktop.exe
[2025-07-23 18:09:31.402 DBG] [] Setting current directory to: G:\codesecondfolder\BRU-Avtopark-Avtobusov\SuperNova.Desktop\bin\Debug\net9.0
[2025-07-23 18:09:31.404 DBG] [] Current directory set successfully to: G:\codesecondfolder\BRU-Avtopark-Avtobusov\SuperNova.Desktop\bin\Debug\net9.0
[2025-07-23 18:09:31.405 DBG] [] Working directory fixed successfully
[2025-07-23 18:09:31.406 INF] [] Initiating safe Avalonia startup...
[2025-07-23 18:09:31.415 INF] [] === AVALONIA STARTUP PHASE ===
[2025-07-23 18:09:31.416 DBG] [] Building Avalonia application...
[2025-07-23 18:09:31.434 DBG] [] === BUILDING AVALONIA APP ===
[2025-07-23 18:09:31.436 DBG] [] Configuring base AppBuilder...
[2025-07-23 18:09:31.438 DBG] [] AppBuilder.Configure<App>() completed
[2025-07-23 18:09:31.440 DBG] [] Adding UsePlatformDetect()...
[2025-07-23 18:09:31.486 DBG] [] UsePlatformDetect() completed
[2025-07-23 18:09:31.488 DBG] [] Adding UseMessageBoxSounds()...
[2025-07-23 18:09:31.499 DBG] [] UseMessageBoxSounds() completed
[2025-07-23 18:09:31.501 DBG] [] Adding LogToTrace()...
[2025-07-23 18:09:31.503 DBG] [] LogToTrace() completed
[2025-07-23 18:09:31.505 DBG] [] Configuring fonts...
[2025-07-23 18:09:31.507 DBG] [] Font configuration completed
[2025-07-23 18:09:31.509 INF] [] Avalonia app builder configured successfully
[2025-07-23 18:09:31.511 DBG] [] Avalonia app builder created successfully
[2025-07-23 18:09:31.513 INF] [] Starting Avalonia with ClassicDesktopLifetime...
[2025-07-23 18:09:31.514 DBG] [] Arguments: 
[2025-07-23 18:09:31.515 DBG] [] Shutdown mode: OnExplicitShutdown
[2025-07-23 18:09:31.995 INF] [] TypeConverter protection system initialized
[2025-07-23 18:09:31.996 INF] [] String formatting protection initialized with InvariantCulture
[2025-07-23 18:11:06.962 INF] [] === APPLICATION STARTUP INITIATED ===
[2025-07-23 18:11:07.022 INF] [] Serilog logger initialized successfully
[2025-07-23 18:11:07.023 INF] [] Starting application with comprehensive stack overflow protection...
[2025-07-23 18:11:07.026 DBG] [] Fixing current working directory...
[2025-07-23 18:11:07.028 DBG] [] Fixing current working directory...
[2025-07-23 18:11:07.031 DBG] [] Process path: G:\codesecondfolder\BRU-Avtopark-Avtobusov\SuperNova.Desktop\bin\Debug\net9.0\SuperNova.Desktop.exe
[2025-07-23 18:11:07.034 DBG] [] Setting current directory to: G:\codesecondfolder\BRU-Avtopark-Avtobusov\SuperNova.Desktop\bin\Debug\net9.0
[2025-07-23 18:11:07.035 DBG] [] Current directory set successfully to: G:\codesecondfolder\BRU-Avtopark-Avtobusov\SuperNova.Desktop\bin\Debug\net9.0
[2025-07-23 18:11:07.036 DBG] [] Working directory fixed successfully
[2025-07-23 18:11:07.037 INF] [] Initiating safe Avalonia startup...
[2025-07-23 18:11:07.045 INF] [] === AVALONIA STARTUP PHASE ===
[2025-07-23 18:11:07.048 DBG] [] Building Avalonia application...
[2025-07-23 18:11:07.068 DBG] [] === BUILDING AVALONIA APP ===
[2025-07-23 18:11:07.070 DBG] [] Configuring base AppBuilder...
[2025-07-23 18:11:07.073 DBG] [] AppBuilder.Configure<App>() completed
[2025-07-23 18:11:07.074 DBG] [] Adding UsePlatformDetect()...
[2025-07-23 18:11:07.126 DBG] [] UsePlatformDetect() completed
[2025-07-23 18:11:07.128 DBG] [] Adding UseMessageBoxSounds()...
[2025-07-23 18:11:07.137 DBG] [] UseMessageBoxSounds() completed
[2025-07-23 18:11:07.138 DBG] [] Adding LogToTrace()...
[2025-07-23 18:11:07.140 DBG] [] LogToTrace() completed
[2025-07-23 18:11:07.143 DBG] [] Configuring fonts...
[2025-07-23 18:11:07.145 DBG] [] Font configuration completed
[2025-07-23 18:11:07.146 INF] [] Avalonia app builder configured successfully
[2025-07-23 18:11:07.148 DBG] [] Avalonia app builder created successfully
[2025-07-23 18:11:07.151 INF] [] Starting Avalonia with ClassicDesktopLifetime...
[2025-07-23 18:11:07.155 DBG] [] Arguments: 
[2025-07-23 18:11:07.156 DBG] [] Shutdown mode: OnExplicitShutdown
[2025-07-23 18:11:07.711 INF] [] TypeConverter protection system initialized
[2025-07-23 18:11:07.714 INF] [] String formatting protection initialized with InvariantCulture
[2025-07-23 18:12:32.959 INF] [] === APPLICATION STARTUP INITIATED ===
[2025-07-23 18:12:33.012 INF] [] Serilog logger initialized successfully
[2025-07-23 18:12:33.014 INF] [] Starting application with comprehensive stack overflow protection...
[2025-07-23 18:12:33.015 DBG] [] Fixing current working directory...
[2025-07-23 18:12:33.016 DBG] [] Fixing current working directory...
[2025-07-23 18:12:33.018 DBG] [] Process path: G:\codesecondfolder\BRU-Avtopark-Avtobusov\SuperNova.Desktop\bin\Debug\net9.0\SuperNova.Desktop.exe
[2025-07-23 18:12:33.020 DBG] [] Setting current directory to: G:\codesecondfolder\BRU-Avtopark-Avtobusov\SuperNova.Desktop\bin\Debug\net9.0
[2025-07-23 18:12:33.021 DBG] [] Current directory set successfully to: G:\codesecondfolder\BRU-Avtopark-Avtobusov\SuperNova.Desktop\bin\Debug\net9.0
[2025-07-23 18:12:33.023 DBG] [] Working directory fixed successfully
[2025-07-23 18:12:33.024 INF] [] Initiating safe Avalonia startup...
[2025-07-23 18:12:33.032 INF] [] === AVALONIA STARTUP PHASE ===
[2025-07-23 18:12:33.034 DBG] [] Building Avalonia application...
[2025-07-23 18:12:33.053 DBG] [] === BUILDING AVALONIA APP ===
[2025-07-23 18:12:33.054 DBG] [] Configuring base AppBuilder...
[2025-07-23 18:12:33.056 DBG] [] AppBuilder.Configure<App>() completed
[2025-07-23 18:12:33.057 DBG] [] Adding UsePlatformDetect()...
[2025-07-23 18:12:33.112 DBG] [] UsePlatformDetect() completed
[2025-07-23 18:12:33.113 DBG] [] Adding UseMessageBoxSounds()...
[2025-07-23 18:12:33.127 DBG] [] UseMessageBoxSounds() completed
[2025-07-23 18:12:33.128 DBG] [] Adding LogToTrace()...
[2025-07-23 18:12:33.131 DBG] [] LogToTrace() completed
[2025-07-23 18:12:33.138 DBG] [] Configuring fonts...
[2025-07-23 18:12:33.141 DBG] [] Font configuration completed
[2025-07-23 18:12:33.143 INF] [] Avalonia app builder configured successfully
[2025-07-23 18:12:33.146 DBG] [] Avalonia app builder created successfully
[2025-07-23 18:12:33.154 INF] [] Starting Avalonia with ClassicDesktopLifetime...
[2025-07-23 18:12:33.156 DBG] [] Arguments: 
[2025-07-23 18:12:33.158 DBG] [] Shutdown mode: OnExplicitShutdown
[2025-07-23 18:12:33.691 INF] [] TypeConverter protection system initialized
[2025-07-23 18:12:33.692 INF] [] String formatting protection initialized with InvariantCulture
[2025-07-23 18:13:28.052 INF] [] === APPLICATION STARTUP INITIATED ===
[2025-07-23 18:13:28.181 INF] [] Serilog logger initialized successfully
[2025-07-23 18:13:28.183 INF] [] Starting application with comprehensive stack overflow protection...
[2025-07-23 18:13:28.186 DBG] [] Fixing current working directory...
[2025-07-23 18:13:28.187 DBG] [] Fixing current working directory...
[2025-07-23 18:13:28.189 DBG] [] Process path: G:\codesecondfolder\BRU-Avtopark-Avtobusov\SuperNova.Desktop\bin\Debug\net9.0\SuperNova.Desktop.exe
[2025-07-23 18:13:28.193 DBG] [] Setting current directory to: G:\codesecondfolder\BRU-Avtopark-Avtobusov\SuperNova.Desktop\bin\Debug\net9.0
[2025-07-23 18:13:28.195 DBG] [] Current directory set successfully to: G:\codesecondfolder\BRU-Avtopark-Avtobusov\SuperNova.Desktop\bin\Debug\net9.0
[2025-07-23 18:13:28.197 DBG] [] Working directory fixed successfully
[2025-07-23 18:13:28.199 INF] [] Initiating safe Avalonia startup...
[2025-07-23 18:13:28.207 INF] [] === AVALONIA STARTUP PHASE ===
[2025-07-23 18:13:28.211 DBG] [] Building Avalonia application...
[2025-07-23 18:13:28.234 DBG] [] === BUILDING AVALONIA APP ===
[2025-07-23 18:13:28.235 DBG] [] Configuring base AppBuilder...
[2025-07-23 18:13:28.237 DBG] [] AppBuilder.Configure<App>() completed
[2025-07-23 18:13:28.238 DBG] [] Adding UsePlatformDetect()...
[2025-07-23 18:13:28.284 DBG] [] UsePlatformDetect() completed
[2025-07-23 18:13:28.286 DBG] [] Adding UseMessageBoxSounds()...
[2025-07-23 18:13:28.294 DBG] [] UseMessageBoxSounds() completed
[2025-07-23 18:13:28.295 DBG] [] Adding LogToTrace()...
[2025-07-23 18:13:28.297 DBG] [] LogToTrace() completed
[2025-07-23 18:13:28.298 DBG] [] Configuring fonts...
[2025-07-23 18:13:28.301 DBG] [] Font configuration completed
[2025-07-23 18:13:28.302 INF] [] Avalonia app builder configured successfully
[2025-07-23 18:13:28.304 DBG] [] Avalonia app builder created successfully
[2025-07-23 18:13:28.306 INF] [] Starting Avalonia with ClassicDesktopLifetime...
[2025-07-23 18:13:28.308 DBG] [] Arguments: 
[2025-07-23 18:13:28.310 DBG] [] Shutdown mode: OnExplicitShutdown
[2025-07-23 18:13:28.797 INF] [] TypeConverter protection system initialized
[2025-07-23 18:13:28.798 INF] [] String formatting protection initialized with InvariantCulture
[2025-07-23 18:16:21.675 INF] [] === APPLICATION STARTUP INITIATED ===
[2025-07-23 18:16:21.729 INF] [] Serilog logger initialized successfully
[2025-07-23 18:16:21.730 INF] [] Starting application with comprehensive stack overflow protection...
[2025-07-23 18:16:21.732 DBG] [] Fixing current working directory...
[2025-07-23 18:16:21.735 DBG] [] Fixing current working directory...
[2025-07-23 18:16:21.737 DBG] [] Process path: G:\codesecondfolder\BRU-Avtopark-Avtobusov\SuperNova.Desktop\bin\Debug\net9.0\SuperNova.Desktop.exe
[2025-07-23 18:16:21.740 DBG] [] Setting current directory to: G:\codesecondfolder\BRU-Avtopark-Avtobusov\SuperNova.Desktop\bin\Debug\net9.0
[2025-07-23 18:16:21.741 DBG] [] Current directory set successfully to: G:\codesecondfolder\BRU-Avtopark-Avtobusov\SuperNova.Desktop\bin\Debug\net9.0
[2025-07-23 18:16:21.742 DBG] [] Working directory fixed successfully
[2025-07-23 18:16:21.744 INF] [] Initiating safe Avalonia startup...
[2025-07-23 18:16:21.753 INF] [] === AVALONIA STARTUP PHASE ===
[2025-07-23 18:16:21.754 DBG] [] Building Avalonia application...
[2025-07-23 18:16:21.773 DBG] [] === BUILDING AVALONIA APP ===
[2025-07-23 18:16:21.774 DBG] [] Configuring base AppBuilder...
[2025-07-23 18:16:21.776 DBG] [] AppBuilder.Configure<App>() completed
[2025-07-23 18:16:21.777 DBG] [] Adding UsePlatformDetect()...
[2025-07-23 18:16:21.833 DBG] [] UsePlatformDetect() completed
[2025-07-23 18:16:21.835 DBG] [] Adding UseMessageBoxSounds()...
[2025-07-23 18:16:21.843 DBG] [] UseMessageBoxSounds() completed
[2025-07-23 18:16:21.844 DBG] [] Adding LogToTrace()...
[2025-07-23 18:16:21.847 DBG] [] LogToTrace() completed
[2025-07-23 18:16:21.849 DBG] [] Configuring fonts...
[2025-07-23 18:16:21.852 DBG] [] Font configuration completed
[2025-07-23 18:16:21.854 INF] [] Avalonia app builder configured successfully
[2025-07-23 18:16:21.855 DBG] [] Avalonia app builder created successfully
[2025-07-23 18:16:21.857 INF] [] Starting Avalonia with ClassicDesktopLifetime...
[2025-07-23 18:16:21.858 DBG] [] Arguments: 
[2025-07-23 18:16:21.860 DBG] [] Shutdown mode: OnExplicitShutdown
[2025-07-23 18:16:22.266 INF] [] TypeConverter protection system initialized
[2025-07-23 18:16:22.268 INF] [] String formatting protection initialized with InvariantCulture
[2025-07-23 18:21:29.969 INF] [] === APPLICATION STARTUP INITIATED ===
[2025-07-23 18:21:30.021 INF] [] Serilog logger initialized successfully
[2025-07-23 18:21:30.023 INF] [] Starting application with comprehensive stack overflow protection...
[2025-07-23 18:21:30.024 DBG] [] Fixing current working directory...
[2025-07-23 18:21:30.027 DBG] [] Fixing current working directory...
[2025-07-23 18:21:30.030 DBG] [] Process path: G:\codesecondfolder\BRU-Avtopark-Avtobusov\SuperNova.Desktop\bin\Debug\net9.0\SuperNova.Desktop.exe
[2025-07-23 18:21:30.033 DBG] [] Setting current directory to: G:\codesecondfolder\BRU-Avtopark-Avtobusov\SuperNova.Desktop\bin\Debug\net9.0
[2025-07-23 18:21:30.035 DBG] [] Current directory set successfully to: G:\codesecondfolder\BRU-Avtopark-Avtobusov\SuperNova.Desktop\bin\Debug\net9.0
[2025-07-23 18:21:30.036 DBG] [] Working directory fixed successfully
[2025-07-23 18:21:30.038 INF] [] Initiating safe Avalonia startup...
[2025-07-23 18:21:30.048 INF] [] === AVALONIA STARTUP PHASE ===
[2025-07-23 18:21:30.049 DBG] [] Building Avalonia application...
[2025-07-23 18:21:30.121 DBG] [] === BUILDING AVALONIA APP ===
[2025-07-23 18:21:30.122 DBG] [] Configuring base AppBuilder...
[2025-07-23 18:21:30.125 DBG] [] AppBuilder.Configure<App>() completed
[2025-07-23 18:21:30.127 DBG] [] Adding UsePlatformDetect()...
[2025-07-23 18:21:30.172 DBG] [] UsePlatformDetect() completed
[2025-07-23 18:21:30.174 DBG] [] Adding UseMessageBoxSounds()...
[2025-07-23 18:21:30.182 DBG] [] UseMessageBoxSounds() completed
[2025-07-23 18:21:30.184 DBG] [] Adding LogToTrace()...
[2025-07-23 18:21:30.187 DBG] [] LogToTrace() completed
[2025-07-23 18:21:30.189 DBG] [] Configuring fonts...
[2025-07-23 18:21:30.191 DBG] [] Font configuration completed
[2025-07-23 18:21:30.193 INF] [] Avalonia app builder configured successfully
[2025-07-23 18:21:30.194 DBG] [] Avalonia app builder created successfully
[2025-07-23 18:21:30.195 INF] [] Starting Avalonia with ClassicDesktopLifetime...
[2025-07-23 18:21:30.196 DBG] [] Arguments: 
[2025-07-23 18:21:30.197 DBG] [] Shutdown mode: OnExplicitShutdown
[2025-07-23 18:21:30.573 INF] [] TypeConverter protection system initialized
[2025-07-23 18:21:30.575 INF] [] String formatting protection initialized with InvariantCulture
[2025-07-23 18:22:41.004 INF] [] === APPLICATION STARTUP INITIATED ===
[2025-07-23 18:22:41.109 INF] [] Serilog logger initialized successfully
[2025-07-23 18:22:41.110 INF] [] Starting application with comprehensive stack overflow protection...
[2025-07-23 18:22:41.111 DBG] [] Fixing current working directory...
[2025-07-23 18:22:41.113 DBG] [] Fixing current working directory...
[2025-07-23 18:22:41.116 DBG] [] Process path: G:\codesecondfolder\BRU-Avtopark-Avtobusov\SuperNova.Desktop\bin\Debug\net9.0\SuperNova.Desktop.exe
[2025-07-23 18:22:41.119 DBG] [] Setting current directory to: G:\codesecondfolder\BRU-Avtopark-Avtobusov\SuperNova.Desktop\bin\Debug\net9.0
[2025-07-23 18:22:41.121 DBG] [] Current directory set successfully to: G:\codesecondfolder\BRU-Avtopark-Avtobusov\SuperNova.Desktop\bin\Debug\net9.0
[2025-07-23 18:22:41.122 DBG] [] Working directory fixed successfully
[2025-07-23 18:22:41.123 INF] [] Initiating safe Avalonia startup...
[2025-07-23 18:22:41.131 INF] [] === AVALONIA STARTUP PHASE ===
[2025-07-23 18:22:41.133 DBG] [] Building Avalonia application...
[2025-07-23 18:22:41.153 DBG] [] === BUILDING AVALONIA APP ===
[2025-07-23 18:22:41.156 DBG] [] Configuring base AppBuilder...
[2025-07-23 18:22:41.158 DBG] [] AppBuilder.Configure<App>() completed
[2025-07-23 18:22:41.159 DBG] [] Adding UsePlatformDetect()...
[2025-07-23 18:22:41.205 DBG] [] UsePlatformDetect() completed
[2025-07-23 18:22:41.206 DBG] [] Adding UseMessageBoxSounds()...
[2025-07-23 18:22:41.216 DBG] [] UseMessageBoxSounds() completed
[2025-07-23 18:22:41.217 DBG] [] Adding LogToTrace()...
[2025-07-23 18:22:41.218 DBG] [] LogToTrace() completed
[2025-07-23 18:22:41.219 DBG] [] Configuring fonts...
[2025-07-23 18:22:41.221 DBG] [] Font configuration completed
[2025-07-23 18:22:41.222 INF] [] Avalonia app builder configured successfully
[2025-07-23 18:22:41.222 DBG] [] Avalonia app builder created successfully
[2025-07-23 18:22:41.224 INF] [] Starting Avalonia with ClassicDesktopLifetime...
[2025-07-23 18:22:41.225 DBG] [] Arguments: 
[2025-07-23 18:22:41.227 DBG] [] Shutdown mode: OnExplicitShutdown
[2025-07-23 18:22:41.616 INF] [] TypeConverter protection system initialized
[2025-07-23 18:22:41.617 INF] [] String formatting protection initialized with InvariantCulture
[2025-07-23 18:27:46.483 INF] [] === APPLICATION STARTUP INITIATED ===
[2025-07-23 18:27:46.539 INF] [] Serilog logger initialized successfully
[2025-07-23 18:27:46.540 INF] [] Starting application with comprehensive stack overflow protection...
[2025-07-23 18:27:46.541 DBG] [] Fixing current working directory...
[2025-07-23 18:27:46.542 DBG] [] Fixing current working directory...
[2025-07-23 18:27:46.544 DBG] [] Process path: G:\codesecondfolder\BRU-Avtopark-Avtobusov\SuperNova.Desktop\bin\Debug\net9.0\SuperNova.Desktop.exe
[2025-07-23 18:27:46.547 DBG] [] Setting current directory to: G:\codesecondfolder\BRU-Avtopark-Avtobusov\SuperNova.Desktop\bin\Debug\net9.0
[2025-07-23 18:27:46.549 DBG] [] Current directory set successfully to: G:\codesecondfolder\BRU-Avtopark-Avtobusov\SuperNova.Desktop\bin\Debug\net9.0
[2025-07-23 18:27:46.550 DBG] [] Working directory fixed successfully
[2025-07-23 18:27:46.551 INF] [] Initiating safe Avalonia startup...
[2025-07-23 18:27:46.583 INF] [] === AVALONIA STARTUP PHASE ===
[2025-07-23 18:27:46.586 DBG] [] Building Avalonia application...
[2025-07-23 18:27:46.630 DBG] [] === BUILDING AVALONIA APP ===
[2025-07-23 18:27:46.633 DBG] [] Configuring base AppBuilder...
[2025-07-23 18:27:46.634 DBG] [] AppBuilder.Configure<App>() completed
[2025-07-23 18:27:46.636 DBG] [] Adding UsePlatformDetect()...
[2025-07-23 18:27:46.708 DBG] [] UsePlatformDetect() completed
[2025-07-23 18:27:46.709 DBG] [] Adding UseMessageBoxSounds()...
[2025-07-23 18:27:46.716 DBG] [] UseMessageBoxSounds() completed
[2025-07-23 18:27:46.717 DBG] [] Adding LogToTrace()...
[2025-07-23 18:27:46.718 DBG] [] LogToTrace() completed
[2025-07-23 18:27:46.719 DBG] [] Configuring fonts...
[2025-07-23 18:27:46.721 DBG] [] Font configuration completed
[2025-07-23 18:27:46.722 INF] [] Avalonia app builder configured successfully
[2025-07-23 18:27:46.723 DBG] [] Avalonia app builder created successfully
[2025-07-23 18:27:46.725 INF] [] Starting Avalonia with ClassicDesktopLifetime...
[2025-07-23 18:27:46.727 DBG] [] Arguments: 
[2025-07-23 18:27:46.728 DBG] [] Shutdown mode: OnExplicitShutdown
[2025-07-23 18:27:47.338 INF] [] TypeConverter protection system initialized
[2025-07-23 18:27:47.340 INF] [] String formatting protection initialized with InvariantCulture
[2025-07-23 18:28:40.578 INF] [] === APPLICATION STARTUP INITIATED ===
[2025-07-23 18:28:40.641 INF] [] Serilog logger initialized successfully
[2025-07-23 18:28:40.642 INF] [] Starting application with comprehensive stack overflow protection...
[2025-07-23 18:28:40.643 DBG] [] Fixing current working directory...
[2025-07-23 18:28:40.645 DBG] [] Fixing current working directory...
[2025-07-23 18:28:40.646 DBG] [] Process path: G:\codesecondfolder\BRU-Avtopark-Avtobusov\SuperNova.Desktop\bin\Debug\net9.0\SuperNova.Desktop.exe
[2025-07-23 18:28:40.649 DBG] [] Setting current directory to: G:\codesecondfolder\BRU-Avtopark-Avtobusov\SuperNova.Desktop\bin\Debug\net9.0
[2025-07-23 18:28:40.651 DBG] [] Current directory set successfully to: G:\codesecondfolder\BRU-Avtopark-Avtobusov\SuperNova.Desktop\bin\Debug\net9.0
[2025-07-23 18:28:40.652 DBG] [] Working directory fixed successfully
[2025-07-23 18:28:40.653 INF] [] Initiating safe Avalonia startup...
[2025-07-23 18:28:40.661 INF] [] === AVALONIA STARTUP PHASE ===
[2025-07-23 18:28:40.662 DBG] [] Building Avalonia application...
[2025-07-23 18:28:40.684 DBG] [] === BUILDING AVALONIA APP ===
[2025-07-23 18:28:40.685 DBG] [] Configuring base AppBuilder...
[2025-07-23 18:28:40.687 DBG] [] AppBuilder.Configure<App>() completed
[2025-07-23 18:28:40.688 DBG] [] Adding UsePlatformDetect()...
[2025-07-23 18:28:40.736 DBG] [] UsePlatformDetect() completed
[2025-07-23 18:28:40.737 DBG] [] Adding UseMessageBoxSounds()...
[2025-07-23 18:28:40.746 DBG] [] UseMessageBoxSounds() completed
[2025-07-23 18:28:40.748 DBG] [] Adding LogToTrace()...
[2025-07-23 18:28:40.750 DBG] [] LogToTrace() completed
[2025-07-23 18:28:40.751 DBG] [] Configuring fonts...
[2025-07-23 18:28:40.754 DBG] [] Font configuration completed
[2025-07-23 18:28:40.755 INF] [] Avalonia app builder configured successfully
[2025-07-23 18:28:40.757 DBG] [] Avalonia app builder created successfully
[2025-07-23 18:28:40.760 INF] [] Starting Avalonia with ClassicDesktopLifetime...
[2025-07-23 18:28:40.761 DBG] [] Arguments: 
[2025-07-23 18:28:40.763 DBG] [] Shutdown mode: OnExplicitShutdown
[2025-07-23 18:28:41.146 INF] [] TypeConverter protection system initialized
[2025-07-23 18:28:41.148 INF] [] String formatting protection initialized with InvariantCulture
[2025-07-23 18:30:16.557 INF] [] === APPLICATION STARTUP INITIATED ===
[2025-07-23 18:30:16.613 INF] [] Serilog logger initialized successfully
[2025-07-23 18:30:16.614 INF] [] Starting application with comprehensive stack overflow protection...
[2025-07-23 18:30:16.615 DBG] [] Fixing current working directory...
[2025-07-23 18:30:16.617 DBG] [] Fixing current working directory...
[2025-07-23 18:30:16.618 DBG] [] Process path: G:\codesecondfolder\BRU-Avtopark-Avtobusov\SuperNova.Desktop\bin\Debug\net9.0\SuperNova.Desktop.exe
[2025-07-23 18:30:16.621 DBG] [] Setting current directory to: G:\codesecondfolder\BRU-Avtopark-Avtobusov\SuperNova.Desktop\bin\Debug\net9.0
[2025-07-23 18:30:16.623 DBG] [] Current directory set successfully to: G:\codesecondfolder\BRU-Avtopark-Avtobusov\SuperNova.Desktop\bin\Debug\net9.0
[2025-07-23 18:30:16.624 DBG] [] Working directory fixed successfully
[2025-07-23 18:30:16.626 INF] [] Initiating safe Avalonia startup...
[2025-07-23 18:30:16.635 INF] [] === AVALONIA STARTUP PHASE ===
[2025-07-23 18:30:16.637 DBG] [] Building Avalonia application...
[2025-07-23 18:30:16.656 DBG] [] === BUILDING AVALONIA APP ===
[2025-07-23 18:30:16.658 DBG] [] Configuring base AppBuilder...
[2025-07-23 18:30:16.660 DBG] [] AppBuilder.Configure<App>() completed
[2025-07-23 18:30:16.662 DBG] [] Adding UsePlatformDetect()...
[2025-07-23 18:30:16.707 DBG] [] UsePlatformDetect() completed
[2025-07-23 18:30:16.708 DBG] [] Adding UseMessageBoxSounds()...
[2025-07-23 18:30:16.716 DBG] [] UseMessageBoxSounds() completed
[2025-07-23 18:30:16.718 DBG] [] Adding LogToTrace()...
[2025-07-23 18:30:16.721 DBG] [] LogToTrace() completed
[2025-07-23 18:30:16.722 DBG] [] Configuring fonts...
[2025-07-23 18:30:16.724 DBG] [] Font configuration completed
[2025-07-23 18:30:16.726 INF] [] Avalonia app builder configured successfully
[2025-07-23 18:30:16.727 DBG] [] Avalonia app builder created successfully
[2025-07-23 18:30:16.728 INF] [] Starting Avalonia with ClassicDesktopLifetime...
[2025-07-23 18:30:16.729 DBG] [] Arguments: 
[2025-07-23 18:30:16.731 DBG] [] Shutdown mode: OnExplicitShutdown
[2025-07-23 18:30:17.168 INF] [] TypeConverter protection system initialized
[2025-07-23 18:30:17.169 INF] [] String formatting protection initialized with InvariantCulture
[2025-07-23 18:35:44.084 INF] [] === APPLICATION STARTUP INITIATED ===
[2025-07-23 18:35:44.292 INF] [] Serilog logger initialized successfully
[2025-07-23 18:35:44.295 INF] [] Starting application with comprehensive stack overflow protection...
[2025-07-23 18:35:44.297 DBG] [] Fixing current working directory...
[2025-07-23 18:35:44.300 DBG] [] Fixing current working directory...
[2025-07-23 18:35:44.303 DBG] [] Process path: G:\codesecondfolder\BRU-Avtopark-Avtobusov\SuperNova.Desktop\bin\Debug\net9.0\SuperNova.Desktop.exe
[2025-07-23 18:35:44.306 DBG] [] Setting current directory to: G:\codesecondfolder\BRU-Avtopark-Avtobusov\SuperNova.Desktop\bin\Debug\net9.0
[2025-07-23 18:35:44.308 DBG] [] Current directory set successfully to: G:\codesecondfolder\BRU-Avtopark-Avtobusov\SuperNova.Desktop\bin\Debug\net9.0
[2025-07-23 18:35:44.309 DBG] [] Working directory fixed successfully
[2025-07-23 18:35:44.311 INF] [] Initiating safe Avalonia startup...
[2025-07-23 18:35:44.328 INF] [] === AVALONIA STARTUP PHASE ===
[2025-07-23 18:35:44.329 DBG] [] Building Avalonia application...
[2025-07-23 18:35:44.367 DBG] [] === BUILDING AVALONIA APP ===
[2025-07-23 18:35:44.368 DBG] [] Configuring base AppBuilder...
[2025-07-23 18:35:44.370 DBG] [] AppBuilder.Configure<App>() completed
[2025-07-23 18:35:44.371 DBG] [] Adding UsePlatformDetect()...
[2025-07-23 18:35:44.428 DBG] [] UsePlatformDetect() completed
[2025-07-23 18:35:44.430 DBG] [] Adding UseMessageBoxSounds()...
[2025-07-23 18:35:44.439 DBG] [] UseMessageBoxSounds() completed
[2025-07-23 18:35:44.441 DBG] [] Adding LogToTrace()...
[2025-07-23 18:35:44.443 DBG] [] LogToTrace() completed
[2025-07-23 18:35:44.445 DBG] [] Configuring fonts...
[2025-07-23 18:35:44.448 DBG] [] Font configuration completed
[2025-07-23 18:35:44.449 INF] [] Avalonia app builder configured successfully
[2025-07-23 18:35:44.451 DBG] [] Avalonia app builder created successfully
[2025-07-23 18:35:44.452 INF] [] Starting Avalonia with ClassicDesktopLifetime...
[2025-07-23 18:35:44.454 DBG] [] Arguments: 
[2025-07-23 18:35:44.456 DBG] [] Shutdown mode: OnExplicitShutdown
[2025-07-23 18:35:44.866 INF] [] TypeConverter protection system initialized
[2025-07-23 18:35:44.872 INF] [] String formatting protection initialized with InvariantCulture
[2025-07-23 18:40:09.020 INF] [] === APPLICATION STARTUP INITIATED ===
[2025-07-23 18:40:09.140 INF] [] Serilog logger initialized successfully
[2025-07-23 18:40:09.150 INF] [] Starting application with comprehensive stack overflow protection...
[2025-07-23 18:40:09.153 DBG] [] Fixing current working directory...
[2025-07-23 18:40:09.158 DBG] [] Fixing current working directory...
[2025-07-23 18:40:09.160 DBG] [] Process path: G:\codesecondfolder\BRU-Avtopark-Avtobusov\SuperNova.Desktop\bin\Debug\net9.0\SuperNova.Desktop.exe
[2025-07-23 18:40:09.164 DBG] [] Setting current directory to: G:\codesecondfolder\BRU-Avtopark-Avtobusov\SuperNova.Desktop\bin\Debug\net9.0
[2025-07-23 18:40:09.168 DBG] [] Current directory set successfully to: G:\codesecondfolder\BRU-Avtopark-Avtobusov\SuperNova.Desktop\bin\Debug\net9.0
[2025-07-23 18:40:09.172 DBG] [] Working directory fixed successfully
[2025-07-23 18:40:09.174 INF] [] Initiating safe Avalonia startup...
[2025-07-23 18:40:09.196 INF] [] === AVALONIA STARTUP PHASE ===
[2025-07-23 18:40:09.199 DBG] [] Building Avalonia application...
[2025-07-23 18:40:09.244 DBG] [] === BUILDING AVALONIA APP ===
[2025-07-23 18:40:09.245 DBG] [] Configuring base AppBuilder...
[2025-07-23 18:40:09.247 DBG] [] AppBuilder.Configure<App>() completed
[2025-07-23 18:40:09.248 DBG] [] Adding UsePlatformDetect()...
[2025-07-23 18:40:09.306 DBG] [] UsePlatformDetect() completed
[2025-07-23 18:40:09.308 DBG] [] Adding UseMessageBoxSounds()...
[2025-07-23 18:40:09.321 DBG] [] UseMessageBoxSounds() completed
[2025-07-23 18:40:09.323 DBG] [] Adding LogToTrace()...
[2025-07-23 18:40:09.325 DBG] [] LogToTrace() completed
[2025-07-23 18:40:09.326 DBG] [] Configuring fonts...
[2025-07-23 18:40:09.329 DBG] [] Font configuration completed
[2025-07-23 18:40:09.331 INF] [] Avalonia app builder configured successfully
[2025-07-23 18:40:09.333 DBG] [] Avalonia app builder created successfully
[2025-07-23 18:40:09.335 INF] [] Starting Avalonia with ClassicDesktopLifetime...
[2025-07-23 18:40:09.337 DBG] [] Arguments: 
[2025-07-23 18:40:09.339 DBG] [] Shutdown mode: OnExplicitShutdown
[2025-07-23 18:40:09.822 INF] [] TypeConverter protection system initialized
[2025-07-23 18:40:09.823 INF] [] String formatting protection initialized with InvariantCulture
[2025-07-23 18:42:40.365 INF] [] === APPLICATION STARTUP INITIATED ===
[2025-07-23 18:42:40.412 INF] [] Serilog logger initialized successfully
[2025-07-23 18:42:40.413 INF] [] Starting application with comprehensive stack overflow protection...
[2025-07-23 18:42:40.414 DBG] [] Fixing current working directory...
[2025-07-23 18:42:40.415 DBG] [] Fixing current working directory...
[2025-07-23 18:42:40.416 DBG] [] Process path: G:\codesecondfolder\BRU-Avtopark-Avtobusov\SuperNova.Desktop\bin\Debug\net9.0\SuperNova.Desktop.exe
[2025-07-23 18:42:40.418 DBG] [] Setting current directory to: G:\codesecondfolder\BRU-Avtopark-Avtobusov\SuperNova.Desktop\bin\Debug\net9.0
[2025-07-23 18:42:40.419 DBG] [] Current directory set successfully to: G:\codesecondfolder\BRU-Avtopark-Avtobusov\SuperNova.Desktop\bin\Debug\net9.0
[2025-07-23 18:42:40.420 DBG] [] Working directory fixed successfully
[2025-07-23 18:42:40.421 INF] [] Initiating safe Avalonia startup...
[2025-07-23 18:42:40.427 INF] [] === AVALONIA STARTUP PHASE ===
[2025-07-23 18:42:40.428 DBG] [] Building Avalonia application...
[2025-07-23 18:42:40.490 DBG] [] === BUILDING AVALONIA APP ===
[2025-07-23 18:42:40.491 DBG] [] Configuring base AppBuilder...
[2025-07-23 18:42:40.492 DBG] [] AppBuilder.Configure<App>() completed
[2025-07-23 18:42:40.493 DBG] [] Adding UsePlatformDetect()...
[2025-07-23 18:42:40.532 DBG] [] UsePlatformDetect() completed
[2025-07-23 18:42:40.533 DBG] [] Adding UseMessageBoxSounds()...
[2025-07-23 18:42:40.541 DBG] [] UseMessageBoxSounds() completed
[2025-07-23 18:42:40.542 DBG] [] Adding LogToTrace()...
[2025-07-23 18:42:40.544 DBG] [] LogToTrace() completed
[2025-07-23 18:42:40.545 DBG] [] Configuring fonts...
[2025-07-23 18:42:40.547 DBG] [] Font configuration completed
[2025-07-23 18:42:40.548 INF] [] Avalonia app builder configured successfully
[2025-07-23 18:42:40.549 DBG] [] Avalonia app builder created successfully
[2025-07-23 18:42:40.550 INF] [] Starting Avalonia with ClassicDesktopLifetime...
[2025-07-23 18:42:40.551 DBG] [] Arguments: 
[2025-07-23 18:42:40.552 DBG] [] Shutdown mode: OnExplicitShutdown
[2025-07-23 18:42:41.018 INF] [] TypeConverter protection system initialized
[2025-07-23 18:42:41.021 INF] [] String formatting protection initialized with InvariantCulture
[2025-07-23 18:45:58.505 INF] [] === APPLICATION STARTUP INITIATED ===
[2025-07-23 18:45:58.571 INF] [] Serilog logger initialized successfully
[2025-07-23 18:45:58.573 INF] [] Starting application with comprehensive stack overflow protection...
[2025-07-23 18:45:58.575 DBG] [] Fixing current working directory...
[2025-07-23 18:45:58.577 DBG] [] Fixing current working directory...
[2025-07-23 18:45:58.578 DBG] [] Process path: G:\codesecondfolder\BRU-Avtopark-Avtobusov\SuperNova.Desktop\bin\Debug\net9.0\SuperNova.Desktop.exe
[2025-07-23 18:45:58.581 DBG] [] Setting current directory to: G:\codesecondfolder\BRU-Avtopark-Avtobusov\SuperNova.Desktop\bin\Debug\net9.0
[2025-07-23 18:45:58.582 DBG] [] Current directory set successfully to: G:\codesecondfolder\BRU-Avtopark-Avtobusov\SuperNova.Desktop\bin\Debug\net9.0
[2025-07-23 18:45:58.583 DBG] [] Working directory fixed successfully
[2025-07-23 18:45:58.584 INF] [] Initiating safe Avalonia startup...
[2025-07-23 18:45:58.597 INF] [] === AVALONIA STARTUP PHASE ===
[2025-07-23 18:45:58.598 DBG] [] Building Avalonia application...
[2025-07-23 18:45:58.661 DBG] [] === BUILDING AVALONIA APP ===
[2025-07-23 18:45:58.663 DBG] [] Configuring base AppBuilder...
[2025-07-23 18:45:58.664 DBG] [] AppBuilder.Configure<App>() completed
[2025-07-23 18:45:58.665 DBG] [] Adding UsePlatformDetect()...
[2025-07-23 18:45:58.739 DBG] [] UsePlatformDetect() completed
[2025-07-23 18:45:58.741 DBG] [] Adding UseMessageBoxSounds()...
[2025-07-23 18:45:58.764 DBG] [] UseMessageBoxSounds() completed
[2025-07-23 18:45:58.792 DBG] [] Adding LogToTrace()...
[2025-07-23 18:45:58.798 DBG] [] LogToTrace() completed
[2025-07-23 18:45:58.807 DBG] [] Configuring fonts...
[2025-07-23 18:45:58.813 DBG] [] Font configuration completed
[2025-07-23 18:45:58.815 INF] [] Avalonia app builder configured successfully
[2025-07-23 18:45:58.817 DBG] [] Avalonia app builder created successfully
[2025-07-23 18:45:58.819 INF] [] Starting Avalonia with ClassicDesktopLifetime...
[2025-07-23 18:45:58.820 DBG] [] Arguments: 
[2025-07-23 18:45:58.821 DBG] [] Shutdown mode: OnExplicitShutdown
[2025-07-23 18:45:59.277 INF] [] TypeConverter protection system initialized
[2025-07-23 18:45:59.278 INF] [] String formatting protection initialized with InvariantCulture
[2025-07-23 18:49:06.250 INF] [] === APPLICATION STARTUP INITIATED ===
[2025-07-23 18:49:06.330 INF] [] Serilog logger initialized successfully
[2025-07-23 18:49:06.333 INF] [] Starting application with comprehensive stack overflow protection...
[2025-07-23 18:49:06.335 DBG] [] Fixing current working directory...
[2025-07-23 18:49:06.336 DBG] [] Fixing current working directory...
[2025-07-23 18:49:06.341 DBG] [] Process path: G:\codesecondfolder\BRU-Avtopark-Avtobusov\SuperNova.Desktop\bin\Debug\net9.0\SuperNova.Desktop.exe
[2025-07-23 18:49:06.353 DBG] [] Setting current directory to: G:\codesecondfolder\BRU-Avtopark-Avtobusov\SuperNova.Desktop\bin\Debug\net9.0
[2025-07-23 18:49:06.355 DBG] [] Current directory set successfully to: G:\codesecondfolder\BRU-Avtopark-Avtobusov\SuperNova.Desktop\bin\Debug\net9.0
[2025-07-23 18:49:06.357 DBG] [] Working directory fixed successfully
[2025-07-23 18:49:06.361 INF] [] Initiating safe Avalonia startup...
[2025-07-23 18:49:06.470 INF] [] === AVALONIA STARTUP PHASE ===
[2025-07-23 18:49:06.471 DBG] [] Building Avalonia application...
[2025-07-23 18:49:06.494 DBG] [] === BUILDING AVALONIA APP ===
[2025-07-23 18:49:06.496 DBG] [] Configuring base AppBuilder...
[2025-07-23 18:49:06.499 DBG] [] AppBuilder.Configure<App>() completed
[2025-07-23 18:49:06.501 DBG] [] Adding UsePlatformDetect()...
[2025-07-23 18:49:06.563 DBG] [] UsePlatformDetect() completed
[2025-07-23 18:49:06.565 DBG] [] Adding UseMessageBoxSounds()...
[2025-07-23 18:49:06.576 DBG] [] UseMessageBoxSounds() completed
[2025-07-23 18:49:06.577 DBG] [] Adding LogToTrace()...
[2025-07-23 18:49:06.579 DBG] [] LogToTrace() completed
[2025-07-23 18:49:06.581 DBG] [] Configuring fonts...
[2025-07-23 18:49:06.583 DBG] [] Font configuration completed
[2025-07-23 18:49:06.585 INF] [] Avalonia app builder configured successfully
[2025-07-23 18:49:06.586 DBG] [] Avalonia app builder created successfully
[2025-07-23 18:49:06.587 INF] [] Starting Avalonia with ClassicDesktopLifetime...
[2025-07-23 18:49:06.588 DBG] [] Arguments: 
[2025-07-23 18:49:06.589 DBG] [] Shutdown mode: OnExplicitShutdown
[2025-07-23 18:49:07.087 INF] [] TypeConverter protection system initialized
[2025-07-23 18:49:07.090 INF] [] String formatting protection initialized with InvariantCulture
[2025-07-23 18:50:55.172 INF] [] === APPLICATION STARTUP INITIATED ===
[2025-07-23 18:50:55.239 INF] [] Serilog logger initialized successfully
[2025-07-23 18:50:55.242 INF] [] Starting application with comprehensive stack overflow protection...
[2025-07-23 18:50:55.243 DBG] [] Fixing current working directory...
[2025-07-23 18:50:55.246 DBG] [] Fixing current working directory...
[2025-07-23 18:50:55.248 DBG] [] Process path: G:\codesecondfolder\BRU-Avtopark-Avtobusov\SuperNova.Desktop\bin\Debug\net9.0\SuperNova.Desktop.exe
[2025-07-23 18:50:55.252 DBG] [] Setting current directory to: G:\codesecondfolder\BRU-Avtopark-Avtobusov\SuperNova.Desktop\bin\Debug\net9.0
[2025-07-23 18:50:55.255 DBG] [] Current directory set successfully to: G:\codesecondfolder\BRU-Avtopark-Avtobusov\SuperNova.Desktop\bin\Debug\net9.0
[2025-07-23 18:50:55.257 DBG] [] Working directory fixed successfully
[2025-07-23 18:50:55.259 INF] [] Initiating safe Avalonia startup...
[2025-07-23 18:50:55.268 INF] [] === AVALONIA STARTUP PHASE ===
[2025-07-23 18:50:55.269 DBG] [] Building Avalonia application...
[2025-07-23 18:50:55.304 DBG] [] === BUILDING AVALONIA APP ===
[2025-07-23 18:50:55.306 DBG] [] Configuring base AppBuilder...
[2025-07-23 18:50:55.309 DBG] [] AppBuilder.Configure<App>() completed
[2025-07-23 18:50:55.311 DBG] [] Adding UsePlatformDetect()...
[2025-07-23 18:50:55.372 DBG] [] UsePlatformDetect() completed
[2025-07-23 18:50:55.374 DBG] [] Adding UseMessageBoxSounds()...
[2025-07-23 18:50:55.383 DBG] [] UseMessageBoxSounds() completed
[2025-07-23 18:50:55.385 DBG] [] Adding LogToTrace()...
[2025-07-23 18:50:55.387 DBG] [] LogToTrace() completed
[2025-07-23 18:50:55.388 DBG] [] Configuring fonts...
[2025-07-23 18:50:55.391 DBG] [] Font configuration completed
[2025-07-23 18:50:55.393 INF] [] Avalonia app builder configured successfully
[2025-07-23 18:50:55.395 DBG] [] Avalonia app builder created successfully
[2025-07-23 18:50:55.397 INF] [] Starting Avalonia with ClassicDesktopLifetime...
[2025-07-23 18:50:55.398 DBG] [] Arguments: 
[2025-07-23 18:50:55.399 DBG] [] Shutdown mode: OnExplicitShutdown
[2025-07-23 18:50:56.040 INF] [] TypeConverter protection system initialized
[2025-07-23 18:50:56.041 INF] [] String formatting protection initialized with InvariantCulture
[2025-07-23 18:52:23.514 INF] [] === APPLICATION STARTUP INITIATED ===
[2025-07-23 18:52:23.594 INF] [] Serilog logger initialized successfully
[2025-07-23 18:52:23.595 INF] [] Starting application with comprehensive stack overflow protection...
[2025-07-23 18:52:23.597 DBG] [] Fixing current working directory...
[2025-07-23 18:52:23.598 DBG] [] Fixing current working directory...
[2025-07-23 18:52:23.600 DBG] [] Process path: G:\codesecondfolder\BRU-Avtopark-Avtobusov\SuperNova.Desktop\bin\Debug\net9.0\SuperNova.Desktop.exe
[2025-07-23 18:52:23.603 DBG] [] Setting current directory to: G:\codesecondfolder\BRU-Avtopark-Avtobusov\SuperNova.Desktop\bin\Debug\net9.0
[2025-07-23 18:52:23.605 DBG] [] Current directory set successfully to: G:\codesecondfolder\BRU-Avtopark-Avtobusov\SuperNova.Desktop\bin\Debug\net9.0
[2025-07-23 18:52:23.607 DBG] [] Working directory fixed successfully
[2025-07-23 18:52:23.608 INF] [] Initiating safe Avalonia startup...
[2025-07-23 18:52:23.621 INF] [] === AVALONIA STARTUP PHASE ===
[2025-07-23 18:52:23.622 DBG] [] Building Avalonia application...
[2025-07-23 18:52:23.685 DBG] [] === BUILDING AVALONIA APP ===
[2025-07-23 18:52:23.694 DBG] [] Configuring base AppBuilder...
[2025-07-23 18:52:23.701 DBG] [] AppBuilder.Configure<App>() completed
[2025-07-23 18:52:23.706 DBG] [] Adding UsePlatformDetect()...
[2025-07-23 18:52:23.807 DBG] [] UsePlatformDetect() completed
[2025-07-23 18:52:23.809 DBG] [] Adding UseMessageBoxSounds()...
[2025-07-23 18:52:23.820 DBG] [] UseMessageBoxSounds() completed
[2025-07-23 18:52:23.822 DBG] [] Adding LogToTrace()...
[2025-07-23 18:52:23.823 DBG] [] LogToTrace() completed
[2025-07-23 18:52:23.826 DBG] [] Configuring fonts...
[2025-07-23 18:52:23.828 DBG] [] Font configuration completed
[2025-07-23 18:52:23.829 INF] [] Avalonia app builder configured successfully
[2025-07-23 18:52:23.830 DBG] [] Avalonia app builder created successfully
[2025-07-23 18:52:23.831 INF] [] Starting Avalonia with ClassicDesktopLifetime...
[2025-07-23 18:52:23.832 DBG] [] Arguments: 
[2025-07-23 18:52:23.834 DBG] [] Shutdown mode: OnExplicitShutdown
[2025-07-23 18:52:24.265 INF] [] TypeConverter protection system initialized
[2025-07-23 18:52:24.267 INF] [] String formatting protection initialized with InvariantCulture
[2025-07-23 18:57:02.393 INF] [] === APPLICATION STARTUP INITIATED ===
[2025-07-23 18:57:02.673 INF] [] Serilog logger initialized successfully
[2025-07-23 18:57:02.677 INF] [] Starting application with comprehensive stack overflow protection...
[2025-07-23 18:57:02.680 DBG] [] Fixing current working directory...
[2025-07-23 18:57:02.686 DBG] [] Fixing current working directory...
[2025-07-23 18:57:02.695 DBG] [] Process path: G:\codesecondfolder\BRU-Avtopark-Avtobusov\SuperNova.Desktop\bin\Debug\net9.0\SuperNova.Desktop.exe
[2025-07-23 18:57:02.703 DBG] [] Setting current directory to: G:\codesecondfolder\BRU-Avtopark-Avtobusov\SuperNova.Desktop\bin\Debug\net9.0
[2025-07-23 18:57:02.705 DBG] [] Current directory set successfully to: G:\codesecondfolder\BRU-Avtopark-Avtobusov\SuperNova.Desktop\bin\Debug\net9.0
[2025-07-23 18:57:02.707 DBG] [] Working directory fixed successfully
[2025-07-23 18:57:02.708 INF] [] Initiating safe Avalonia startup...
[2025-07-23 18:57:02.734 INF] [] === AVALONIA STARTUP PHASE ===
[2025-07-23 18:57:02.735 DBG] [] Building Avalonia application...
[2025-07-23 18:57:02.753 DBG] [] === BUILDING AVALONIA APP ===
[2025-07-23 18:57:02.754 DBG] [] Configuring base AppBuilder...
[2025-07-23 18:57:02.755 DBG] [] AppBuilder.Configure<App>() completed
[2025-07-23 18:57:02.756 DBG] [] Adding UsePlatformDetect()...
[2025-07-23 18:57:02.833 DBG] [] UsePlatformDetect() completed
[2025-07-23 18:57:02.837 DBG] [] Adding UseMessageBoxSounds()...
[2025-07-23 18:57:02.860 DBG] [] UseMessageBoxSounds() completed
[2025-07-23 18:57:02.866 DBG] [] Adding LogToTrace()...
[2025-07-23 18:57:02.867 DBG] [] LogToTrace() completed
[2025-07-23 18:57:02.868 DBG] [] Configuring fonts...
[2025-07-23 18:57:02.870 DBG] [] Font configuration completed
[2025-07-23 18:57:02.871 INF] [] Avalonia app builder configured successfully
[2025-07-23 18:57:02.872 DBG] [] Avalonia app builder created successfully
[2025-07-23 18:57:02.873 INF] [] Starting Avalonia with ClassicDesktopLifetime...
[2025-07-23 18:57:02.874 DBG] [] Arguments: 
[2025-07-23 18:57:02.879 DBG] [] Shutdown mode: OnExplicitShutdown
[2025-07-23 18:57:03.599 INF] [] TypeConverter protection system initialized
[2025-07-23 18:57:03.601 INF] [] String formatting protection initialized with InvariantCulture
[2025-07-23 18:58:06.157 INF] [] === APPLICATION STARTUP INITIATED ===
[2025-07-23 18:58:06.221 INF] [] Serilog logger initialized successfully
[2025-07-23 18:58:06.223 INF] [] Starting application with comprehensive stack overflow protection...
[2025-07-23 18:58:06.226 DBG] [] Fixing current working directory...
[2025-07-23 18:58:06.227 DBG] [] Fixing current working directory...
[2025-07-23 18:58:06.229 DBG] [] Process path: G:\codesecondfolder\BRU-Avtopark-Avtobusov\SuperNova.Desktop\bin\Debug\net9.0\SuperNova.Desktop.exe
[2025-07-23 18:58:06.233 DBG] [] Setting current directory to: G:\codesecondfolder\BRU-Avtopark-Avtobusov\SuperNova.Desktop\bin\Debug\net9.0
[2025-07-23 18:58:06.235 DBG] [] Current directory set successfully to: G:\codesecondfolder\BRU-Avtopark-Avtobusov\SuperNova.Desktop\bin\Debug\net9.0
[2025-07-23 18:58:06.237 DBG] [] Working directory fixed successfully
[2025-07-23 18:58:06.238 INF] [] Initiating safe Avalonia startup...
[2025-07-23 18:58:06.247 INF] [] === AVALONIA STARTUP PHASE ===
[2025-07-23 18:58:06.248 DBG] [] Building Avalonia application...
[2025-07-23 18:58:06.273 DBG] [] === BUILDING AVALONIA APP ===
[2025-07-23 18:58:06.274 DBG] [] Configuring base AppBuilder...
[2025-07-23 18:58:06.275 DBG] [] AppBuilder.Configure<App>() completed
[2025-07-23 18:58:06.277 DBG] [] Adding UsePlatformDetect()...
[2025-07-23 18:58:06.318 DBG] [] UsePlatformDetect() completed
[2025-07-23 18:58:06.320 DBG] [] Adding UseMessageBoxSounds()...
[2025-07-23 18:58:06.328 DBG] [] UseMessageBoxSounds() completed
[2025-07-23 18:58:06.329 DBG] [] Adding LogToTrace()...
[2025-07-23 18:58:06.331 DBG] [] LogToTrace() completed
[2025-07-23 18:58:06.332 DBG] [] Configuring fonts...
[2025-07-23 18:58:06.334 DBG] [] Font configuration completed
[2025-07-23 18:58:06.335 INF] [] Avalonia app builder configured successfully
[2025-07-23 18:58:06.336 DBG] [] Avalonia app builder created successfully
[2025-07-23 18:58:06.338 INF] [] Starting Avalonia with ClassicDesktopLifetime...
[2025-07-23 18:58:06.340 DBG] [] Arguments: 
[2025-07-23 18:58:06.342 DBG] [] Shutdown mode: OnExplicitShutdown
[2025-07-23 18:58:06.888 INF] [] TypeConverter protection system initialized
[2025-07-23 18:58:06.901 INF] [] String formatting protection initialized with InvariantCulture
[2025-07-23 19:00:05.896 INF] [] === APPLICATION STARTUP INITIATED ===
[2025-07-23 19:00:06.062 INF] [] Serilog logger initialized successfully
[2025-07-23 19:00:06.064 INF] [] Starting application with comprehensive stack overflow protection...
[2025-07-23 19:00:06.065 DBG] [] Fixing current working directory...
[2025-07-23 19:00:06.074 DBG] [] Fixing current working directory...
[2025-07-23 19:00:06.078 DBG] [] Process path: G:\codesecondfolder\BRU-Avtopark-Avtobusov\SuperNova.Desktop\bin\Debug\net9.0\SuperNova.Desktop.exe
[2025-07-23 19:00:06.083 DBG] [] Setting current directory to: G:\codesecondfolder\BRU-Avtopark-Avtobusov\SuperNova.Desktop\bin\Debug\net9.0
[2025-07-23 19:00:06.084 DBG] [] Current directory set successfully to: G:\codesecondfolder\BRU-Avtopark-Avtobusov\SuperNova.Desktop\bin\Debug\net9.0
[2025-07-23 19:00:06.085 DBG] [] Working directory fixed successfully
[2025-07-23 19:00:06.086 INF] [] Initiating safe Avalonia startup...
[2025-07-23 19:00:06.097 INF] [] === AVALONIA STARTUP PHASE ===
[2025-07-23 19:00:06.098 DBG] [] Building Avalonia application...
[2025-07-23 19:00:06.130 DBG] [] === BUILDING AVALONIA APP ===
[2025-07-23 19:00:06.131 DBG] [] Configuring base AppBuilder...
[2025-07-23 19:00:06.132 DBG] [] AppBuilder.Configure<App>() completed
[2025-07-23 19:00:06.134 DBG] [] Adding UsePlatformDetect()...
[2025-07-23 19:00:06.320 DBG] [] UsePlatformDetect() completed
[2025-07-23 19:00:06.324 DBG] [] Adding UseMessageBoxSounds()...
[2025-07-23 19:00:06.336 DBG] [] UseMessageBoxSounds() completed
[2025-07-23 19:00:06.338 DBG] [] Adding LogToTrace()...
[2025-07-23 19:00:06.340 DBG] [] LogToTrace() completed
[2025-07-23 19:00:06.343 DBG] [] Configuring fonts...
[2025-07-23 19:00:06.346 DBG] [] Font configuration completed
[2025-07-23 19:00:06.348 INF] [] Avalonia app builder configured successfully
[2025-07-23 19:00:06.351 DBG] [] Avalonia app builder created successfully
[2025-07-23 19:00:06.354 INF] [] Starting Avalonia with ClassicDesktopLifetime...
[2025-07-23 19:00:06.356 DBG] [] Arguments: 
[2025-07-23 19:00:06.358 DBG] [] Shutdown mode: OnExplicitShutdown
[2025-07-23 19:00:06.791 INF] [] TypeConverter protection system initialized
[2025-07-23 19:00:06.795 INF] [] String formatting protection initialized with InvariantCulture
[2025-07-23 19:08:33.822 INF] [] === APPLICATION STARTUP INITIATED ===
[2025-07-23 19:08:33.934 INF] [] Serilog logger initialized successfully
[2025-07-23 19:08:33.936 INF] [] Starting application with comprehensive stack overflow protection...
[2025-07-23 19:08:33.938 DBG] [] Fixing current working directory...
[2025-07-23 19:08:33.939 DBG] [] Fixing current working directory...
[2025-07-23 19:08:33.941 DBG] [] Process path: G:\codesecondfolder\BRU-Avtopark-Avtobusov\SuperNova.Desktop\bin\Debug\net9.0\SuperNova.Desktop.exe
[2025-07-23 19:08:33.944 DBG] [] Setting current directory to: G:\codesecondfolder\BRU-Avtopark-Avtobusov\SuperNova.Desktop\bin\Debug\net9.0
[2025-07-23 19:08:33.945 DBG] [] Current directory set successfully to: G:\codesecondfolder\BRU-Avtopark-Avtobusov\SuperNova.Desktop\bin\Debug\net9.0
[2025-07-23 19:08:33.946 DBG] [] Working directory fixed successfully
[2025-07-23 19:08:33.948 INF] [] Initiating safe Avalonia startup...
[2025-07-23 19:08:33.973 INF] [] === AVALONIA STARTUP PHASE ===
[2025-07-23 19:08:33.975 DBG] [] Building Avalonia application...
[2025-07-23 19:08:34.117 DBG] [] === BUILDING AVALONIA APP ===
[2025-07-23 19:08:34.119 DBG] [] Configuring base AppBuilder...
[2025-07-23 19:08:34.122 DBG] [] AppBuilder.Configure<App>() completed
[2025-07-23 19:08:34.123 DBG] [] Adding UsePlatformDetect()...
[2025-07-23 19:08:34.198 DBG] [] UsePlatformDetect() completed
[2025-07-23 19:08:34.199 DBG] [] Adding UseMessageBoxSounds()...
[2025-07-23 19:08:34.207 DBG] [] UseMessageBoxSounds() completed
[2025-07-23 19:08:34.208 DBG] [] Adding LogToTrace()...
[2025-07-23 19:08:34.210 DBG] [] LogToTrace() completed
[2025-07-23 19:08:34.211 DBG] [] Configuring fonts...
[2025-07-23 19:08:34.212 DBG] [] Font configuration completed
[2025-07-23 19:08:34.213 INF] [] Avalonia app builder configured successfully
[2025-07-23 19:08:34.215 DBG] [] Avalonia app builder created successfully
[2025-07-23 19:08:34.216 INF] [] Starting Avalonia with ClassicDesktopLifetime...
[2025-07-23 19:08:34.217 DBG] [] Arguments: 
[2025-07-23 19:08:34.218 DBG] [] Shutdown mode: OnExplicitShutdown
[2025-07-23 19:08:35.638 INF] [] TypeConverter protection system initialized
[2025-07-23 19:08:35.640 INF] [] String formatting protection initialized with InvariantCulture
[2025-07-23 19:09:19.730 INF] [] === APPLICATION STARTUP INITIATED ===
[2025-07-23 19:09:19.789 INF] [] Serilog logger initialized successfully
[2025-07-23 19:09:19.792 INF] [] Starting application with comprehensive stack overflow protection...
[2025-07-23 19:09:19.794 DBG] [] Fixing current working directory...
[2025-07-23 19:09:19.796 DBG] [] Fixing current working directory...
[2025-07-23 19:09:19.799 DBG] [] Process path: G:\codesecondfolder\BRU-Avtopark-Avtobusov\SuperNova.Desktop\bin\Debug\net9.0\SuperNova.Desktop.exe
[2025-07-23 19:09:19.803 DBG] [] Setting current directory to: G:\codesecondfolder\BRU-Avtopark-Avtobusov\SuperNova.Desktop\bin\Debug\net9.0
[2025-07-23 19:09:19.805 DBG] [] Current directory set successfully to: G:\codesecondfolder\BRU-Avtopark-Avtobusov\SuperNova.Desktop\bin\Debug\net9.0
[2025-07-23 19:09:19.808 DBG] [] Working directory fixed successfully
[2025-07-23 19:09:19.809 INF] [] Initiating safe Avalonia startup...
[2025-07-23 19:09:19.822 INF] [] === AVALONIA STARTUP PHASE ===
[2025-07-23 19:09:19.824 DBG] [] Building Avalonia application...
[2025-07-23 19:09:19.861 DBG] [] === BUILDING AVALONIA APP ===
[2025-07-23 19:09:19.863 DBG] [] Configuring base AppBuilder...
[2025-07-23 19:09:19.866 DBG] [] AppBuilder.Configure<App>() completed
[2025-07-23 19:09:19.871 DBG] [] Adding UsePlatformDetect()...
[2025-07-23 19:09:19.942 DBG] [] UsePlatformDetect() completed
[2025-07-23 19:09:19.944 DBG] [] Adding UseMessageBoxSounds()...
[2025-07-23 19:09:19.954 DBG] [] UseMessageBoxSounds() completed
[2025-07-23 19:09:19.956 DBG] [] Adding LogToTrace()...
[2025-07-23 19:09:19.959 DBG] [] LogToTrace() completed
[2025-07-23 19:09:19.961 DBG] [] Configuring fonts...
[2025-07-23 19:09:19.963 DBG] [] Font configuration completed
[2025-07-23 19:09:19.964 INF] [] Avalonia app builder configured successfully
[2025-07-23 19:09:19.966 DBG] [] Avalonia app builder created successfully
[2025-07-23 19:09:19.968 INF] [] Starting Avalonia with ClassicDesktopLifetime...
[2025-07-23 19:09:19.969 DBG] [] Arguments: 
[2025-07-23 19:09:19.970 DBG] [] Shutdown mode: OnExplicitShutdown
[2025-07-23 19:09:20.582 INF] [] TypeConverter protection system initialized
[2025-07-23 19:09:20.584 INF] [] String formatting protection initialized with InvariantCulture
[2025-07-23 19:15:22.148 INF] [] === APPLICATION STARTUP INITIATED ===
[2025-07-23 19:15:22.207 INF] [] Serilog logger initialized successfully
[2025-07-23 19:15:22.209 INF] [] Starting application with comprehensive stack overflow protection...
[2025-07-23 19:15:22.210 DBG] [] Fixing current working directory...
[2025-07-23 19:15:22.212 DBG] [] Fixing current working directory...
[2025-07-23 19:15:22.214 DBG] [] Process path: G:\codesecondfolder\BRU-Avtopark-Avtobusov\SuperNova.Desktop\bin\Debug\net9.0\SuperNova.Desktop.exe
[2025-07-23 19:15:22.216 DBG] [] Setting current directory to: G:\codesecondfolder\BRU-Avtopark-Avtobusov\SuperNova.Desktop\bin\Debug\net9.0
[2025-07-23 19:15:22.219 DBG] [] Current directory set successfully to: G:\codesecondfolder\BRU-Avtopark-Avtobusov\SuperNova.Desktop\bin\Debug\net9.0
[2025-07-23 19:15:22.222 DBG] [] Working directory fixed successfully
[2025-07-23 19:15:22.223 INF] [] Initiating safe Avalonia startup...
[2025-07-23 19:15:22.232 INF] [] === AVALONIA STARTUP PHASE ===
[2025-07-23 19:15:22.234 DBG] [] Building Avalonia application...
[2025-07-23 19:15:22.252 DBG] [] === BUILDING AVALONIA APP ===
[2025-07-23 19:15:22.253 DBG] [] Configuring base AppBuilder...
[2025-07-23 19:15:22.254 DBG] [] AppBuilder.Configure<App>() completed
[2025-07-23 19:15:22.255 DBG] [] Adding UsePlatformDetect()...
[2025-07-23 19:15:22.298 DBG] [] UsePlatformDetect() completed
[2025-07-23 19:15:22.300 DBG] [] Adding UseMessageBoxSounds()...
[2025-07-23 19:15:22.308 DBG] [] UseMessageBoxSounds() completed
[2025-07-23 19:15:22.309 DBG] [] Adding LogToTrace()...
[2025-07-23 19:15:22.311 DBG] [] LogToTrace() completed
[2025-07-23 19:15:22.313 DBG] [] Configuring fonts...
[2025-07-23 19:15:22.315 DBG] [] Font configuration completed
[2025-07-23 19:15:22.317 INF] [] Avalonia app builder configured successfully
[2025-07-23 19:15:22.318 DBG] [] Avalonia app builder created successfully
[2025-07-23 19:15:22.320 INF] [] Starting Avalonia with ClassicDesktopLifetime...
[2025-07-23 19:15:22.322 DBG] [] Arguments: 
[2025-07-23 19:15:22.324 DBG] [] Shutdown mode: OnExplicitShutdown
[2025-07-23 19:15:22.698 INF] [] TypeConverter protection system initialized
[2025-07-23 19:15:22.699 INF] [] String formatting protection initialized with InvariantCulture
[2025-07-23 19:24:18.211 INF] [] === APPLICATION STARTUP INITIATED ===
[2025-07-23 19:24:18.268 INF] [] Serilog logger initialized successfully
[2025-07-23 19:24:18.270 INF] [] Starting application with comprehensive stack overflow protection...
[2025-07-23 19:24:18.271 DBG] [] Fixing current working directory...
[2025-07-23 19:24:18.272 DBG] [] Fixing current working directory...
[2025-07-23 19:24:18.274 DBG] [] Process path: G:\codesecondfolder\BRU-Avtopark-Avtobusov\SuperNova.Desktop\bin\Debug\net9.0\SuperNova.Desktop.exe
[2025-07-23 19:24:18.276 DBG] [] Setting current directory to: G:\codesecondfolder\BRU-Avtopark-Avtobusov\SuperNova.Desktop\bin\Debug\net9.0
[2025-07-23 19:24:18.277 DBG] [] Current directory set successfully to: G:\codesecondfolder\BRU-Avtopark-Avtobusov\SuperNova.Desktop\bin\Debug\net9.0
[2025-07-23 19:24:18.278 DBG] [] Working directory fixed successfully
[2025-07-23 19:24:18.279 INF] [] Initiating safe Avalonia startup...
[2025-07-23 19:24:18.286 INF] [] === AVALONIA STARTUP PHASE ===
[2025-07-23 19:24:18.287 DBG] [] Building Avalonia application...
[2025-07-23 19:24:18.316 DBG] [] === BUILDING AVALONIA APP ===
[2025-07-23 19:24:18.318 DBG] [] Configuring base AppBuilder...
[2025-07-23 19:24:18.320 DBG] [] AppBuilder.Configure<App>() completed
[2025-07-23 19:24:18.322 DBG] [] Adding UsePlatformDetect()...
[2025-07-23 19:24:18.369 DBG] [] UsePlatformDetect() completed
[2025-07-23 19:24:18.371 DBG] [] Adding UseMessageBoxSounds()...
[2025-07-23 19:24:18.380 DBG] [] UseMessageBoxSounds() completed
[2025-07-23 19:24:18.381 DBG] [] Adding LogToTrace()...
[2025-07-23 19:24:18.383 DBG] [] LogToTrace() completed
[2025-07-23 19:24:18.385 DBG] [] Configuring fonts...
[2025-07-23 19:24:18.387 DBG] [] Font configuration completed
[2025-07-23 19:24:18.388 INF] [] Avalonia app builder configured successfully
[2025-07-23 19:24:18.389 DBG] [] Avalonia app builder created successfully
[2025-07-23 19:24:18.391 INF] [] Starting Avalonia with ClassicDesktopLifetime...
[2025-07-23 19:24:18.393 DBG] [] Arguments: 
[2025-07-23 19:24:18.394 DBG] [] Shutdown mode: OnExplicitShutdown
[2025-07-23 19:24:18.863 INF] [] TypeConverter protection system initialized
[2025-07-23 19:24:18.864 INF] [] String formatting protection initialized with InvariantCulture
[2025-07-23 19:39:50.411 INF] [] === APPLICATION STARTUP INITIATED ===
[2025-07-23 19:39:50.572 INF] [] Serilog logger initialized successfully
[2025-07-23 19:39:50.574 INF] [] Starting application with comprehensive stack overflow protection...
[2025-07-23 19:39:50.576 DBG] [] Fixing current working directory...
[2025-07-23 19:39:50.579 DBG] [] Fixing current working directory...
[2025-07-23 19:39:50.581 DBG] [] Process path: G:\codesecondfolder\BRU-Avtopark-Avtobusov\SuperNova.Desktop\bin\Debug\net9.0\SuperNova.Desktop.exe
[2025-07-23 19:39:50.585 DBG] [] Setting current directory to: G:\codesecondfolder\BRU-Avtopark-Avtobusov\SuperNova.Desktop\bin\Debug\net9.0
[2025-07-23 19:39:50.588 DBG] [] Current directory set successfully to: G:\codesecondfolder\BRU-Avtopark-Avtobusov\SuperNova.Desktop\bin\Debug\net9.0
[2025-07-23 19:39:50.589 DBG] [] Working directory fixed successfully
[2025-07-23 19:39:50.591 INF] [] Initiating safe Avalonia startup...
[2025-07-23 19:39:50.620 INF] [] === AVALONIA STARTUP PHASE ===
[2025-07-23 19:39:50.621 DBG] [] Building Avalonia application...
[2025-07-23 19:39:50.663 DBG] [] === BUILDING AVALONIA APP ===
[2025-07-23 19:39:50.665 DBG] [] Configuring base AppBuilder...
[2025-07-23 19:39:50.668 DBG] [] AppBuilder.Configure<App>() completed
[2025-07-23 19:39:50.670 DBG] [] Adding UsePlatformDetect()...
[2025-07-23 19:39:50.740 DBG] [] UsePlatformDetect() completed
[2025-07-23 19:39:50.741 DBG] [] Adding UseMessageBoxSounds()...
[2025-07-23 19:39:50.752 DBG] [] UseMessageBoxSounds() completed
[2025-07-23 19:39:50.753 DBG] [] Adding LogToTrace()...
[2025-07-23 19:39:50.755 DBG] [] LogToTrace() completed
[2025-07-23 19:39:50.756 DBG] [] Configuring fonts...
[2025-07-23 19:39:50.758 DBG] [] Font configuration completed
[2025-07-23 19:39:50.760 INF] [] Avalonia app builder configured successfully
[2025-07-23 19:39:50.761 DBG] [] Avalonia app builder created successfully
[2025-07-23 19:39:50.762 INF] [] Starting Avalonia with ClassicDesktopLifetime...
[2025-07-23 19:39:50.764 DBG] [] Arguments: 
[2025-07-23 19:39:50.765 DBG] [] Shutdown mode: OnExplicitShutdown
[2025-07-23 19:39:51.551 INF] [] TypeConverter protection system initialized
[2025-07-23 19:39:51.554 INF] [] String formatting protection initialized with InvariantCulture
[2025-07-23 20:02:52.018 INF] [] === APPLICATION STARTUP INITIATED ===
[2025-07-23 20:02:52.072 INF] [] Serilog logger initialized successfully
[2025-07-23 20:02:52.073 INF] [] Starting application with comprehensive stack overflow protection...
[2025-07-23 20:02:52.074 DBG] [] Fixing current working directory...
[2025-07-23 20:02:52.076 DBG] [] Fixing current working directory...
[2025-07-23 20:02:52.078 DBG] [] Process path: G:\codesecondfolder\BRU-Avtopark-Avtobusov\SuperNova.Desktop\bin\Debug\net9.0\SuperNova.Desktop.exe
[2025-07-23 20:02:52.080 DBG] [] Setting current directory to: G:\codesecondfolder\BRU-Avtopark-Avtobusov\SuperNova.Desktop\bin\Debug\net9.0
[2025-07-23 20:02:52.081 DBG] [] Current directory set successfully to: G:\codesecondfolder\BRU-Avtopark-Avtobusov\SuperNova.Desktop\bin\Debug\net9.0
[2025-07-23 20:02:52.084 DBG] [] Working directory fixed successfully
[2025-07-23 20:02:52.085 INF] [] Initiating safe Avalonia startup...
[2025-07-23 20:02:52.112 INF] [] === AVALONIA STARTUP PHASE ===
[2025-07-23 20:02:52.113 DBG] [] Building Avalonia application...
[2025-07-23 20:02:52.145 DBG] [] === BUILDING AVALONIA APP ===
[2025-07-23 20:02:52.147 DBG] [] Configuring base AppBuilder...
[2025-07-23 20:02:52.149 DBG] [] AppBuilder.Configure<App>() completed
[2025-07-23 20:02:52.150 DBG] [] Adding UsePlatformDetect()...
[2025-07-23 20:02:52.220 DBG] [] UsePlatformDetect() completed
[2025-07-23 20:02:52.223 DBG] [] Adding UseMessageBoxSounds()...
[2025-07-23 20:02:52.231 DBG] [] UseMessageBoxSounds() completed
[2025-07-23 20:02:52.234 DBG] [] Adding LogToTrace()...
[2025-07-23 20:02:52.236 DBG] [] LogToTrace() completed
[2025-07-23 20:02:52.239 DBG] [] Configuring fonts...
[2025-07-23 20:02:52.241 DBG] [] Font configuration completed
[2025-07-23 20:02:52.244 INF] [] Avalonia app builder configured successfully
[2025-07-23 20:02:52.245 DBG] [] Avalonia app builder created successfully
[2025-07-23 20:02:52.247 INF] [] Starting Avalonia with ClassicDesktopLifetime...
[2025-07-23 20:02:52.250 DBG] [] Arguments: 
[2025-07-23 20:02:52.251 DBG] [] Shutdown mode: OnExplicitShutdown
[2025-07-23 20:02:52.755 INF] [] TypeConverter protection system initialized
[2025-07-23 20:02:52.759 INF] [] String formatting protection initialized with InvariantCulture
