[2025-07-25 15:05:34.319 INF] [] === APPLICATION STARTUP INITIATED ===
[2025-07-25 15:05:34.383 INF] [] Serilog logger initialized successfully
[2025-07-25 15:05:34.384 INF] [] Starting application with comprehensive stack overflow protection...
[2025-07-25 15:05:34.386 DBG] [] Fixing current working directory...
[2025-07-25 15:05:34.388 DBG] [] Fixing current working directory...
[2025-07-25 15:05:34.390 DBG] [] Process path: G:\codesecondfolder\BRU-Avtopark-Avtobusov\SuperNova.Desktop\bin\Debug\net9.0\SuperNova.Desktop.exe
[2025-07-25 15:05:34.393 DBG] [] Setting current directory to: G:\codesecondfolder\BRU-Avtopark-Avtobusov\SuperNova.Desktop\bin\Debug\net9.0
[2025-07-25 15:05:34.395 DBG] [] Current directory set successfully to: G:\codesecondfolder\BRU-Avtopark-Avtobusov\SuperNova.Desktop\bin\Debug\net9.0
[2025-07-25 15:05:34.396 DBG] [] Working directory fixed successfully
[2025-07-25 15:05:34.398 INF] [] Initiating safe Avalonia startup...
[2025-07-25 15:05:34.429 INF] [] === AVALONIA STARTUP PHASE ===
[2025-07-25 15:05:34.432 DBG] [] Building Avalonia application...
[2025-07-25 15:05:34.472 DBG] [] === BUILDING AVALONIA APP ===
[2025-07-25 15:05:34.473 DBG] [] Configuring base AppBuilder...
[2025-07-25 15:05:34.477 DBG] [] AppBuilder.Configure<App>() completed
[2025-07-25 15:05:34.479 DBG] [] Adding UsePlatformDetect()...
[2025-07-25 15:05:34.563 DBG] [] UsePlatformDetect() completed
[2025-07-25 15:05:34.565 DBG] [] Adding UseMessageBoxSounds()...
[2025-07-25 15:05:34.575 DBG] [] UseMessageBoxSounds() completed
[2025-07-25 15:05:34.577 DBG] [] Adding LogToTrace()...
[2025-07-25 15:05:34.581 DBG] [] LogToTrace() completed
[2025-07-25 15:05:34.585 DBG] [] Configuring fonts...
[2025-07-25 15:05:34.589 DBG] [] Font configuration completed
[2025-07-25 15:05:34.593 INF] [] Avalonia app builder configured successfully
[2025-07-25 15:05:34.596 DBG] [] Avalonia app builder created successfully
[2025-07-25 15:05:34.597 INF] [] Starting Avalonia with ClassicDesktopLifetime...
[2025-07-25 15:05:34.599 DBG] [] Arguments: 
[2025-07-25 15:05:34.601 DBG] [] Shutdown mode: OnExplicitShutdown
[2025-07-25 15:05:35.279 INF] [] TypeConverter protection system initialized
[2025-07-25 15:05:35.282 INF] [] String formatting protection initialized with InvariantCulture
[2025-07-25 15:11:20.417 INF] [] === APPLICATION STARTUP INITIATED ===
[2025-07-25 15:11:20.481 INF] [] Serilog logger initialized successfully
[2025-07-25 15:11:20.484 INF] [] Starting application with comprehensive stack overflow protection...
[2025-07-25 15:11:20.485 DBG] [] Fixing current working directory...
[2025-07-25 15:11:20.488 DBG] [] Fixing current working directory...
[2025-07-25 15:11:20.490 DBG] [] Process path: G:\codesecondfolder\BRU-Avtopark-Avtobusov\SuperNova.Desktop\bin\Debug\net9.0\SuperNova.Desktop.exe
[2025-07-25 15:11:20.493 DBG] [] Setting current directory to: G:\codesecondfolder\BRU-Avtopark-Avtobusov\SuperNova.Desktop\bin\Debug\net9.0
[2025-07-25 15:11:20.495 DBG] [] Current directory set successfully to: G:\codesecondfolder\BRU-Avtopark-Avtobusov\SuperNova.Desktop\bin\Debug\net9.0
[2025-07-25 15:11:20.496 DBG] [] Working directory fixed successfully
[2025-07-25 15:11:20.497 INF] [] Initiating safe Avalonia startup...
[2025-07-25 15:11:20.508 INF] [] === AVALONIA STARTUP PHASE ===
[2025-07-25 15:11:20.510 DBG] [] Building Avalonia application...
[2025-07-25 15:11:20.525 DBG] [] === BUILDING AVALONIA APP ===
[2025-07-25 15:11:20.527 DBG] [] Configuring base AppBuilder...
[2025-07-25 15:11:20.530 DBG] [] AppBuilder.Configure<App>() completed
[2025-07-25 15:11:20.531 DBG] [] Adding UsePlatformDetect()...
[2025-07-25 15:11:20.589 DBG] [] UsePlatformDetect() completed
[2025-07-25 15:11:20.591 DBG] [] Adding UseMessageBoxSounds()...
[2025-07-25 15:11:20.601 DBG] [] UseMessageBoxSounds() completed
[2025-07-25 15:11:20.604 DBG] [] Adding LogToTrace()...
[2025-07-25 15:11:20.607 DBG] [] LogToTrace() completed
[2025-07-25 15:11:20.609 DBG] [] Configuring fonts...
[2025-07-25 15:11:20.612 DBG] [] Font configuration completed
[2025-07-25 15:11:20.614 INF] [] Avalonia app builder configured successfully
[2025-07-25 15:11:20.615 DBG] [] Avalonia app builder created successfully
[2025-07-25 15:11:20.616 INF] [] Starting Avalonia with ClassicDesktopLifetime...
[2025-07-25 15:11:20.617 DBG] [] Arguments: 
[2025-07-25 15:11:20.619 DBG] [] Shutdown mode: OnExplicitShutdown
[2025-07-25 15:11:21.047 INF] [] TypeConverter protection system initialized
[2025-07-25 15:11:21.049 INF] [] String formatting protection initialized with InvariantCulture
