2025-07-22 17:25:35.562 +03:00 [INF] Starting application...
2025-07-22 17:26:32.152 +03:00 [INF] Starting application...
2025-07-22 17:27:25.055 +03:00 [INF] Starting application...
2025-07-22 17:29:01.656 +03:00 [INF] Starting application...
2025-07-22 17:33:24.205 +03:00 [INF] Starting application...
2025-07-22 17:33:50.368 +03:00 [INF] Starting application...
2025-07-22 17:34:13.646 +03:00 [INF] Starting application...
2025-07-22 17:35:05.277 +03:00 [INF] Starting application...
2025-07-22 17:39:25.016 +03:00 [INF] Starting application...
2025-07-22 17:47:58.253 +03:00 [INF] Starting application...
2025-07-22 18:24:26.880 +03:00 [INF] Starting application...
2025-07-22 18:30:00.489 +03:00 [INF] Starting application...
2025-07-22 18:30:01.112 +03:00 [INF] TypeConverter protection system initialized
2025-07-22 18:36:30.747 +03:00 [INF] Starting application...
2025-07-22 18:36:31.321 +03:00 [INF] TypeConverter protection system initialized
2025-07-22 18:36:31.323 +03:00 [INF] String formatting protection initialized
2025-07-22 18:43:35.858 +03:00 [INF] Starting application...
2025-07-22 18:43:36.456 +03:00 [INF] TypeConverter protection system initialized
2025-07-22 18:43:36.458 +03:00 [INF] String formatting protection initialized
2025-07-22 18:50:42.705 +03:00 [INF] Starting application...
2025-07-22 18:50:43.353 +03:00 [INF] TypeConverter protection system initialized
2025-07-22 18:50:43.355 +03:00 [INF] String formatting protection initialized
2025-07-22 18:51:24.385 +03:00 [INF] Starting application...
2025-07-22 18:51:25.053 +03:00 [INF] TypeConverter protection system initialized
2025-07-22 18:51:25.055 +03:00 [INF] String formatting protection initialized
2025-07-22 18:54:02.933 +03:00 [INF] Starting application...
2025-07-22 18:54:03.878 +03:00 [INF] TypeConverter protection system initialized
2025-07-22 18:54:03.880 +03:00 [INF] String formatting protection initialized
2025-07-22 19:02:07.465 +03:00 [INF] Starting application...
2025-07-22 19:02:08.394 +03:00 [INF] TypeConverter protection system initialized
2025-07-22 19:02:08.395 +03:00 [INF] String formatting protection initialized
2025-07-22 19:05:25.337 +03:00 [INF] Starting application with stack overflow protection...
2025-07-22 19:05:25.870 +03:00 [INF] TypeConverter protection system initialized
2025-07-22 19:05:25.872 +03:00 [INF] String formatting protection initialized
2025-07-22 19:09:00.896 +03:00 [INF] Starting application with stack overflow protection...
2025-07-22 19:09:01.466 +03:00 [INF] TypeConverter protection system initialized
2025-07-22 19:09:01.468 +03:00 [INF] String formatting protection initialized with InvariantCulture
2025-07-22 19:12:34.768 +03:00 [INF] Starting application with stack overflow protection...
2025-07-22 19:12:35.357 +03:00 [INF] TypeConverter protection system initialized
2025-07-22 19:12:35.358 +03:00 [INF] String formatting protection initialized with InvariantCulture
2025-07-22 19:21:04.088 +03:00 [INF] Starting application with stack overflow protection...
2025-07-22 19:21:04.579 +03:00 [INF] TypeConverter protection system initialized
2025-07-22 19:21:04.580 +03:00 [INF] String formatting protection initialized with InvariantCulture
[2025-07-22 19:42:06.192 INF] [] === APPLICATION STARTUP INITIATED ===
[2025-07-22 19:42:06.253 INF] [] Serilog logger initialized successfully
[2025-07-22 19:42:06.255 INF] [] Starting application with comprehensive stack overflow protection...
[2025-07-22 19:42:06.258 DBG] [] Fixing current working directory...
[2025-07-22 19:42:06.261 DBG] [] Fixing current working directory...
[2025-07-22 19:42:06.263 DBG] [] Process path: G:\codesecondfolder\BRU-Avtopark-Avtobusov\SuperNova.Desktop\bin\Debug\net9.0\SuperNova.Desktop.exe
[2025-07-22 19:42:06.266 DBG] [] Setting current directory to: G:\codesecondfolder\BRU-Avtopark-Avtobusov\SuperNova.Desktop\bin\Debug\net9.0
[2025-07-22 19:42:06.268 DBG] [] Current directory set successfully to: G:\codesecondfolder\BRU-Avtopark-Avtobusov\SuperNova.Desktop\bin\Debug\net9.0
[2025-07-22 19:42:06.269 DBG] [] Working directory fixed successfully
[2025-07-22 19:42:06.271 INF] [] Initiating safe Avalonia startup...
[2025-07-22 19:42:06.343 INF] [] === AVALONIA STARTUP PHASE ===
[2025-07-22 19:42:06.344 DBG] [] Building Avalonia application...
[2025-07-22 19:42:06.379 DBG] [] === BUILDING AVALONIA APP ===
[2025-07-22 19:42:06.382 DBG] [] Configuring base AppBuilder...
[2025-07-22 19:42:06.384 DBG] [] AppBuilder.Configure<App>() completed
[2025-07-22 19:42:06.385 DBG] [] Adding UsePlatformDetect()...
[2025-07-22 19:42:06.465 DBG] [] UsePlatformDetect() completed
[2025-07-22 19:42:06.466 DBG] [] Adding UseMessageBoxSounds()...
[2025-07-22 19:42:06.476 DBG] [] UseMessageBoxSounds() completed
[2025-07-22 19:42:06.480 DBG] [] Adding LogToTrace()...
[2025-07-22 19:42:06.483 DBG] [] LogToTrace() completed
[2025-07-22 19:42:06.485 DBG] [] Configuring fonts...
[2025-07-22 19:42:06.487 DBG] [] Font configuration completed
[2025-07-22 19:42:06.488 INF] [] Avalonia app builder configured successfully
[2025-07-22 19:42:06.490 DBG] [] Avalonia app builder created successfully
[2025-07-22 19:42:06.491 INF] [] Starting Avalonia with ClassicDesktopLifetime...
[2025-07-22 19:42:06.493 DBG] [] Arguments: 
[2025-07-22 19:42:06.494 DBG] [] Shutdown mode: OnExplicitShutdown
[2025-07-22 19:42:07.149 INF] [] TypeConverter protection system initialized
[2025-07-22 19:42:07.151 INF] [] String formatting protection initialized with InvariantCulture
[2025-07-22 21:41:20.087 INF] [] === APPLICATION STARTUP INITIATED ===
[2025-07-22 21:41:20.139 INF] [] Serilog logger initialized successfully
[2025-07-22 21:41:20.140 INF] [] Starting application with comprehensive stack overflow protection...
[2025-07-22 21:41:20.142 DBG] [] Fixing current working directory...
[2025-07-22 21:41:20.144 DBG] [] Fixing current working directory...
[2025-07-22 21:41:20.145 DBG] [] Process path: G:\codesecondfolder\BRU-Avtopark-Avtobusov\SuperNova.Desktop\bin\Debug\net9.0\SuperNova.Desktop.exe
[2025-07-22 21:41:20.149 DBG] [] Setting current directory to: G:\codesecondfolder\BRU-Avtopark-Avtobusov\SuperNova.Desktop\bin\Debug\net9.0
[2025-07-22 21:41:20.149 DBG] [] Current directory set successfully to: G:\codesecondfolder\BRU-Avtopark-Avtobusov\SuperNova.Desktop\bin\Debug\net9.0
[2025-07-22 21:41:20.151 DBG] [] Working directory fixed successfully
[2025-07-22 21:41:20.152 INF] [] Initiating safe Avalonia startup...
[2025-07-22 21:41:20.161 INF] [] === AVALONIA STARTUP PHASE ===
[2025-07-22 21:41:20.162 DBG] [] Building Avalonia application...
[2025-07-22 21:41:20.180 DBG] [] === BUILDING AVALONIA APP ===
[2025-07-22 21:41:20.181 DBG] [] Configuring base AppBuilder...
[2025-07-22 21:41:20.182 DBG] [] AppBuilder.Configure<App>() completed
[2025-07-22 21:41:20.183 DBG] [] Adding UsePlatformDetect()...
[2025-07-22 21:41:20.225 DBG] [] UsePlatformDetect() completed
[2025-07-22 21:41:20.226 DBG] [] Adding UseMessageBoxSounds()...
[2025-07-22 21:41:20.233 DBG] [] UseMessageBoxSounds() completed
[2025-07-22 21:41:20.234 DBG] [] Adding LogToTrace()...
[2025-07-22 21:41:20.237 DBG] [] LogToTrace() completed
[2025-07-22 21:41:20.238 DBG] [] Configuring fonts...
[2025-07-22 21:41:20.241 DBG] [] Font configuration completed
[2025-07-22 21:41:20.242 INF] [] Avalonia app builder configured successfully
[2025-07-22 21:41:20.244 DBG] [] Avalonia app builder created successfully
[2025-07-22 21:41:20.245 INF] [] Starting Avalonia with ClassicDesktopLifetime...
[2025-07-22 21:41:20.246 DBG] [] Arguments: 
[2025-07-22 21:41:20.247 DBG] [] Shutdown mode: OnExplicitShutdown
[2025-07-22 21:41:20.605 INF] [] TypeConverter protection system initialized
[2025-07-22 21:41:20.606 INF] [] String formatting protection initialized with InvariantCulture
[2025-07-22 21:42:05.286 INF] [] === APPLICATION STARTUP INITIATED ===
[2025-07-22 21:42:05.340 INF] [] Serilog logger initialized successfully
[2025-07-22 21:42:05.342 INF] [] Starting application with comprehensive stack overflow protection...
[2025-07-22 21:42:05.343 DBG] [] Fixing current working directory...
[2025-07-22 21:42:05.345 DBG] [] Fixing current working directory...
[2025-07-22 21:42:05.346 DBG] [] Process path: G:\codesecondfolder\BRU-Avtopark-Avtobusov\SuperNova.Desktop\bin\Debug\net9.0\SuperNova.Desktop.exe
[2025-07-22 21:42:05.349 DBG] [] Setting current directory to: G:\codesecondfolder\BRU-Avtopark-Avtobusov\SuperNova.Desktop\bin\Debug\net9.0
[2025-07-22 21:42:05.351 DBG] [] Current directory set successfully to: G:\codesecondfolder\BRU-Avtopark-Avtobusov\SuperNova.Desktop\bin\Debug\net9.0
[2025-07-22 21:42:05.353 DBG] [] Working directory fixed successfully
[2025-07-22 21:42:05.354 INF] [] Initiating safe Avalonia startup...
[2025-07-22 21:42:05.361 INF] [] === AVALONIA STARTUP PHASE ===
[2025-07-22 21:42:05.363 DBG] [] Building Avalonia application...
[2025-07-22 21:42:05.384 DBG] [] === BUILDING AVALONIA APP ===
[2025-07-22 21:42:05.385 DBG] [] Configuring base AppBuilder...
[2025-07-22 21:42:05.387 DBG] [] AppBuilder.Configure<App>() completed
[2025-07-22 21:42:05.389 DBG] [] Adding UsePlatformDetect()...
[2025-07-22 21:42:05.428 DBG] [] UsePlatformDetect() completed
[2025-07-22 21:42:05.430 DBG] [] Adding UseMessageBoxSounds()...
[2025-07-22 21:42:05.438 DBG] [] UseMessageBoxSounds() completed
[2025-07-22 21:42:05.439 DBG] [] Adding LogToTrace()...
[2025-07-22 21:42:05.440 DBG] [] LogToTrace() completed
[2025-07-22 21:42:05.441 DBG] [] Configuring fonts...
[2025-07-22 21:42:05.444 DBG] [] Font configuration completed
[2025-07-22 21:42:05.446 INF] [] Avalonia app builder configured successfully
[2025-07-22 21:42:05.447 DBG] [] Avalonia app builder created successfully
[2025-07-22 21:42:05.449 INF] [] Starting Avalonia with ClassicDesktopLifetime...
[2025-07-22 21:42:05.451 DBG] [] Arguments: 
[2025-07-22 21:42:05.453 DBG] [] Shutdown mode: OnExplicitShutdown
[2025-07-22 21:42:05.851 INF] [] TypeConverter protection system initialized
[2025-07-22 21:42:05.853 INF] [] String formatting protection initialized with InvariantCulture
[2025-07-22 22:00:29.532 INF] [] === APPLICATION STARTUP INITIATED ===
[2025-07-22 22:00:29.587 INF] [] Serilog logger initialized successfully
[2025-07-22 22:00:29.590 INF] [] Starting application with comprehensive stack overflow protection...
[2025-07-22 22:00:29.593 DBG] [] Fixing current working directory...
[2025-07-22 22:00:29.595 DBG] [] Fixing current working directory...
[2025-07-22 22:00:29.597 DBG] [] Process path: G:\codesecondfolder\BRU-Avtopark-Avtobusov\SuperNova.Desktop\bin\Debug\net9.0\SuperNova.Desktop.exe
[2025-07-22 22:00:29.600 DBG] [] Setting current directory to: G:\codesecondfolder\BRU-Avtopark-Avtobusov\SuperNova.Desktop\bin\Debug\net9.0
[2025-07-22 22:00:29.604 DBG] [] Current directory set successfully to: G:\codesecondfolder\BRU-Avtopark-Avtobusov\SuperNova.Desktop\bin\Debug\net9.0
[2025-07-22 22:00:29.606 DBG] [] Working directory fixed successfully
[2025-07-22 22:00:29.608 INF] [] Initiating safe Avalonia startup...
[2025-07-22 22:00:29.637 INF] [] === AVALONIA STARTUP PHASE ===
[2025-07-22 22:00:29.639 DBG] [] Building Avalonia application...
[2025-07-22 22:00:29.749 DBG] [] === BUILDING AVALONIA APP ===
[2025-07-22 22:00:29.750 DBG] [] Configuring base AppBuilder...
[2025-07-22 22:00:29.752 DBG] [] AppBuilder.Configure<App>() completed
[2025-07-22 22:00:29.755 DBG] [] Adding UsePlatformDetect()...
[2025-07-22 22:00:30.008 DBG] [] UsePlatformDetect() completed
[2025-07-22 22:00:30.010 DBG] [] Adding UseMessageBoxSounds()...
[2025-07-22 22:00:30.021 DBG] [] UseMessageBoxSounds() completed
[2025-07-22 22:00:30.023 DBG] [] Adding LogToTrace()...
[2025-07-22 22:00:30.026 DBG] [] LogToTrace() completed
[2025-07-22 22:00:30.029 DBG] [] Configuring fonts...
[2025-07-22 22:00:30.031 DBG] [] Font configuration completed
[2025-07-22 22:00:30.033 INF] [] Avalonia app builder configured successfully
[2025-07-22 22:00:30.035 DBG] [] Avalonia app builder created successfully
[2025-07-22 22:00:30.039 INF] [] Starting Avalonia with ClassicDesktopLifetime...
[2025-07-22 22:00:30.042 DBG] [] Arguments: 
[2025-07-22 22:00:30.044 DBG] [] Shutdown mode: OnExplicitShutdown
[2025-07-22 22:00:30.712 INF] [] TypeConverter protection system initialized
[2025-07-22 22:00:30.714 INF] [] String formatting protection initialized with InvariantCulture
[2025-07-22 22:38:41.282 INF] [] === APPLICATION STARTUP INITIATED ===
[2025-07-22 22:38:41.344 INF] [] Serilog logger initialized successfully
[2025-07-22 22:38:41.346 INF] [] Starting application with comprehensive stack overflow protection...
[2025-07-22 22:38:41.347 DBG] [] Fixing current working directory...
[2025-07-22 22:38:41.349 DBG] [] Fixing current working directory...
[2025-07-22 22:38:41.350 DBG] [] Process path: G:\codesecondfolder\BRU-Avtopark-Avtobusov\SuperNova.Desktop\bin\Debug\net9.0\SuperNova.Desktop.exe
[2025-07-22 22:38:41.353 DBG] [] Setting current directory to: G:\codesecondfolder\BRU-Avtopark-Avtobusov\SuperNova.Desktop\bin\Debug\net9.0
[2025-07-22 22:38:41.355 DBG] [] Current directory set successfully to: G:\codesecondfolder\BRU-Avtopark-Avtobusov\SuperNova.Desktop\bin\Debug\net9.0
[2025-07-22 22:38:41.357 DBG] [] Working directory fixed successfully
[2025-07-22 22:38:41.358 INF] [] Initiating safe Avalonia startup...
[2025-07-22 22:38:41.368 INF] [] === AVALONIA STARTUP PHASE ===
[2025-07-22 22:38:41.370 DBG] [] Building Avalonia application...
[2025-07-22 22:38:41.389 DBG] [] === BUILDING AVALONIA APP ===
[2025-07-22 22:38:41.390 DBG] [] Configuring base AppBuilder...
[2025-07-22 22:38:41.391 DBG] [] AppBuilder.Configure<App>() completed
[2025-07-22 22:38:41.393 DBG] [] Adding UsePlatformDetect()...
[2025-07-22 22:38:41.434 DBG] [] UsePlatformDetect() completed
[2025-07-22 22:38:41.435 DBG] [] Adding UseMessageBoxSounds()...
[2025-07-22 22:38:41.443 DBG] [] UseMessageBoxSounds() completed
[2025-07-22 22:38:41.445 DBG] [] Adding LogToTrace()...
[2025-07-22 22:38:41.447 DBG] [] LogToTrace() completed
[2025-07-22 22:38:41.448 DBG] [] Configuring fonts...
[2025-07-22 22:38:41.450 DBG] [] Font configuration completed
[2025-07-22 22:38:41.452 INF] [] Avalonia app builder configured successfully
[2025-07-22 22:38:41.454 DBG] [] Avalonia app builder created successfully
[2025-07-22 22:38:41.455 INF] [] Starting Avalonia with ClassicDesktopLifetime...
[2025-07-22 22:38:41.457 DBG] [] Arguments: 
[2025-07-22 22:38:41.460 DBG] [] Shutdown mode: OnExplicitShutdown
[2025-07-22 22:38:41.874 INF] [] TypeConverter protection system initialized
[2025-07-22 22:38:41.875 INF] [] String formatting protection initialized with InvariantCulture
[2025-07-22 22:47:15.821 INF] [] === APPLICATION STARTUP INITIATED ===
[2025-07-22 22:47:15.876 INF] [] Serilog logger initialized successfully
[2025-07-22 22:47:15.877 INF] [] Starting application with comprehensive stack overflow protection...
[2025-07-22 22:47:15.878 DBG] [] Fixing current working directory...
[2025-07-22 22:47:15.880 DBG] [] Fixing current working directory...
[2025-07-22 22:47:15.882 DBG] [] Process path: G:\codesecondfolder\BRU-Avtopark-Avtobusov\SuperNova.Desktop\bin\Debug\net9.0\SuperNova.Desktop.exe
[2025-07-22 22:47:15.884 DBG] [] Setting current directory to: G:\codesecondfolder\BRU-Avtopark-Avtobusov\SuperNova.Desktop\bin\Debug\net9.0
[2025-07-22 22:47:15.885 DBG] [] Current directory set successfully to: G:\codesecondfolder\BRU-Avtopark-Avtobusov\SuperNova.Desktop\bin\Debug\net9.0
[2025-07-22 22:47:15.887 DBG] [] Working directory fixed successfully
[2025-07-22 22:47:15.889 INF] [] Initiating safe Avalonia startup...
[2025-07-22 22:47:15.899 INF] [] === AVALONIA STARTUP PHASE ===
[2025-07-22 22:47:15.900 DBG] [] Building Avalonia application...
[2025-07-22 22:47:15.924 DBG] [] === BUILDING AVALONIA APP ===
[2025-07-22 22:47:15.927 DBG] [] Configuring base AppBuilder...
[2025-07-22 22:47:15.930 DBG] [] AppBuilder.Configure<App>() completed
[2025-07-22 22:47:15.932 DBG] [] Adding UsePlatformDetect()...
[2025-07-22 22:47:15.975 DBG] [] UsePlatformDetect() completed
[2025-07-22 22:47:15.977 DBG] [] Adding UseMessageBoxSounds()...
[2025-07-22 22:47:15.985 DBG] [] UseMessageBoxSounds() completed
[2025-07-22 22:47:15.987 DBG] [] Adding LogToTrace()...
[2025-07-22 22:47:15.990 DBG] [] LogToTrace() completed
[2025-07-22 22:47:15.992 DBG] [] Configuring fonts...
[2025-07-22 22:47:15.994 DBG] [] Font configuration completed
[2025-07-22 22:47:15.995 INF] [] Avalonia app builder configured successfully
[2025-07-22 22:47:15.997 DBG] [] Avalonia app builder created successfully
[2025-07-22 22:47:15.999 INF] [] Starting Avalonia with ClassicDesktopLifetime...
[2025-07-22 22:47:16.001 DBG] [] Arguments: 
[2025-07-22 22:47:16.002 DBG] [] Shutdown mode: OnExplicitShutdown
[2025-07-22 22:47:16.429 INF] [] TypeConverter protection system initialized
[2025-07-22 22:47:16.431 INF] [] String formatting protection initialized with InvariantCulture
[2025-07-22 22:58:29.294 INF] [] === APPLICATION STARTUP INITIATED ===
[2025-07-22 22:58:29.343 INF] [] Serilog logger initialized successfully
[2025-07-22 22:58:29.344 INF] [] Starting application with comprehensive stack overflow protection...
[2025-07-22 22:58:29.346 DBG] [] Fixing current working directory...
[2025-07-22 22:58:29.348 DBG] [] Fixing current working directory...
[2025-07-22 22:58:29.350 DBG] [] Process path: G:\codesecondfolder\BRU-Avtopark-Avtobusov\SuperNova.Desktop\bin\Debug\net9.0\SuperNova.Desktop.exe
[2025-07-22 22:58:29.353 DBG] [] Setting current directory to: G:\codesecondfolder\BRU-Avtopark-Avtobusov\SuperNova.Desktop\bin\Debug\net9.0
[2025-07-22 22:58:29.355 DBG] [] Current directory set successfully to: G:\codesecondfolder\BRU-Avtopark-Avtobusov\SuperNova.Desktop\bin\Debug\net9.0
[2025-07-22 22:58:29.357 DBG] [] Working directory fixed successfully
[2025-07-22 22:58:29.358 INF] [] Initiating safe Avalonia startup...
[2025-07-22 22:58:29.367 INF] [] === AVALONIA STARTUP PHASE ===
[2025-07-22 22:58:29.368 DBG] [] Building Avalonia application...
[2025-07-22 22:58:29.388 DBG] [] === BUILDING AVALONIA APP ===
[2025-07-22 22:58:29.390 DBG] [] Configuring base AppBuilder...
[2025-07-22 22:58:29.391 DBG] [] AppBuilder.Configure<App>() completed
[2025-07-22 22:58:29.392 DBG] [] Adding UsePlatformDetect()...
[2025-07-22 22:58:29.440 DBG] [] UsePlatformDetect() completed
[2025-07-22 22:58:29.442 DBG] [] Adding UseMessageBoxSounds()...
[2025-07-22 22:58:29.451 DBG] [] UseMessageBoxSounds() completed
[2025-07-22 22:58:29.453 DBG] [] Adding LogToTrace()...
[2025-07-22 22:58:29.456 DBG] [] LogToTrace() completed
[2025-07-22 22:58:29.457 DBG] [] Configuring fonts...
[2025-07-22 22:58:29.460 DBG] [] Font configuration completed
[2025-07-22 22:58:29.461 INF] [] Avalonia app builder configured successfully
[2025-07-22 22:58:29.463 DBG] [] Avalonia app builder created successfully
[2025-07-22 22:58:29.464 INF] [] Starting Avalonia with ClassicDesktopLifetime...
[2025-07-22 22:58:29.465 DBG] [] Arguments: 
[2025-07-22 22:58:29.466 DBG] [] Shutdown mode: OnExplicitShutdown
[2025-07-22 22:58:29.865 INF] [] TypeConverter protection system initialized
[2025-07-22 22:58:29.867 INF] [] String formatting protection initialized with InvariantCulture
[2025-07-22 23:09:04.321 INF] [] === APPLICATION STARTUP INITIATED ===
[2025-07-22 23:09:04.375 INF] [] Serilog logger initialized successfully
[2025-07-22 23:09:04.376 INF] [] Starting application with comprehensive stack overflow protection...
[2025-07-22 23:09:04.378 DBG] [] Fixing current working directory...
[2025-07-22 23:09:04.381 DBG] [] Fixing current working directory...
[2025-07-22 23:09:04.383 DBG] [] Process path: G:\codesecondfolder\BRU-Avtopark-Avtobusov\SuperNova.Desktop\bin\Debug\net9.0\SuperNova.Desktop.exe
[2025-07-22 23:09:04.385 DBG] [] Setting current directory to: G:\codesecondfolder\BRU-Avtopark-Avtobusov\SuperNova.Desktop\bin\Debug\net9.0
[2025-07-22 23:09:04.386 DBG] [] Current directory set successfully to: G:\codesecondfolder\BRU-Avtopark-Avtobusov\SuperNova.Desktop\bin\Debug\net9.0
[2025-07-22 23:09:04.387 DBG] [] Working directory fixed successfully
[2025-07-22 23:09:04.388 INF] [] Initiating safe Avalonia startup...
[2025-07-22 23:09:04.396 INF] [] === AVALONIA STARTUP PHASE ===
[2025-07-22 23:09:04.397 DBG] [] Building Avalonia application...
[2025-07-22 23:09:04.424 DBG] [] === BUILDING AVALONIA APP ===
[2025-07-22 23:09:04.426 DBG] [] Configuring base AppBuilder...
[2025-07-22 23:09:04.428 DBG] [] AppBuilder.Configure<App>() completed
[2025-07-22 23:09:04.429 DBG] [] Adding UsePlatformDetect()...
[2025-07-22 23:09:04.503 DBG] [] UsePlatformDetect() completed
[2025-07-22 23:09:04.504 DBG] [] Adding UseMessageBoxSounds()...
[2025-07-22 23:09:04.514 DBG] [] UseMessageBoxSounds() completed
[2025-07-22 23:09:04.517 DBG] [] Adding LogToTrace()...
[2025-07-22 23:09:04.519 DBG] [] LogToTrace() completed
[2025-07-22 23:09:04.521 DBG] [] Configuring fonts...
[2025-07-22 23:09:04.524 DBG] [] Font configuration completed
[2025-07-22 23:09:04.526 INF] [] Avalonia app builder configured successfully
[2025-07-22 23:09:04.528 DBG] [] Avalonia app builder created successfully
[2025-07-22 23:09:04.530 INF] [] Starting Avalonia with ClassicDesktopLifetime...
[2025-07-22 23:09:04.532 DBG] [] Arguments: 
[2025-07-22 23:09:04.534 DBG] [] Shutdown mode: OnExplicitShutdown
[2025-07-22 23:09:04.901 INF] [] TypeConverter protection system initialized
[2025-07-22 23:09:04.902 INF] [] String formatting protection initialized with InvariantCulture
[2025-07-22 23:12:08.681 INF] [] === APPLICATION STARTUP INITIATED ===
[2025-07-22 23:12:08.775 INF] [] Serilog logger initialized successfully
[2025-07-22 23:12:08.778 INF] [] Starting application with comprehensive stack overflow protection...
[2025-07-22 23:12:08.783 DBG] [] Fixing current working directory...
[2025-07-22 23:12:08.787 DBG] [] Fixing current working directory...
[2025-07-22 23:12:08.791 DBG] [] Process path: G:\codesecondfolder\BRU-Avtopark-Avtobusov\SuperNova.Desktop\bin\Debug\net9.0\SuperNova.Desktop.exe
[2025-07-22 23:12:08.803 DBG] [] Setting current directory to: G:\codesecondfolder\BRU-Avtopark-Avtobusov\SuperNova.Desktop\bin\Debug\net9.0
[2025-07-22 23:12:08.807 DBG] [] Current directory set successfully to: G:\codesecondfolder\BRU-Avtopark-Avtobusov\SuperNova.Desktop\bin\Debug\net9.0
[2025-07-22 23:12:08.810 DBG] [] Working directory fixed successfully
[2025-07-22 23:12:08.815 INF] [] Initiating safe Avalonia startup...
[2025-07-22 23:12:08.826 INF] [] === AVALONIA STARTUP PHASE ===
[2025-07-22 23:12:08.828 DBG] [] Building Avalonia application...
[2025-07-22 23:12:08.848 DBG] [] === BUILDING AVALONIA APP ===
[2025-07-22 23:12:08.849 DBG] [] Configuring base AppBuilder...
[2025-07-22 23:12:08.851 DBG] [] AppBuilder.Configure<App>() completed
[2025-07-22 23:12:08.852 DBG] [] Adding UsePlatformDetect()...
[2025-07-22 23:12:08.896 DBG] [] UsePlatformDetect() completed
[2025-07-22 23:12:08.897 DBG] [] Adding UseMessageBoxSounds()...
[2025-07-22 23:12:08.904 DBG] [] UseMessageBoxSounds() completed
[2025-07-22 23:12:08.906 DBG] [] Adding LogToTrace()...
[2025-07-22 23:12:08.908 DBG] [] LogToTrace() completed
[2025-07-22 23:12:08.910 DBG] [] Configuring fonts...
[2025-07-22 23:12:08.913 DBG] [] Font configuration completed
[2025-07-22 23:12:08.915 INF] [] Avalonia app builder configured successfully
[2025-07-22 23:12:08.917 DBG] [] Avalonia app builder created successfully
[2025-07-22 23:12:08.918 INF] [] Starting Avalonia with ClassicDesktopLifetime...
[2025-07-22 23:12:08.919 DBG] [] Arguments: 
[2025-07-22 23:12:08.921 DBG] [] Shutdown mode: OnExplicitShutdown
[2025-07-22 23:12:09.383 INF] [] TypeConverter protection system initialized
[2025-07-22 23:12:09.384 INF] [] String formatting protection initialized with InvariantCulture
