[13:25:37.534] [INF] Administrator successfully authenticated
[13:25:37.642] [INF] [Binding] [Avalonia.Controls.Primitives.Popup] An error occurred binding MinWidth to $parent[TextBox].Bounds.Width at $parent[TextBox]: Ancestor not found.
[13:25:37.646] [INF] [Binding] [Avalonia.Animation.AnimatorKeyFrame] An error occurred binding Value to Bounds.Height at Bounds: Property 'Bounds not registered on 'Avalonia.Animation.AnimatorKeyFrame
[13:25:37.652] [INF] [Binding] [Avalonia.Controls.Primitives.Popup] An error occurred binding MinWidth to $parent[TextBox].Bounds.Width at $parent[TextBox]: Ancestor not found.
[13:25:37.653] [INF] [Binding] [Avalonia.Animation.AnimatorKeyFrame] An error occurred binding Value to Bounds.Height at Bounds: Property 'Bounds not registered on 'Avalonia.Animation.AnimatorKeyFrame
[13:25:37.655] [INF] [Binding] [Avalonia.Controls.Primitives.Popup] An error occurred binding MinWidth to $parent[TextBox].Bounds.Width at $parent[TextBox]: Ancestor not found.
[13:25:37.656] [INF] [Binding] [Avalonia.Animation.AnimatorKeyFrame] An error occurred binding Value to Bounds.Height at Bounds: Property 'Bounds not registered on 'Avalonia.Animation.AnimatorKeyFrame
[13:25:37.657] [INF] [Binding] [Avalonia.Controls.Primitives.Popup] An error occurred binding MinWidth to $parent[TextBox].Bounds.Width at $parent[TextBox]: Ancestor not found.
[13:25:37.658] [INF] [Binding] [Avalonia.Animation.AnimatorKeyFrame] An error occurred binding Value to Bounds.Height at Bounds: Property 'Bounds not registered on 'Avalonia.Animation.AnimatorKeyFrame
[13:25:37.660] [INF] [Binding] [Avalonia.Controls.Primitives.Popup] An error occurred binding MinWidth to $parent[TextBox].Bounds.Width at $parent[TextBox]: Ancestor not found.
[13:25:37.661] [INF] [Binding] [Avalonia.Animation.AnimatorKeyFrame] An error occurred binding Value to Bounds.Height at Bounds: Property 'Bounds not registered on 'Avalonia.Animation.AnimatorKeyFrame
[13:25:37.662] [INF] [Binding] [Avalonia.Controls.Primitives.Popup] An error occurred binding MinWidth to $parent[TextBox].Bounds.Width at $parent[TextBox]: Ancestor not found.
[13:25:37.663] [INF] [Binding] [Avalonia.Animation.AnimatorKeyFrame] An error occurred binding Value to Bounds.Height at Bounds: Property 'Bounds not registered on 'Avalonia.Animation.AnimatorKeyFrame
[13:25:37.700] [INF] [Binding] [Dock.Avalonia.Controls.ToolPinnedControl] An error occurred binding IsVisible to !!LeftPinnedDockables.Count at LeftPinnedDockables: Value is null.
[13:25:37.701] [INF] [Binding] [Dock.Avalonia.Controls.ToolPinnedControl] An error occurred binding IsVisible to !!RightPinnedDockables.Count at RightPinnedDockables: Value is null.
[13:25:37.703] [INF] [Binding] [Dock.Avalonia.Controls.ToolPinnedControl] An error occurred binding IsVisible to !!TopPinnedDockables.Count at TopPinnedDockables: Value is null.
[13:25:37.704] [INF] [Binding] [Dock.Avalonia.Controls.ToolPinnedControl] An error occurred binding IsVisible to !!BottomPinnedDockables.Count at BottomPinnedDockables: Value is null.
[13:25:37.705] [INF] [Binding] [Dock.Avalonia.Controls.PinnedDockControl] An error occurred binding PinnedDockAlignment to PinnedDock.Alignment at PinnedDock: Value is null.
[13:25:37.760] [INF] [Binding] [Avalonia.Controls.Presenters.ContentPresenter] An error occurred binding Proportion to Proportion at Proportion: Could not find a matching property accessor for 'Proportion' on 'SuperNova.VisualDesigner.ComponentToolViewModel'.
[13:25:37.765] [INF] [Binding] [Avalonia.Controls.Presenters.ContentPresenter] An error occurred binding (unknown) to IsCollapsable at IsCollapsable: Unable to cast object of type 'SuperNova.VisualDesigner.ComponentToolViewModel' to type 'Dock.Model.Core.IDock'.
[13:25:37.766] [INF] [Binding] [Avalonia.Controls.Presenters.ContentPresenter] An error occurred binding (unknown) to IsEmpty at IsEmpty: Unable to cast object of type 'SuperNova.VisualDesigner.ComponentToolViewModel' to type 'Dock.Model.Core.IDock'.
[13:25:37.768] [INF] [Binding] [Avalonia.Controls.Presenters.ContentPresenter] An error occurred binding Proportion to Proportion at Proportion: Could not find a matching property accessor for 'Proportion' on 'SuperNova.VisualDesigner.ComponentToolViewModel'.
[13:25:37.769] [INF] [Binding] [Avalonia.Controls.Presenters.ContentPresenter] An error occurred binding (unknown) to IsCollapsable at IsCollapsable: Unable to cast object of type 'SuperNova.VisualDesigner.ComponentToolViewModel' to type 'Dock.Model.Core.IDock'.
[13:25:37.770] [INF] [Binding] [Avalonia.Controls.Presenters.ContentPresenter] An error occurred binding (unknown) to IsEmpty at IsEmpty: Unable to cast object of type 'SuperNova.VisualDesigner.ComponentToolViewModel' to type 'Dock.Model.Core.IDock'.
[13:25:37.772] [INF] [Binding] [Avalonia.Controls.Presenters.ContentPresenter] An error occurred binding Proportion to Proportion at Proportion: Could not find a matching property accessor for 'Proportion' on 'SuperNova.VisualDesigner.ComponentToolViewModel'.
[13:25:37.773] [INF] [Binding] [Avalonia.Controls.Presenters.ContentPresenter] An error occurred binding (unknown) to IsCollapsable at IsCollapsable: Unable to cast object of type 'SuperNova.VisualDesigner.ComponentToolViewModel' to type 'Dock.Model.Core.IDock'.
[13:25:37.774] [INF] [Binding] [Avalonia.Controls.Presenters.ContentPresenter] An error occurred binding (unknown) to IsEmpty at IsEmpty: Unable to cast object of type 'SuperNova.VisualDesigner.ComponentToolViewModel' to type 'Dock.Model.Core.IDock'.
[13:25:37.775] [INF] [Binding] [Avalonia.Controls.Presenters.ContentPresenter] An error occurred binding Proportion to Proportion at Proportion: Could not find a matching property accessor for 'Proportion' on 'SuperNova.VisualDesigner.ComponentToolViewModel'.
[13:25:37.776] [INF] [Binding] [Avalonia.Controls.Presenters.ContentPresenter] An error occurred binding (unknown) to IsCollapsable at IsCollapsable: Unable to cast object of type 'SuperNova.VisualDesigner.ComponentToolViewModel' to type 'Dock.Model.Core.IDock'.
[13:25:37.777] [INF] [Binding] [Avalonia.Controls.Presenters.ContentPresenter] An error occurred binding (unknown) to IsEmpty at IsEmpty: Unable to cast object of type 'SuperNova.VisualDesigner.ComponentToolViewModel' to type 'Dock.Model.Core.IDock'.
[13:25:37.778] [INF] [Binding] [Avalonia.Controls.Presenters.ContentPresenter] An error occurred binding Proportion to Proportion at Proportion: Could not find a matching property accessor for 'Proportion' on 'SuperNova.VisualDesigner.ComponentToolViewModel'.
[13:25:37.779] [INF] [Binding] [Avalonia.Controls.Presenters.ContentPresenter] An error occurred binding (unknown) to IsCollapsable at IsCollapsable: Unable to cast object of type 'SuperNova.VisualDesigner.ComponentToolViewModel' to type 'Dock.Model.Core.IDock'.
[13:25:37.780] [INF] [Binding] [Avalonia.Controls.Presenters.ContentPresenter] An error occurred binding (unknown) to IsEmpty at IsEmpty: Unable to cast object of type 'SuperNova.VisualDesigner.ComponentToolViewModel' to type 'Dock.Model.Core.IDock'.
[13:25:37.781] [INF] [Binding] [Avalonia.Controls.Presenters.ContentPresenter] An error occurred binding Proportion to Proportion at Proportion: Could not find a matching property accessor for 'Proportion' on 'SuperNova.VisualDesigner.ComponentToolViewModel'.
[13:25:37.782] [INF] [Binding] [Avalonia.Controls.Presenters.ContentPresenter] An error occurred binding (unknown) to IsCollapsable at IsCollapsable: Unable to cast object of type 'SuperNova.VisualDesigner.ComponentToolViewModel' to type 'Dock.Model.Core.IDock'.
[13:25:37.783] [INF] [Binding] [Avalonia.Controls.Presenters.ContentPresenter] An error occurred binding (unknown) to IsEmpty at IsEmpty: Unable to cast object of type 'SuperNova.VisualDesigner.ComponentToolViewModel' to type 'Dock.Model.Core.IDock'.
[13:25:37.785] [INF] [Binding] [Avalonia.Controls.Presenters.ContentPresenter] An error occurred binding Proportion to Proportion at Proportion: Could not find a matching property accessor for 'Proportion' on 'SuperNova.VisualDesigner.ComponentToolViewModel'.
[13:25:37.786] [INF] [Binding] [Avalonia.Controls.Presenters.ContentPresenter] An error occurred binding (unknown) to IsCollapsable at IsCollapsable: Unable to cast object of type 'SuperNova.VisualDesigner.ComponentToolViewModel' to type 'Dock.Model.Core.IDock'.
[13:25:37.787] [INF] [Binding] [Avalonia.Controls.Presenters.ContentPresenter] An error occurred binding (unknown) to IsEmpty at IsEmpty: Unable to cast object of type 'SuperNova.VisualDesigner.ComponentToolViewModel' to type 'Dock.Model.Core.IDock'.
[13:25:37.788] [INF] [Binding] [Avalonia.Controls.Presenters.ContentPresenter] An error occurred binding Proportion to Proportion at Proportion: Could not find a matching property accessor for 'Proportion' on 'SuperNova.VisualDesigner.ComponentToolViewModel'.
[13:25:37.789] [INF] [Binding] [Avalonia.Controls.Presenters.ContentPresenter] An error occurred binding (unknown) to IsCollapsable at IsCollapsable: Unable to cast object of type 'SuperNova.VisualDesigner.ComponentToolViewModel' to type 'Dock.Model.Core.IDock'.
[13:25:37.790] [INF] [Binding] [Avalonia.Controls.Presenters.ContentPresenter] An error occurred binding (unknown) to IsEmpty at IsEmpty: Unable to cast object of type 'SuperNova.VisualDesigner.ComponentToolViewModel' to type 'Dock.Model.Core.IDock'.
[13:25:37.790] [INF] [Binding] [Avalonia.Controls.Presenters.ContentPresenter] An error occurred binding Proportion to Proportion at Proportion: Could not find a matching property accessor for 'Proportion' on 'SuperNova.VisualDesigner.ComponentToolViewModel'.
[13:25:37.792] [INF] [Binding] [Avalonia.Controls.Presenters.ContentPresenter] An error occurred binding (unknown) to IsCollapsable at IsCollapsable: Unable to cast object of type 'SuperNova.VisualDesigner.ComponentToolViewModel' to type 'Dock.Model.Core.IDock'.
[13:25:37.793] [INF] [Binding] [Avalonia.Controls.Presenters.ContentPresenter] An error occurred binding (unknown) to IsEmpty at IsEmpty: Unable to cast object of type 'SuperNova.VisualDesigner.ComponentToolViewModel' to type 'Dock.Model.Core.IDock'.
[13:25:37.794] [INF] [Binding] [Avalonia.Controls.Presenters.ContentPresenter] An error occurred binding Proportion to Proportion at Proportion: Could not find a matching property accessor for 'Proportion' on 'SuperNova.VisualDesigner.ComponentToolViewModel'.
[13:25:37.795] [INF] [Binding] [Avalonia.Controls.Presenters.ContentPresenter] An error occurred binding (unknown) to IsCollapsable at IsCollapsable: Unable to cast object of type 'SuperNova.VisualDesigner.ComponentToolViewModel' to type 'Dock.Model.Core.IDock'.
[13:25:37.796] [INF] [Binding] [Avalonia.Controls.Presenters.ContentPresenter] An error occurred binding (unknown) to IsEmpty at IsEmpty: Unable to cast object of type 'SuperNova.VisualDesigner.ComponentToolViewModel' to type 'Dock.Model.Core.IDock'.
[13:25:37.797] [INF] [Binding] [Avalonia.Controls.Presenters.ContentPresenter] An error occurred binding Proportion to Proportion at Proportion: Could not find a matching property accessor for 'Proportion' on 'SuperNova.VisualDesigner.ComponentToolViewModel'.
[13:25:37.798] [INF] [Binding] [Avalonia.Controls.Presenters.ContentPresenter] An error occurred binding (unknown) to IsCollapsable at IsCollapsable: Unable to cast object of type 'SuperNova.VisualDesigner.ComponentToolViewModel' to type 'Dock.Model.Core.IDock'.
[13:25:37.799] [INF] [Binding] [Avalonia.Controls.Presenters.ContentPresenter] An error occurred binding (unknown) to IsEmpty at IsEmpty: Unable to cast object of type 'SuperNova.VisualDesigner.ComponentToolViewModel' to type 'Dock.Model.Core.IDock'.
[13:25:37.800] [INF] [Binding] [Avalonia.Controls.Presenters.ContentPresenter] An error occurred binding Proportion to Proportion at Proportion: Could not find a matching property accessor for 'Proportion' on 'SuperNova.VisualDesigner.ComponentToolViewModel'.
[13:25:37.801] [INF] [Binding] [Avalonia.Controls.Presenters.ContentPresenter] An error occurred binding (unknown) to IsCollapsable at IsCollapsable: Unable to cast object of type 'SuperNova.VisualDesigner.ComponentToolViewModel' to type 'Dock.Model.Core.IDock'.
[13:25:37.802] [INF] [Binding] [Avalonia.Controls.Presenters.ContentPresenter] An error occurred binding (unknown) to IsEmpty at IsEmpty: Unable to cast object of type 'SuperNova.VisualDesigner.ComponentToolViewModel' to type 'Dock.Model.Core.IDock'.
[13:25:37.803] [INF] [Binding] [Avalonia.Controls.Presenters.ContentPresenter] An error occurred binding Proportion to Proportion at Proportion: Could not find a matching property accessor for 'Proportion' on 'SuperNova.VisualDesigner.ComponentToolViewModel'.
[13:25:37.804] [INF] [Binding] [Avalonia.Controls.Presenters.ContentPresenter] An error occurred binding (unknown) to IsCollapsable at IsCollapsable: Unable to cast object of type 'SuperNova.VisualDesigner.ComponentToolViewModel' to type 'Dock.Model.Core.IDock'.
[13:25:37.806] [INF] [Binding] [Avalonia.Controls.Presenters.ContentPresenter] An error occurred binding (unknown) to IsEmpty at IsEmpty: Unable to cast object of type 'SuperNova.VisualDesigner.ComponentToolViewModel' to type 'Dock.Model.Core.IDock'.
[13:25:37.807] [INF] [Binding] [Avalonia.Controls.Presenters.ContentPresenter] An error occurred binding Proportion to Proportion at Proportion: Could not find a matching property accessor for 'Proportion' on 'SuperNova.VisualDesigner.ComponentToolViewModel'.
[13:25:37.808] [INF] [Binding] [Avalonia.Controls.Presenters.ContentPresenter] An error occurred binding (unknown) to IsCollapsable at IsCollapsable: Unable to cast object of type 'SuperNova.VisualDesigner.ComponentToolViewModel' to type 'Dock.Model.Core.IDock'.
[13:25:37.809] [INF] [Binding] [Avalonia.Controls.Presenters.ContentPresenter] An error occurred binding (unknown) to IsEmpty at IsEmpty: Unable to cast object of type 'SuperNova.VisualDesigner.ComponentToolViewModel' to type 'Dock.Model.Core.IDock'.
[13:25:37.897] [INF] [Binding] [Avalonia.Controls.Grid] An error occurred binding IsVisible to !PinnedDock.IsEmpty at PinnedDock: Value is null.
[13:25:39.561] [INF] [Binding] [Avalonia.Animation.AnimatorKeyFrame] An error occurred binding Value to Bounds.Height at Bounds: Property 'Bounds not registered on 'Avalonia.Animation.AnimatorKeyFrame
[13:25:39.564] [INF] [Binding] [Avalonia.Animation.AnimatorKeyFrame] An error occurred binding Value to Bounds.Height at Bounds: Property 'Bounds not registered on 'Avalonia.Animation.AnimatorKeyFrame
[13:25:39.567] [INF] [Binding] [Avalonia.Animation.AnimatorKeyFrame] An error occurred binding Value to Bounds.Height at Bounds: Property 'Bounds not registered on 'Avalonia.Animation.AnimatorKeyFrame
[13:25:39.570] [INF] [Binding] [Avalonia.Animation.AnimatorKeyFrame] An error occurred binding Value to Bounds.Height at Bounds: Property 'Bounds not registered on 'Avalonia.Animation.AnimatorKeyFrame
[13:25:39.995] [INF] [Binding] [Avalonia.Animation.AnimatorKeyFrame] An error occurred binding Value to Bounds.Height at Bounds: Property 'Bounds not registered on 'Avalonia.Animation.AnimatorKeyFrame
[13:25:40.019] [INF] [Binding] [Avalonia.Animation.AnimatorKeyFrame] An error occurred binding Value to Bounds.Height at Bounds: Property 'Bounds not registered on 'Avalonia.Animation.AnimatorKeyFrame
[13:25:40.020] [INF] [Binding] [Avalonia.Animation.AnimatorKeyFrame] An error occurred binding Value to Bounds.Height at Bounds: Property 'Bounds not registered on 'Avalonia.Animation.AnimatorKeyFrame
[13:25:40.022] [INF] [Binding] [Avalonia.Animation.AnimatorKeyFrame] An error occurred binding Value to Bounds.Height at Bounds: Property 'Bounds not registered on 'Avalonia.Animation.AnimatorKeyFrame
[13:25:40.023] [INF] [Binding] [Avalonia.Animation.AnimatorKeyFrame] An error occurred binding Value to Bounds.Height at Bounds: Property 'Bounds not registered on 'Avalonia.Animation.AnimatorKeyFrame
[13:25:40.025] [INF] [Binding] [Avalonia.Animation.AnimatorKeyFrame] An error occurred binding Value to Bounds.Height at Bounds: Property 'Bounds not registered on 'Avalonia.Animation.AnimatorKeyFrame
[13:25:40.026] [INF] [Binding] [Avalonia.Animation.AnimatorKeyFrame] An error occurred binding Value to Bounds.Height at Bounds: Property 'Bounds not registered on 'Avalonia.Animation.AnimatorKeyFrame
