[2025-07-24 17:14:05.765 INF] [] === APPLICATION STARTUP INITIATED ===
[2025-07-24 17:14:05.822 INF] [] Serilog logger initialized successfully
[2025-07-24 17:14:05.824 INF] [] Starting application with comprehensive stack overflow protection...
[2025-07-24 17:14:05.826 DBG] [] Fixing current working directory...
[2025-07-24 17:14:05.828 DBG] [] Fixing current working directory...
[2025-07-24 17:14:05.830 DBG] [] Process path: G:\codesecondfolder\BRU-Avtopark-Avtobusov\SuperNova.Desktop\bin\Debug\net9.0\SuperNova.Desktop.exe
[2025-07-24 17:14:05.833 DBG] [] Setting current directory to: G:\codesecondfolder\BRU-Avtopark-Avtobusov\SuperNova.Desktop\bin\Debug\net9.0
[2025-07-24 17:14:05.834 DBG] [] Current directory set successfully to: G:\codesecondfolder\BRU-Avtopark-Avtobusov\SuperNova.Desktop\bin\Debug\net9.0
[2025-07-24 17:14:05.836 DBG] [] Working directory fixed successfully
[2025-07-24 17:14:05.837 INF] [] Initiating safe Avalonia startup...
[2025-07-24 17:14:05.872 INF] [] === AVALONIA STARTUP PHASE ===
[2025-07-24 17:14:05.875 DBG] [] Building Avalonia application...
[2025-07-24 17:14:05.914 DBG] [] === BUILDING AVALONIA APP ===
[2025-07-24 17:14:05.916 DBG] [] Configuring base AppBuilder...
[2025-07-24 17:14:05.920 DBG] [] AppBuilder.Configure<App>() completed
[2025-07-24 17:14:05.922 DBG] [] Adding UsePlatformDetect()...
[2025-07-24 17:14:06.001 DBG] [] UsePlatformDetect() completed
[2025-07-24 17:14:06.002 DBG] [] Adding UseMessageBoxSounds()...
[2025-07-24 17:14:06.012 DBG] [] UseMessageBoxSounds() completed
[2025-07-24 17:14:06.015 DBG] [] Adding LogToTrace()...
[2025-07-24 17:14:06.019 DBG] [] LogToTrace() completed
[2025-07-24 17:14:06.022 DBG] [] Configuring fonts...
[2025-07-24 17:14:06.026 DBG] [] Font configuration completed
[2025-07-24 17:14:06.029 INF] [] Avalonia app builder configured successfully
[2025-07-24 17:14:06.031 DBG] [] Avalonia app builder created successfully
[2025-07-24 17:14:06.034 INF] [] Starting Avalonia with ClassicDesktopLifetime...
[2025-07-24 17:14:06.036 DBG] [] Arguments: 
[2025-07-24 17:14:06.037 DBG] [] Shutdown mode: OnExplicitShutdown
[2025-07-24 17:14:06.543 INF] [] TypeConverter protection system initialized
[2025-07-24 17:14:06.545 INF] [] String formatting protection initialized with InvariantCulture
[2025-07-24 17:56:02.003 INF] [] === APPLICATION STARTUP INITIATED ===
[2025-07-24 17:56:02.064 INF] [] Serilog logger initialized successfully
[2025-07-24 17:56:02.066 INF] [] Starting application with comprehensive stack overflow protection...
[2025-07-24 17:56:02.068 DBG] [] Fixing current working directory...
[2025-07-24 17:56:02.070 DBG] [] Fixing current working directory...
[2025-07-24 17:56:02.073 DBG] [] Process path: G:\codesecondfolder\BRU-Avtopark-Avtobusov\SuperNova.Desktop\bin\Debug\net9.0\SuperNova.Desktop.exe
[2025-07-24 17:56:02.077 DBG] [] Setting current directory to: G:\codesecondfolder\BRU-Avtopark-Avtobusov\SuperNova.Desktop\bin\Debug\net9.0
[2025-07-24 17:56:02.079 DBG] [] Current directory set successfully to: G:\codesecondfolder\BRU-Avtopark-Avtobusov\SuperNova.Desktop\bin\Debug\net9.0
[2025-07-24 17:56:02.081 DBG] [] Working directory fixed successfully
[2025-07-24 17:56:02.083 INF] [] Initiating safe Avalonia startup...
[2025-07-24 17:56:02.094 INF] [] === AVALONIA STARTUP PHASE ===
[2025-07-24 17:56:02.096 DBG] [] Building Avalonia application...
[2025-07-24 17:56:02.117 DBG] [] === BUILDING AVALONIA APP ===
[2025-07-24 17:56:02.119 DBG] [] Configuring base AppBuilder...
[2025-07-24 17:56:02.122 DBG] [] AppBuilder.Configure<App>() completed
[2025-07-24 17:56:02.123 DBG] [] Adding UsePlatformDetect()...
[2025-07-24 17:56:02.174 DBG] [] UsePlatformDetect() completed
[2025-07-24 17:56:02.176 DBG] [] Adding UseMessageBoxSounds()...
[2025-07-24 17:56:02.187 DBG] [] UseMessageBoxSounds() completed
[2025-07-24 17:56:02.189 DBG] [] Adding LogToTrace()...
[2025-07-24 17:56:02.191 DBG] [] LogToTrace() completed
[2025-07-24 17:56:02.194 DBG] [] Configuring fonts...
[2025-07-24 17:56:02.197 DBG] [] Font configuration completed
[2025-07-24 17:56:02.200 INF] [] Avalonia app builder configured successfully
[2025-07-24 17:56:02.203 DBG] [] Avalonia app builder created successfully
[2025-07-24 17:56:02.206 INF] [] Starting Avalonia with ClassicDesktopLifetime...
[2025-07-24 17:56:02.209 DBG] [] Arguments: 
[2025-07-24 17:56:02.212 DBG] [] Shutdown mode: OnExplicitShutdown
[2025-07-24 17:56:02.696 INF] [] TypeConverter protection system initialized
[2025-07-24 17:56:02.699 INF] [] String formatting protection initialized with InvariantCulture
[2025-07-24 18:10:11.396 INF] [] === APPLICATION STARTUP INITIATED ===
[2025-07-24 18:10:11.449 INF] [] Serilog logger initialized successfully
[2025-07-24 18:10:11.451 INF] [] Starting application with comprehensive stack overflow protection...
[2025-07-24 18:10:11.452 DBG] [] Fixing current working directory...
[2025-07-24 18:10:11.455 DBG] [] Fixing current working directory...
[2025-07-24 18:10:11.456 DBG] [] Process path: G:\codesecondfolder\BRU-Avtopark-Avtobusov\SuperNova.Desktop\bin\Debug\net9.0\SuperNova.Desktop.exe
[2025-07-24 18:10:11.460 DBG] [] Setting current directory to: G:\codesecondfolder\BRU-Avtopark-Avtobusov\SuperNova.Desktop\bin\Debug\net9.0
[2025-07-24 18:10:11.463 DBG] [] Current directory set successfully to: G:\codesecondfolder\BRU-Avtopark-Avtobusov\SuperNova.Desktop\bin\Debug\net9.0
[2025-07-24 18:10:11.464 DBG] [] Working directory fixed successfully
[2025-07-24 18:10:11.465 INF] [] Initiating safe Avalonia startup...
[2025-07-24 18:10:11.471 INF] [] === AVALONIA STARTUP PHASE ===
[2025-07-24 18:10:11.472 DBG] [] Building Avalonia application...
[2025-07-24 18:10:11.491 DBG] [] === BUILDING AVALONIA APP ===
[2025-07-24 18:10:11.492 DBG] [] Configuring base AppBuilder...
[2025-07-24 18:10:11.494 DBG] [] AppBuilder.Configure<App>() completed
[2025-07-24 18:10:11.495 DBG] [] Adding UsePlatformDetect()...
[2025-07-24 18:10:11.539 DBG] [] UsePlatformDetect() completed
[2025-07-24 18:10:11.540 DBG] [] Adding UseMessageBoxSounds()...
[2025-07-24 18:10:11.551 DBG] [] UseMessageBoxSounds() completed
[2025-07-24 18:10:11.555 DBG] [] Adding LogToTrace()...
[2025-07-24 18:10:11.557 DBG] [] LogToTrace() completed
[2025-07-24 18:10:11.559 DBG] [] Configuring fonts...
[2025-07-24 18:10:11.561 DBG] [] Font configuration completed
[2025-07-24 18:10:11.563 INF] [] Avalonia app builder configured successfully
[2025-07-24 18:10:11.564 DBG] [] Avalonia app builder created successfully
[2025-07-24 18:10:11.566 INF] [] Starting Avalonia with ClassicDesktopLifetime...
[2025-07-24 18:10:11.568 DBG] [] Arguments: 
[2025-07-24 18:10:11.569 DBG] [] Shutdown mode: OnExplicitShutdown
[2025-07-24 18:10:12.008 INF] [] TypeConverter protection system initialized
[2025-07-24 18:10:12.010 INF] [] String formatting protection initialized with InvariantCulture
[2025-07-24 18:11:53.542 INF] [] === APPLICATION STARTUP INITIATED ===
[2025-07-24 18:11:53.595 INF] [] Serilog logger initialized successfully
[2025-07-24 18:11:53.598 INF] [] Starting application with comprehensive stack overflow protection...
[2025-07-24 18:11:53.599 DBG] [] Fixing current working directory...
[2025-07-24 18:11:53.601 DBG] [] Fixing current working directory...
[2025-07-24 18:11:53.603 DBG] [] Process path: G:\codesecondfolder\BRU-Avtopark-Avtobusov\SuperNova.Desktop\bin\Debug\net9.0\SuperNova.Desktop.exe
[2025-07-24 18:11:53.606 DBG] [] Setting current directory to: G:\codesecondfolder\BRU-Avtopark-Avtobusov\SuperNova.Desktop\bin\Debug\net9.0
[2025-07-24 18:11:53.607 DBG] [] Current directory set successfully to: G:\codesecondfolder\BRU-Avtopark-Avtobusov\SuperNova.Desktop\bin\Debug\net9.0
[2025-07-24 18:11:53.610 DBG] [] Working directory fixed successfully
[2025-07-24 18:11:53.612 INF] [] Initiating safe Avalonia startup...
[2025-07-24 18:11:53.618 INF] [] === AVALONIA STARTUP PHASE ===
[2025-07-24 18:11:53.620 DBG] [] Building Avalonia application...
[2025-07-24 18:11:53.639 DBG] [] === BUILDING AVALONIA APP ===
[2025-07-24 18:11:53.641 DBG] [] Configuring base AppBuilder...
[2025-07-24 18:11:53.643 DBG] [] AppBuilder.Configure<App>() completed
[2025-07-24 18:11:53.646 DBG] [] Adding UsePlatformDetect()...
[2025-07-24 18:11:53.684 DBG] [] UsePlatformDetect() completed
[2025-07-24 18:11:53.686 DBG] [] Adding UseMessageBoxSounds()...
[2025-07-24 18:11:53.695 DBG] [] UseMessageBoxSounds() completed
[2025-07-24 18:11:53.696 DBG] [] Adding LogToTrace()...
[2025-07-24 18:11:53.698 DBG] [] LogToTrace() completed
[2025-07-24 18:11:53.699 DBG] [] Configuring fonts...
[2025-07-24 18:11:53.700 DBG] [] Font configuration completed
[2025-07-24 18:11:53.702 INF] [] Avalonia app builder configured successfully
[2025-07-24 18:11:53.703 DBG] [] Avalonia app builder created successfully
[2025-07-24 18:11:53.704 INF] [] Starting Avalonia with ClassicDesktopLifetime...
[2025-07-24 18:11:53.705 DBG] [] Arguments: 
[2025-07-24 18:11:53.707 DBG] [] Shutdown mode: OnExplicitShutdown
[2025-07-24 18:11:54.125 INF] [] TypeConverter protection system initialized
[2025-07-24 18:11:54.127 INF] [] String formatting protection initialized with InvariantCulture
[2025-07-24 18:47:22.764 INF] [] === APPLICATION STARTUP INITIATED ===
[2025-07-24 18:47:22.834 INF] [] Serilog logger initialized successfully
[2025-07-24 18:47:22.836 INF] [] Starting application with comprehensive stack overflow protection...
[2025-07-24 18:47:22.838 DBG] [] Fixing current working directory...
[2025-07-24 18:47:22.841 DBG] [] Fixing current working directory...
[2025-07-24 18:47:22.844 DBG] [] Process path: G:\codesecondfolder\BRU-Avtopark-Avtobusov\SuperNova.Desktop\bin\Debug\net9.0\SuperNova.Desktop.exe
[2025-07-24 18:47:22.848 DBG] [] Setting current directory to: G:\codesecondfolder\BRU-Avtopark-Avtobusov\SuperNova.Desktop\bin\Debug\net9.0
[2025-07-24 18:47:22.849 DBG] [] Current directory set successfully to: G:\codesecondfolder\BRU-Avtopark-Avtobusov\SuperNova.Desktop\bin\Debug\net9.0
[2025-07-24 18:47:22.850 DBG] [] Working directory fixed successfully
[2025-07-24 18:47:22.853 INF] [] Initiating safe Avalonia startup...
[2025-07-24 18:47:22.861 INF] [] === AVALONIA STARTUP PHASE ===
[2025-07-24 18:47:22.862 DBG] [] Building Avalonia application...
[2025-07-24 18:47:22.880 DBG] [] === BUILDING AVALONIA APP ===
[2025-07-24 18:47:22.881 DBG] [] Configuring base AppBuilder...
[2025-07-24 18:47:22.884 DBG] [] AppBuilder.Configure<App>() completed
[2025-07-24 18:47:22.886 DBG] [] Adding UsePlatformDetect()...
[2025-07-24 18:47:22.942 DBG] [] UsePlatformDetect() completed
[2025-07-24 18:47:22.945 DBG] [] Adding UseMessageBoxSounds()...
[2025-07-24 18:47:22.954 DBG] [] UseMessageBoxSounds() completed
[2025-07-24 18:47:22.957 DBG] [] Adding LogToTrace()...
[2025-07-24 18:47:22.960 DBG] [] LogToTrace() completed
[2025-07-24 18:47:22.962 DBG] [] Configuring fonts...
[2025-07-24 18:47:22.964 DBG] [] Font configuration completed
[2025-07-24 18:47:22.966 INF] [] Avalonia app builder configured successfully
[2025-07-24 18:47:22.968 DBG] [] Avalonia app builder created successfully
[2025-07-24 18:47:22.969 INF] [] Starting Avalonia with ClassicDesktopLifetime...
[2025-07-24 18:47:22.970 DBG] [] Arguments: 
[2025-07-24 18:47:22.971 DBG] [] Shutdown mode: OnExplicitShutdown
[2025-07-24 18:47:23.437 INF] [] TypeConverter protection system initialized
[2025-07-24 18:47:23.439 INF] [] String formatting protection initialized with InvariantCulture
[2025-07-24 18:52:46.319 INF] [] === APPLICATION STARTUP INITIATED ===
[2025-07-24 18:52:46.374 INF] [] Serilog logger initialized successfully
[2025-07-24 18:52:46.375 INF] [] Starting application with comprehensive stack overflow protection...
[2025-07-24 18:52:46.377 DBG] [] Fixing current working directory...
[2025-07-24 18:52:46.379 DBG] [] Fixing current working directory...
[2025-07-24 18:52:46.382 DBG] [] Process path: G:\codesecondfolder\BRU-Avtopark-Avtobusov\SuperNova.Desktop\bin\Debug\net9.0\SuperNova.Desktop.exe
[2025-07-24 18:52:46.387 DBG] [] Setting current directory to: G:\codesecondfolder\BRU-Avtopark-Avtobusov\SuperNova.Desktop\bin\Debug\net9.0
[2025-07-24 18:52:46.389 DBG] [] Current directory set successfully to: G:\codesecondfolder\BRU-Avtopark-Avtobusov\SuperNova.Desktop\bin\Debug\net9.0
[2025-07-24 18:52:46.390 DBG] [] Working directory fixed successfully
[2025-07-24 18:52:46.392 INF] [] Initiating safe Avalonia startup...
[2025-07-24 18:52:46.403 INF] [] === AVALONIA STARTUP PHASE ===
[2025-07-24 18:52:46.405 DBG] [] Building Avalonia application...
[2025-07-24 18:52:46.424 DBG] [] === BUILDING AVALONIA APP ===
[2025-07-24 18:52:46.427 DBG] [] Configuring base AppBuilder...
[2025-07-24 18:52:46.429 DBG] [] AppBuilder.Configure<App>() completed
[2025-07-24 18:52:46.431 DBG] [] Adding UsePlatformDetect()...
[2025-07-24 18:52:46.477 DBG] [] UsePlatformDetect() completed
[2025-07-24 18:52:46.479 DBG] [] Adding UseMessageBoxSounds()...
[2025-07-24 18:52:46.488 DBG] [] UseMessageBoxSounds() completed
[2025-07-24 18:52:46.491 DBG] [] Adding LogToTrace()...
[2025-07-24 18:52:46.493 DBG] [] LogToTrace() completed
[2025-07-24 18:52:46.496 DBG] [] Configuring fonts...
[2025-07-24 18:52:46.498 DBG] [] Font configuration completed
[2025-07-24 18:52:46.501 INF] [] Avalonia app builder configured successfully
[2025-07-24 18:52:46.503 DBG] [] Avalonia app builder created successfully
[2025-07-24 18:52:46.505 INF] [] Starting Avalonia with ClassicDesktopLifetime...
[2025-07-24 18:52:46.507 DBG] [] Arguments: 
[2025-07-24 18:52:46.509 DBG] [] Shutdown mode: OnExplicitShutdown
[2025-07-24 18:52:46.915 INF] [] TypeConverter protection system initialized
[2025-07-24 18:52:46.917 INF] [] String formatting protection initialized with InvariantCulture
[2025-07-24 18:58:17.372 INF] [] === APPLICATION STARTUP INITIATED ===
[2025-07-24 18:58:17.424 INF] [] Serilog logger initialized successfully
[2025-07-24 18:58:17.425 INF] [] Starting application with comprehensive stack overflow protection...
[2025-07-24 18:58:17.427 DBG] [] Fixing current working directory...
[2025-07-24 18:58:17.428 DBG] [] Fixing current working directory...
[2025-07-24 18:58:17.430 DBG] [] Process path: G:\codesecondfolder\BRU-Avtopark-Avtobusov\SuperNova.Desktop\bin\Debug\net9.0\SuperNova.Desktop.exe
[2025-07-24 18:58:17.434 DBG] [] Setting current directory to: G:\codesecondfolder\BRU-Avtopark-Avtobusov\SuperNova.Desktop\bin\Debug\net9.0
[2025-07-24 18:58:17.436 DBG] [] Current directory set successfully to: G:\codesecondfolder\BRU-Avtopark-Avtobusov\SuperNova.Desktop\bin\Debug\net9.0
[2025-07-24 18:58:17.437 DBG] [] Working directory fixed successfully
[2025-07-24 18:58:17.438 INF] [] Initiating safe Avalonia startup...
[2025-07-24 18:58:17.447 INF] [] === AVALONIA STARTUP PHASE ===
[2025-07-24 18:58:17.449 DBG] [] Building Avalonia application...
[2025-07-24 18:58:17.467 DBG] [] === BUILDING AVALONIA APP ===
[2025-07-24 18:58:17.469 DBG] [] Configuring base AppBuilder...
[2025-07-24 18:58:17.471 DBG] [] AppBuilder.Configure<App>() completed
[2025-07-24 18:58:17.473 DBG] [] Adding UsePlatformDetect()...
[2025-07-24 18:58:17.517 DBG] [] UsePlatformDetect() completed
[2025-07-24 18:58:17.519 DBG] [] Adding UseMessageBoxSounds()...
[2025-07-24 18:58:17.526 DBG] [] UseMessageBoxSounds() completed
[2025-07-24 18:58:17.527 DBG] [] Adding LogToTrace()...
[2025-07-24 18:58:17.529 DBG] [] LogToTrace() completed
[2025-07-24 18:58:17.530 DBG] [] Configuring fonts...
[2025-07-24 18:58:17.533 DBG] [] Font configuration completed
[2025-07-24 18:58:17.535 INF] [] Avalonia app builder configured successfully
[2025-07-24 18:58:17.537 DBG] [] Avalonia app builder created successfully
[2025-07-24 18:58:17.539 INF] [] Starting Avalonia with ClassicDesktopLifetime...
[2025-07-24 18:58:17.541 DBG] [] Arguments: 
[2025-07-24 18:58:17.544 DBG] [] Shutdown mode: OnExplicitShutdown
[2025-07-24 18:58:17.935 INF] [] TypeConverter protection system initialized
[2025-07-24 18:58:17.937 INF] [] String formatting protection initialized with InvariantCulture
[2025-07-24 18:58:48.376 INF] [] === APPLICATION STARTUP INITIATED ===
[2025-07-24 18:58:48.430 INF] [] Serilog logger initialized successfully
[2025-07-24 18:58:48.432 INF] [] Starting application with comprehensive stack overflow protection...
[2025-07-24 18:58:48.433 DBG] [] Fixing current working directory...
[2025-07-24 18:58:48.435 DBG] [] Fixing current working directory...
[2025-07-24 18:58:48.437 DBG] [] Process path: G:\codesecondfolder\BRU-Avtopark-Avtobusov\SuperNova.Desktop\bin\Debug\net9.0\SuperNova.Desktop.exe
[2025-07-24 18:58:48.440 DBG] [] Setting current directory to: G:\codesecondfolder\BRU-Avtopark-Avtobusov\SuperNova.Desktop\bin\Debug\net9.0
[2025-07-24 18:58:48.441 DBG] [] Current directory set successfully to: G:\codesecondfolder\BRU-Avtopark-Avtobusov\SuperNova.Desktop\bin\Debug\net9.0
[2025-07-24 18:58:48.444 DBG] [] Working directory fixed successfully
[2025-07-24 18:58:48.446 INF] [] Initiating safe Avalonia startup...
[2025-07-24 18:58:48.452 INF] [] === AVALONIA STARTUP PHASE ===
[2025-07-24 18:58:48.453 DBG] [] Building Avalonia application...
[2025-07-24 18:58:48.471 DBG] [] === BUILDING AVALONIA APP ===
[2025-07-24 18:58:48.473 DBG] [] Configuring base AppBuilder...
[2025-07-24 18:58:48.475 DBG] [] AppBuilder.Configure<App>() completed
[2025-07-24 18:58:48.476 DBG] [] Adding UsePlatformDetect()...
[2025-07-24 18:58:48.521 DBG] [] UsePlatformDetect() completed
[2025-07-24 18:58:48.523 DBG] [] Adding UseMessageBoxSounds()...
[2025-07-24 18:58:48.532 DBG] [] UseMessageBoxSounds() completed
[2025-07-24 18:58:48.533 DBG] [] Adding LogToTrace()...
[2025-07-24 18:58:48.534 DBG] [] LogToTrace() completed
[2025-07-24 18:58:48.536 DBG] [] Configuring fonts...
[2025-07-24 18:58:48.537 DBG] [] Font configuration completed
[2025-07-24 18:58:48.539 INF] [] Avalonia app builder configured successfully
[2025-07-24 18:58:48.540 DBG] [] Avalonia app builder created successfully
[2025-07-24 18:58:48.541 INF] [] Starting Avalonia with ClassicDesktopLifetime...
[2025-07-24 18:58:48.543 DBG] [] Arguments: 
[2025-07-24 18:58:48.545 DBG] [] Shutdown mode: OnExplicitShutdown
[2025-07-24 18:58:48.913 INF] [] TypeConverter protection system initialized
[2025-07-24 18:58:48.915 INF] [] String formatting protection initialized with InvariantCulture
[2025-07-24 19:14:06.861 INF] [] === APPLICATION STARTUP INITIATED ===
[2025-07-24 19:14:06.932 INF] [] Serilog logger initialized successfully
[2025-07-24 19:14:06.933 INF] [] Starting application with comprehensive stack overflow protection...
[2025-07-24 19:14:06.936 DBG] [] Fixing current working directory...
[2025-07-24 19:14:06.939 DBG] [] Fixing current working directory...
[2025-07-24 19:14:06.941 DBG] [] Process path: G:\codesecondfolder\BRU-Avtopark-Avtobusov\SuperNova.Desktop\bin\Debug\net9.0\SuperNova.Desktop.exe
[2025-07-24 19:14:06.946 DBG] [] Setting current directory to: G:\codesecondfolder\BRU-Avtopark-Avtobusov\SuperNova.Desktop\bin\Debug\net9.0
[2025-07-24 19:14:06.947 DBG] [] Current directory set successfully to: G:\codesecondfolder\BRU-Avtopark-Avtobusov\SuperNova.Desktop\bin\Debug\net9.0
[2025-07-24 19:14:06.948 DBG] [] Working directory fixed successfully
[2025-07-24 19:14:06.949 INF] [] Initiating safe Avalonia startup...
[2025-07-24 19:14:06.957 INF] [] === AVALONIA STARTUP PHASE ===
[2025-07-24 19:14:06.958 DBG] [] Building Avalonia application...
[2025-07-24 19:14:06.980 DBG] [] === BUILDING AVALONIA APP ===
[2025-07-24 19:14:06.981 DBG] [] Configuring base AppBuilder...
[2025-07-24 19:14:06.982 DBG] [] AppBuilder.Configure<App>() completed
[2025-07-24 19:14:06.984 DBG] [] Adding UsePlatformDetect()...
[2025-07-24 19:14:07.029 DBG] [] UsePlatformDetect() completed
[2025-07-24 19:14:07.031 DBG] [] Adding UseMessageBoxSounds()...
[2025-07-24 19:14:07.039 DBG] [] UseMessageBoxSounds() completed
[2025-07-24 19:14:07.040 DBG] [] Adding LogToTrace()...
[2025-07-24 19:14:07.042 DBG] [] LogToTrace() completed
[2025-07-24 19:14:07.044 DBG] [] Configuring fonts...
[2025-07-24 19:14:07.047 DBG] [] Font configuration completed
[2025-07-24 19:14:07.048 INF] [] Avalonia app builder configured successfully
[2025-07-24 19:14:07.049 DBG] [] Avalonia app builder created successfully
[2025-07-24 19:14:07.050 INF] [] Starting Avalonia with ClassicDesktopLifetime...
[2025-07-24 19:14:07.051 DBG] [] Arguments: 
[2025-07-24 19:14:07.053 DBG] [] Shutdown mode: OnExplicitShutdown
[2025-07-24 19:14:07.571 INF] [] TypeConverter protection system initialized
[2025-07-24 19:14:07.573 INF] [] String formatting protection initialized with InvariantCulture
[2025-07-24 19:14:41.358 INF] [] === APPLICATION STARTUP INITIATED ===
[2025-07-24 19:14:41.411 INF] [] Serilog logger initialized successfully
[2025-07-24 19:14:41.413 INF] [] Starting application with comprehensive stack overflow protection...
[2025-07-24 19:14:41.414 DBG] [] Fixing current working directory...
[2025-07-24 19:14:41.415 DBG] [] Fixing current working directory...
[2025-07-24 19:14:41.416 DBG] [] Process path: G:\codesecondfolder\BRU-Avtopark-Avtobusov\SuperNova.Desktop\bin\Debug\net9.0\SuperNova.Desktop.exe
[2025-07-24 19:14:41.419 DBG] [] Setting current directory to: G:\codesecondfolder\BRU-Avtopark-Avtobusov\SuperNova.Desktop\bin\Debug\net9.0
[2025-07-24 19:14:41.420 DBG] [] Current directory set successfully to: G:\codesecondfolder\BRU-Avtopark-Avtobusov\SuperNova.Desktop\bin\Debug\net9.0
[2025-07-24 19:14:41.421 DBG] [] Working directory fixed successfully
[2025-07-24 19:14:41.422 INF] [] Initiating safe Avalonia startup...
[2025-07-24 19:14:41.428 INF] [] === AVALONIA STARTUP PHASE ===
[2025-07-24 19:14:41.429 DBG] [] Building Avalonia application...
[2025-07-24 19:14:41.444 DBG] [] === BUILDING AVALONIA APP ===
[2025-07-24 19:14:41.445 DBG] [] Configuring base AppBuilder...
[2025-07-24 19:14:41.447 DBG] [] AppBuilder.Configure<App>() completed
[2025-07-24 19:14:41.448 DBG] [] Adding UsePlatformDetect()...
[2025-07-24 19:14:41.490 DBG] [] UsePlatformDetect() completed
[2025-07-24 19:14:41.491 DBG] [] Adding UseMessageBoxSounds()...
[2025-07-24 19:14:41.498 DBG] [] UseMessageBoxSounds() completed
[2025-07-24 19:14:41.499 DBG] [] Adding LogToTrace()...
[2025-07-24 19:14:41.500 DBG] [] LogToTrace() completed
[2025-07-24 19:14:41.501 DBG] [] Configuring fonts...
[2025-07-24 19:14:41.503 DBG] [] Font configuration completed
[2025-07-24 19:14:41.504 INF] [] Avalonia app builder configured successfully
[2025-07-24 19:14:41.505 DBG] [] Avalonia app builder created successfully
[2025-07-24 19:14:41.506 INF] [] Starting Avalonia with ClassicDesktopLifetime...
[2025-07-24 19:14:41.507 DBG] [] Arguments: 
[2025-07-24 19:14:41.508 DBG] [] Shutdown mode: OnExplicitShutdown
[2025-07-24 19:14:41.909 INF] [] TypeConverter protection system initialized
[2025-07-24 19:14:41.911 INF] [] String formatting protection initialized with InvariantCulture
[2025-07-24 19:15:00.850 INF] [] === APPLICATION STARTUP INITIATED ===
[2025-07-24 19:15:00.907 INF] [] Serilog logger initialized successfully
[2025-07-24 19:15:00.909 INF] [] Starting application with comprehensive stack overflow protection...
[2025-07-24 19:15:00.910 DBG] [] Fixing current working directory...
[2025-07-24 19:15:00.913 DBG] [] Fixing current working directory...
[2025-07-24 19:15:00.916 DBG] [] Process path: G:\codesecondfolder\BRU-Avtopark-Avtobusov\SuperNova.Desktop\bin\Debug\net9.0\SuperNova.Desktop.exe
[2025-07-24 19:15:00.918 DBG] [] Setting current directory to: G:\codesecondfolder\BRU-Avtopark-Avtobusov\SuperNova.Desktop\bin\Debug\net9.0
[2025-07-24 19:15:00.920 DBG] [] Current directory set successfully to: G:\codesecondfolder\BRU-Avtopark-Avtobusov\SuperNova.Desktop\bin\Debug\net9.0
[2025-07-24 19:15:00.922 DBG] [] Working directory fixed successfully
[2025-07-24 19:15:00.925 INF] [] Initiating safe Avalonia startup...
[2025-07-24 19:15:00.937 INF] [] === AVALONIA STARTUP PHASE ===
[2025-07-24 19:15:00.939 DBG] [] Building Avalonia application...
[2025-07-24 19:15:00.965 DBG] [] === BUILDING AVALONIA APP ===
[2025-07-24 19:15:00.966 DBG] [] Configuring base AppBuilder...
[2025-07-24 19:15:00.968 DBG] [] AppBuilder.Configure<App>() completed
[2025-07-24 19:15:00.970 DBG] [] Adding UsePlatformDetect()...
[2025-07-24 19:15:01.019 DBG] [] UsePlatformDetect() completed
[2025-07-24 19:15:01.022 DBG] [] Adding UseMessageBoxSounds()...
[2025-07-24 19:15:01.032 DBG] [] UseMessageBoxSounds() completed
[2025-07-24 19:15:01.033 DBG] [] Adding LogToTrace()...
[2025-07-24 19:15:01.035 DBG] [] LogToTrace() completed
[2025-07-24 19:15:01.036 DBG] [] Configuring fonts...
[2025-07-24 19:15:01.038 DBG] [] Font configuration completed
[2025-07-24 19:15:01.040 INF] [] Avalonia app builder configured successfully
[2025-07-24 19:15:01.042 DBG] [] Avalonia app builder created successfully
[2025-07-24 19:15:01.044 INF] [] Starting Avalonia with ClassicDesktopLifetime...
[2025-07-24 19:15:01.046 DBG] [] Arguments: 
[2025-07-24 19:15:01.048 DBG] [] Shutdown mode: OnExplicitShutdown
[2025-07-24 19:15:01.507 INF] [] TypeConverter protection system initialized
[2025-07-24 19:15:01.509 INF] [] String formatting protection initialized with InvariantCulture
[2025-07-24 19:16:34.454 INF] [] === APPLICATION STARTUP INITIATED ===
[2025-07-24 19:16:34.518 INF] [] Serilog logger initialized successfully
[2025-07-24 19:16:34.520 INF] [] Starting application with comprehensive stack overflow protection...
[2025-07-24 19:16:34.522 DBG] [] Fixing current working directory...
[2025-07-24 19:16:34.525 DBG] [] Fixing current working directory...
[2025-07-24 19:16:34.527 DBG] [] Process path: G:\codesecondfolder\BRU-Avtopark-Avtobusov\SuperNova.Desktop\bin\Debug\net9.0\SuperNova.Desktop.exe
[2025-07-24 19:16:34.530 DBG] [] Setting current directory to: G:\codesecondfolder\BRU-Avtopark-Avtobusov\SuperNova.Desktop\bin\Debug\net9.0
[2025-07-24 19:16:34.531 DBG] [] Current directory set successfully to: G:\codesecondfolder\BRU-Avtopark-Avtobusov\SuperNova.Desktop\bin\Debug\net9.0
[2025-07-24 19:16:34.532 DBG] [] Working directory fixed successfully
[2025-07-24 19:16:34.534 INF] [] Initiating safe Avalonia startup...
[2025-07-24 19:16:34.543 INF] [] === AVALONIA STARTUP PHASE ===
[2025-07-24 19:16:34.545 DBG] [] Building Avalonia application...
[2025-07-24 19:16:34.566 DBG] [] === BUILDING AVALONIA APP ===
[2025-07-24 19:16:34.567 DBG] [] Configuring base AppBuilder...
[2025-07-24 19:16:34.568 DBG] [] AppBuilder.Configure<App>() completed
[2025-07-24 19:16:34.570 DBG] [] Adding UsePlatformDetect()...
[2025-07-24 19:16:34.654 DBG] [] UsePlatformDetect() completed
[2025-07-24 19:16:34.656 DBG] [] Adding UseMessageBoxSounds()...
[2025-07-24 19:16:34.667 DBG] [] UseMessageBoxSounds() completed
[2025-07-24 19:16:34.669 DBG] [] Adding LogToTrace()...
[2025-07-24 19:16:34.671 DBG] [] LogToTrace() completed
[2025-07-24 19:16:34.673 DBG] [] Configuring fonts...
[2025-07-24 19:16:34.675 DBG] [] Font configuration completed
[2025-07-24 19:16:34.677 INF] [] Avalonia app builder configured successfully
[2025-07-24 19:16:34.678 DBG] [] Avalonia app builder created successfully
[2025-07-24 19:16:34.680 INF] [] Starting Avalonia with ClassicDesktopLifetime...
[2025-07-24 19:16:34.683 DBG] [] Arguments: 
[2025-07-24 19:16:34.684 DBG] [] Shutdown mode: OnExplicitShutdown
[2025-07-24 19:16:35.207 INF] [] TypeConverter protection system initialized
[2025-07-24 19:16:35.210 INF] [] String formatting protection initialized with InvariantCulture
[2025-07-24 19:22:35.770 INF] [] === APPLICATION STARTUP INITIATED ===
[2025-07-24 19:22:35.828 INF] [] Serilog logger initialized successfully
[2025-07-24 19:22:35.829 INF] [] Starting application with comprehensive stack overflow protection...
[2025-07-24 19:22:35.831 DBG] [] Fixing current working directory...
[2025-07-24 19:22:35.833 DBG] [] Fixing current working directory...
[2025-07-24 19:22:35.835 DBG] [] Process path: G:\codesecondfolder\BRU-Avtopark-Avtobusov\SuperNova.Desktop\bin\Debug\net9.0\SuperNova.Desktop.exe
[2025-07-24 19:22:35.837 DBG] [] Setting current directory to: G:\codesecondfolder\BRU-Avtopark-Avtobusov\SuperNova.Desktop\bin\Debug\net9.0
[2025-07-24 19:22:35.838 DBG] [] Current directory set successfully to: G:\codesecondfolder\BRU-Avtopark-Avtobusov\SuperNova.Desktop\bin\Debug\net9.0
[2025-07-24 19:22:35.839 DBG] [] Working directory fixed successfully
[2025-07-24 19:22:35.840 INF] [] Initiating safe Avalonia startup...
[2025-07-24 19:22:35.849 INF] [] === AVALONIA STARTUP PHASE ===
[2025-07-24 19:22:35.850 DBG] [] Building Avalonia application...
[2025-07-24 19:22:35.867 DBG] [] === BUILDING AVALONIA APP ===
[2025-07-24 19:22:35.869 DBG] [] Configuring base AppBuilder...
[2025-07-24 19:22:35.871 DBG] [] AppBuilder.Configure<App>() completed
[2025-07-24 19:22:35.872 DBG] [] Adding UsePlatformDetect()...
[2025-07-24 19:22:35.911 DBG] [] UsePlatformDetect() completed
[2025-07-24 19:22:35.912 DBG] [] Adding UseMessageBoxSounds()...
[2025-07-24 19:22:35.919 DBG] [] UseMessageBoxSounds() completed
[2025-07-24 19:22:35.922 DBG] [] Adding LogToTrace()...
[2025-07-24 19:22:35.924 DBG] [] LogToTrace() completed
[2025-07-24 19:22:35.926 DBG] [] Configuring fonts...
[2025-07-24 19:22:35.927 DBG] [] Font configuration completed
[2025-07-24 19:22:35.929 INF] [] Avalonia app builder configured successfully
[2025-07-24 19:22:35.931 DBG] [] Avalonia app builder created successfully
[2025-07-24 19:22:35.932 INF] [] Starting Avalonia with ClassicDesktopLifetime...
[2025-07-24 19:22:35.934 DBG] [] Arguments: 
[2025-07-24 19:22:35.936 DBG] [] Shutdown mode: OnExplicitShutdown
[2025-07-24 19:22:36.349 INF] [] TypeConverter protection system initialized
[2025-07-24 19:22:36.352 INF] [] String formatting protection initialized with InvariantCulture
[2025-07-24 19:25:30.253 INF] [] === APPLICATION STARTUP INITIATED ===
[2025-07-24 19:25:30.325 INF] [] Serilog logger initialized successfully
[2025-07-24 19:25:30.327 INF] [] Starting application with comprehensive stack overflow protection...
[2025-07-24 19:25:30.328 DBG] [] Fixing current working directory...
[2025-07-24 19:25:30.330 DBG] [] Fixing current working directory...
[2025-07-24 19:25:30.333 DBG] [] Process path: G:\codesecondfolder\BRU-Avtopark-Avtobusov\SuperNova.Desktop\bin\Debug\net9.0\SuperNova.Desktop.exe
[2025-07-24 19:25:30.336 DBG] [] Setting current directory to: G:\codesecondfolder\BRU-Avtopark-Avtobusov\SuperNova.Desktop\bin\Debug\net9.0
[2025-07-24 19:25:30.338 DBG] [] Current directory set successfully to: G:\codesecondfolder\BRU-Avtopark-Avtobusov\SuperNova.Desktop\bin\Debug\net9.0
[2025-07-24 19:25:30.339 DBG] [] Working directory fixed successfully
[2025-07-24 19:25:30.341 INF] [] Initiating safe Avalonia startup...
[2025-07-24 19:25:30.348 INF] [] === AVALONIA STARTUP PHASE ===
[2025-07-24 19:25:30.351 DBG] [] Building Avalonia application...
[2025-07-24 19:25:30.369 DBG] [] === BUILDING AVALONIA APP ===
[2025-07-24 19:25:30.371 DBG] [] Configuring base AppBuilder...
[2025-07-24 19:25:30.373 DBG] [] AppBuilder.Configure<App>() completed
[2025-07-24 19:25:30.374 DBG] [] Adding UsePlatformDetect()...
[2025-07-24 19:25:30.418 DBG] [] UsePlatformDetect() completed
[2025-07-24 19:25:30.419 DBG] [] Adding UseMessageBoxSounds()...
[2025-07-24 19:25:30.428 DBG] [] UseMessageBoxSounds() completed
[2025-07-24 19:25:30.430 DBG] [] Adding LogToTrace()...
[2025-07-24 19:25:30.433 DBG] [] LogToTrace() completed
[2025-07-24 19:25:30.434 DBG] [] Configuring fonts...
[2025-07-24 19:25:30.436 DBG] [] Font configuration completed
[2025-07-24 19:25:30.437 INF] [] Avalonia app builder configured successfully
[2025-07-24 19:25:30.439 DBG] [] Avalonia app builder created successfully
[2025-07-24 19:25:30.440 INF] [] Starting Avalonia with ClassicDesktopLifetime...
[2025-07-24 19:25:30.441 DBG] [] Arguments: 
[2025-07-24 19:25:30.442 DBG] [] Shutdown mode: OnExplicitShutdown
[2025-07-24 19:25:30.928 INF] [] TypeConverter protection system initialized
[2025-07-24 19:25:30.930 INF] [] String formatting protection initialized with InvariantCulture
[2025-07-24 19:27:29.736 INF] [] === APPLICATION STARTUP INITIATED ===
[2025-07-24 19:27:29.788 INF] [] Serilog logger initialized successfully
[2025-07-24 19:27:29.790 INF] [] Starting application with comprehensive stack overflow protection...
[2025-07-24 19:27:29.791 DBG] [] Fixing current working directory...
[2025-07-24 19:27:29.793 DBG] [] Fixing current working directory...
[2025-07-24 19:27:29.795 DBG] [] Process path: G:\codesecondfolder\BRU-Avtopark-Avtobusov\SuperNova.Desktop\bin\Debug\net9.0\SuperNova.Desktop.exe
[2025-07-24 19:27:29.798 DBG] [] Setting current directory to: G:\codesecondfolder\BRU-Avtopark-Avtobusov\SuperNova.Desktop\bin\Debug\net9.0
[2025-07-24 19:27:29.799 DBG] [] Current directory set successfully to: G:\codesecondfolder\BRU-Avtopark-Avtobusov\SuperNova.Desktop\bin\Debug\net9.0
[2025-07-24 19:27:29.800 DBG] [] Working directory fixed successfully
[2025-07-24 19:27:29.802 INF] [] Initiating safe Avalonia startup...
[2025-07-24 19:27:29.810 INF] [] === AVALONIA STARTUP PHASE ===
[2025-07-24 19:27:29.812 DBG] [] Building Avalonia application...
[2025-07-24 19:27:29.827 DBG] [] === BUILDING AVALONIA APP ===
[2025-07-24 19:27:29.828 DBG] [] Configuring base AppBuilder...
[2025-07-24 19:27:29.831 DBG] [] AppBuilder.Configure<App>() completed
[2025-07-24 19:27:29.832 DBG] [] Adding UsePlatformDetect()...
[2025-07-24 19:27:29.885 DBG] [] UsePlatformDetect() completed
[2025-07-24 19:27:29.886 DBG] [] Adding UseMessageBoxSounds()...
[2025-07-24 19:27:29.896 DBG] [] UseMessageBoxSounds() completed
[2025-07-24 19:27:29.898 DBG] [] Adding LogToTrace()...
[2025-07-24 19:27:29.901 DBG] [] LogToTrace() completed
[2025-07-24 19:27:29.903 DBG] [] Configuring fonts...
[2025-07-24 19:27:29.906 DBG] [] Font configuration completed
[2025-07-24 19:27:29.908 INF] [] Avalonia app builder configured successfully
[2025-07-24 19:27:29.910 DBG] [] Avalonia app builder created successfully
[2025-07-24 19:27:29.913 INF] [] Starting Avalonia with ClassicDesktopLifetime...
[2025-07-24 19:27:29.914 DBG] [] Arguments: 
[2025-07-24 19:27:29.916 DBG] [] Shutdown mode: OnExplicitShutdown
[2025-07-24 19:27:30.347 INF] [] TypeConverter protection system initialized
[2025-07-24 19:27:30.348 INF] [] String formatting protection initialized with InvariantCulture
[2025-07-24 19:31:54.389 INF] [] === APPLICATION STARTUP INITIATED ===
[2025-07-24 19:31:54.437 INF] [] Serilog logger initialized successfully
[2025-07-24 19:31:54.438 INF] [] Starting application with comprehensive stack overflow protection...
[2025-07-24 19:31:54.439 DBG] [] Fixing current working directory...
[2025-07-24 19:31:54.440 DBG] [] Fixing current working directory...
[2025-07-24 19:31:54.441 DBG] [] Process path: G:\codesecondfolder\BRU-Avtopark-Avtobusov\SuperNova.Desktop\bin\Debug\net9.0\SuperNova.Desktop.exe
[2025-07-24 19:31:54.444 DBG] [] Setting current directory to: G:\codesecondfolder\BRU-Avtopark-Avtobusov\SuperNova.Desktop\bin\Debug\net9.0
[2025-07-24 19:31:54.445 DBG] [] Current directory set successfully to: G:\codesecondfolder\BRU-Avtopark-Avtobusov\SuperNova.Desktop\bin\Debug\net9.0
[2025-07-24 19:31:54.446 DBG] [] Working directory fixed successfully
[2025-07-24 19:31:54.447 INF] [] Initiating safe Avalonia startup...
[2025-07-24 19:31:54.453 INF] [] === AVALONIA STARTUP PHASE ===
[2025-07-24 19:31:54.454 DBG] [] Building Avalonia application...
[2025-07-24 19:31:54.469 DBG] [] === BUILDING AVALONIA APP ===
[2025-07-24 19:31:54.470 DBG] [] Configuring base AppBuilder...
[2025-07-24 19:31:54.471 DBG] [] AppBuilder.Configure<App>() completed
[2025-07-24 19:31:54.472 DBG] [] Adding UsePlatformDetect()...
[2025-07-24 19:31:54.508 DBG] [] UsePlatformDetect() completed
[2025-07-24 19:31:54.509 DBG] [] Adding UseMessageBoxSounds()...
[2025-07-24 19:31:54.518 DBG] [] UseMessageBoxSounds() completed
[2025-07-24 19:31:54.519 DBG] [] Adding LogToTrace()...
[2025-07-24 19:31:54.520 DBG] [] LogToTrace() completed
[2025-07-24 19:31:54.521 DBG] [] Configuring fonts...
[2025-07-24 19:31:54.523 DBG] [] Font configuration completed
[2025-07-24 19:31:54.524 INF] [] Avalonia app builder configured successfully
[2025-07-24 19:31:54.525 DBG] [] Avalonia app builder created successfully
[2025-07-24 19:31:54.526 INF] [] Starting Avalonia with ClassicDesktopLifetime...
[2025-07-24 19:31:54.527 DBG] [] Arguments: 
[2025-07-24 19:31:54.528 DBG] [] Shutdown mode: OnExplicitShutdown
[2025-07-24 19:31:54.931 INF] [] TypeConverter protection system initialized
[2025-07-24 19:31:54.934 INF] [] String formatting protection initialized with InvariantCulture
[2025-07-24 21:26:37.999 INF] [] === APPLICATION STARTUP INITIATED ===
[2025-07-24 21:26:38.053 INF] [] Serilog logger initialized successfully
[2025-07-24 21:26:38.055 INF] [] Starting application with comprehensive stack overflow protection...
[2025-07-24 21:26:38.057 DBG] [] Fixing current working directory...
[2025-07-24 21:26:38.059 DBG] [] Fixing current working directory...
[2025-07-24 21:26:38.062 DBG] [] Process path: G:\codesecondfolder\BRU-Avtopark-Avtobusov\SuperNova.Desktop\bin\Debug\net9.0\SuperNova.Desktop.exe
[2025-07-24 21:26:38.065 DBG] [] Setting current directory to: G:\codesecondfolder\BRU-Avtopark-Avtobusov\SuperNova.Desktop\bin\Debug\net9.0
[2025-07-24 21:26:38.067 DBG] [] Current directory set successfully to: G:\codesecondfolder\BRU-Avtopark-Avtobusov\SuperNova.Desktop\bin\Debug\net9.0
[2025-07-24 21:26:38.069 DBG] [] Working directory fixed successfully
[2025-07-24 21:26:38.071 INF] [] Initiating safe Avalonia startup...
[2025-07-24 21:26:38.080 INF] [] === AVALONIA STARTUP PHASE ===
[2025-07-24 21:26:38.083 DBG] [] Building Avalonia application...
[2025-07-24 21:26:38.106 DBG] [] === BUILDING AVALONIA APP ===
[2025-07-24 21:26:38.108 DBG] [] Configuring base AppBuilder...
[2025-07-24 21:26:38.111 DBG] [] AppBuilder.Configure<App>() completed
[2025-07-24 21:26:38.113 DBG] [] Adding UsePlatformDetect()...
[2025-07-24 21:26:38.158 DBG] [] UsePlatformDetect() completed
[2025-07-24 21:26:38.161 DBG] [] Adding UseMessageBoxSounds()...
[2025-07-24 21:26:38.170 DBG] [] UseMessageBoxSounds() completed
[2025-07-24 21:26:38.172 DBG] [] Adding LogToTrace()...
[2025-07-24 21:26:38.174 DBG] [] LogToTrace() completed
[2025-07-24 21:26:38.177 DBG] [] Configuring fonts...
[2025-07-24 21:26:38.179 DBG] [] Font configuration completed
[2025-07-24 21:26:38.180 INF] [] Avalonia app builder configured successfully
[2025-07-24 21:26:38.183 DBG] [] Avalonia app builder created successfully
[2025-07-24 21:26:38.185 INF] [] Starting Avalonia with ClassicDesktopLifetime...
[2025-07-24 21:26:38.186 DBG] [] Arguments: 
[2025-07-24 21:26:38.187 DBG] [] Shutdown mode: OnExplicitShutdown
[2025-07-24 21:26:38.826 INF] [] TypeConverter protection system initialized
[2025-07-24 21:26:38.828 INF] [] String formatting protection initialized with InvariantCulture
[2025-07-24 21:30:20.397 INF] [] === APPLICATION STARTUP INITIATED ===
[2025-07-24 21:30:20.462 INF] [] Serilog logger initialized successfully
[2025-07-24 21:30:20.463 INF] [] Starting application with comprehensive stack overflow protection...
[2025-07-24 21:30:20.464 DBG] [] Fixing current working directory...
[2025-07-24 21:30:20.466 DBG] [] Fixing current working directory...
[2025-07-24 21:30:20.468 DBG] [] Process path: G:\codesecondfolder\BRU-Avtopark-Avtobusov\SuperNova.Desktop\bin\Debug\net9.0\SuperNova.Desktop.exe
[2025-07-24 21:30:20.472 DBG] [] Setting current directory to: G:\codesecondfolder\BRU-Avtopark-Avtobusov\SuperNova.Desktop\bin\Debug\net9.0
[2025-07-24 21:30:20.473 DBG] [] Current directory set successfully to: G:\codesecondfolder\BRU-Avtopark-Avtobusov\SuperNova.Desktop\bin\Debug\net9.0
[2025-07-24 21:30:20.475 DBG] [] Working directory fixed successfully
[2025-07-24 21:30:20.477 INF] [] Initiating safe Avalonia startup...
[2025-07-24 21:30:20.486 INF] [] === AVALONIA STARTUP PHASE ===
[2025-07-24 21:30:20.488 DBG] [] Building Avalonia application...
[2025-07-24 21:30:20.510 DBG] [] === BUILDING AVALONIA APP ===
[2025-07-24 21:30:20.512 DBG] [] Configuring base AppBuilder...
[2025-07-24 21:30:20.514 DBG] [] AppBuilder.Configure<App>() completed
[2025-07-24 21:30:20.515 DBG] [] Adding UsePlatformDetect()...
[2025-07-24 21:30:20.563 DBG] [] UsePlatformDetect() completed
[2025-07-24 21:30:20.566 DBG] [] Adding UseMessageBoxSounds()...
[2025-07-24 21:30:20.575 DBG] [] UseMessageBoxSounds() completed
[2025-07-24 21:30:20.576 DBG] [] Adding LogToTrace()...
[2025-07-24 21:30:20.578 DBG] [] LogToTrace() completed
[2025-07-24 21:30:20.580 DBG] [] Configuring fonts...
[2025-07-24 21:30:20.583 DBG] [] Font configuration completed
[2025-07-24 21:30:20.585 INF] [] Avalonia app builder configured successfully
[2025-07-24 21:30:20.587 DBG] [] Avalonia app builder created successfully
[2025-07-24 21:30:20.589 INF] [] Starting Avalonia with ClassicDesktopLifetime...
[2025-07-24 21:30:20.591 DBG] [] Arguments: 
[2025-07-24 21:30:20.593 DBG] [] Shutdown mode: OnExplicitShutdown
[2025-07-24 21:30:21.101 INF] [] TypeConverter protection system initialized
[2025-07-24 21:30:21.106 INF] [] String formatting protection initialized with InvariantCulture
[2025-07-24 21:47:57.044 INF] [] === APPLICATION STARTUP INITIATED ===
[2025-07-24 21:47:57.127 INF] [] Serilog logger initialized successfully
[2025-07-24 21:47:57.141 INF] [] Starting application with comprehensive stack overflow protection...
[2025-07-24 21:47:57.145 DBG] [] Fixing current working directory...
[2025-07-24 21:47:57.153 DBG] [] Fixing current working directory...
[2025-07-24 21:47:57.158 DBG] [] Process path: G:\codesecondfolder\BRU-Avtopark-Avtobusov\SuperNova.Desktop\bin\Debug\net9.0\SuperNova.Desktop.exe
[2025-07-24 21:47:57.168 DBG] [] Setting current directory to: G:\codesecondfolder\BRU-Avtopark-Avtobusov\SuperNova.Desktop\bin\Debug\net9.0
[2025-07-24 21:47:57.171 DBG] [] Current directory set successfully to: G:\codesecondfolder\BRU-Avtopark-Avtobusov\SuperNova.Desktop\bin\Debug\net9.0
[2025-07-24 21:47:57.181 DBG] [] Working directory fixed successfully
[2025-07-24 21:47:57.188 INF] [] Initiating safe Avalonia startup...
[2025-07-24 21:47:57.212 INF] [] === AVALONIA STARTUP PHASE ===
[2025-07-24 21:47:57.216 DBG] [] Building Avalonia application...
[2025-07-24 21:47:57.264 DBG] [] === BUILDING AVALONIA APP ===
[2025-07-24 21:47:57.265 DBG] [] Configuring base AppBuilder...
[2025-07-24 21:47:57.268 DBG] [] AppBuilder.Configure<App>() completed
[2025-07-24 21:47:57.270 DBG] [] Adding UsePlatformDetect()...
[2025-07-24 21:47:57.351 DBG] [] UsePlatformDetect() completed
[2025-07-24 21:47:57.355 DBG] [] Adding UseMessageBoxSounds()...
[2025-07-24 21:47:57.365 DBG] [] UseMessageBoxSounds() completed
[2025-07-24 21:47:57.367 DBG] [] Adding LogToTrace()...
[2025-07-24 21:47:57.370 DBG] [] LogToTrace() completed
[2025-07-24 21:47:57.374 DBG] [] Configuring fonts...
[2025-07-24 21:47:57.377 DBG] [] Font configuration completed
[2025-07-24 21:47:57.380 INF] [] Avalonia app builder configured successfully
[2025-07-24 21:47:57.384 DBG] [] Avalonia app builder created successfully
[2025-07-24 21:47:57.387 INF] [] Starting Avalonia with ClassicDesktopLifetime...
[2025-07-24 21:47:57.389 DBG] [] Arguments: 
[2025-07-24 21:47:57.391 DBG] [] Shutdown mode: OnExplicitShutdown
[2025-07-24 21:47:57.974 INF] [] TypeConverter protection system initialized
[2025-07-24 21:47:57.978 INF] [] String formatting protection initialized with InvariantCulture
[2025-07-24 22:23:50.943 INF] [] === APPLICATION STARTUP INITIATED ===
[2025-07-24 22:23:50.998 INF] [] Serilog logger initialized successfully
[2025-07-24 22:23:50.999 INF] [] Starting application with comprehensive stack overflow protection...
[2025-07-24 22:23:51.000 DBG] [] Fixing current working directory...
[2025-07-24 22:23:51.002 DBG] [] Fixing current working directory...
[2025-07-24 22:23:51.003 DBG] [] Process path: G:\codesecondfolder\BRU-Avtopark-Avtobusov\SuperNova.Desktop\bin\Debug\net9.0\SuperNova.Desktop.exe
[2025-07-24 22:23:51.006 DBG] [] Setting current directory to: G:\codesecondfolder\BRU-Avtopark-Avtobusov\SuperNova.Desktop\bin\Debug\net9.0
[2025-07-24 22:23:51.008 DBG] [] Current directory set successfully to: G:\codesecondfolder\BRU-Avtopark-Avtobusov\SuperNova.Desktop\bin\Debug\net9.0
[2025-07-24 22:23:51.009 DBG] [] Working directory fixed successfully
[2025-07-24 22:23:51.011 INF] [] Initiating safe Avalonia startup...
[2025-07-24 22:23:51.019 INF] [] === AVALONIA STARTUP PHASE ===
[2025-07-24 22:23:51.020 DBG] [] Building Avalonia application...
[2025-07-24 22:23:51.044 DBG] [] === BUILDING AVALONIA APP ===
[2025-07-24 22:23:51.046 DBG] [] Configuring base AppBuilder...
[2025-07-24 22:23:51.048 DBG] [] AppBuilder.Configure<App>() completed
[2025-07-24 22:23:51.049 DBG] [] Adding UsePlatformDetect()...
[2025-07-24 22:23:51.098 DBG] [] UsePlatformDetect() completed
[2025-07-24 22:23:51.100 DBG] [] Adding UseMessageBoxSounds()...
[2025-07-24 22:23:51.112 DBG] [] UseMessageBoxSounds() completed
[2025-07-24 22:23:51.114 DBG] [] Adding LogToTrace()...
[2025-07-24 22:23:51.116 DBG] [] LogToTrace() completed
[2025-07-24 22:23:51.117 DBG] [] Configuring fonts...
[2025-07-24 22:23:51.120 DBG] [] Font configuration completed
[2025-07-24 22:23:51.123 INF] [] Avalonia app builder configured successfully
[2025-07-24 22:23:51.124 DBG] [] Avalonia app builder created successfully
[2025-07-24 22:23:51.126 INF] [] Starting Avalonia with ClassicDesktopLifetime...
[2025-07-24 22:23:51.128 DBG] [] Arguments: 
[2025-07-24 22:23:51.130 DBG] [] Shutdown mode: OnExplicitShutdown
[2025-07-24 22:23:51.574 INF] [] TypeConverter protection system initialized
[2025-07-24 22:23:51.577 INF] [] String formatting protection initialized with InvariantCulture
[2025-07-24 22:34:41.062 INF] [] === APPLICATION STARTUP INITIATED ===
[2025-07-24 22:34:41.121 INF] [] Serilog logger initialized successfully
[2025-07-24 22:34:41.122 INF] [] Starting application with comprehensive stack overflow protection...
[2025-07-24 22:34:41.124 DBG] [] Fixing current working directory...
[2025-07-24 22:34:41.126 DBG] [] Fixing current working directory...
[2025-07-24 22:34:41.129 DBG] [] Process path: G:\codesecondfolder\BRU-Avtopark-Avtobusov\SuperNova.Desktop\bin\Debug\net9.0\SuperNova.Desktop.exe
[2025-07-24 22:34:41.132 DBG] [] Setting current directory to: G:\codesecondfolder\BRU-Avtopark-Avtobusov\SuperNova.Desktop\bin\Debug\net9.0
[2025-07-24 22:34:41.133 DBG] [] Current directory set successfully to: G:\codesecondfolder\BRU-Avtopark-Avtobusov\SuperNova.Desktop\bin\Debug\net9.0
[2025-07-24 22:34:41.136 DBG] [] Working directory fixed successfully
[2025-07-24 22:34:41.138 INF] [] Initiating safe Avalonia startup...
[2025-07-24 22:34:41.145 INF] [] === AVALONIA STARTUP PHASE ===
[2025-07-24 22:34:41.146 DBG] [] Building Avalonia application...
[2025-07-24 22:34:41.171 DBG] [] === BUILDING AVALONIA APP ===
[2025-07-24 22:34:41.173 DBG] [] Configuring base AppBuilder...
[2025-07-24 22:34:41.176 DBG] [] AppBuilder.Configure<App>() completed
[2025-07-24 22:34:41.179 DBG] [] Adding UsePlatformDetect()...
[2025-07-24 22:34:41.226 DBG] [] UsePlatformDetect() completed
[2025-07-24 22:34:41.227 DBG] [] Adding UseMessageBoxSounds()...
[2025-07-24 22:34:41.234 DBG] [] UseMessageBoxSounds() completed
[2025-07-24 22:34:41.235 DBG] [] Adding LogToTrace()...
[2025-07-24 22:34:41.236 DBG] [] LogToTrace() completed
[2025-07-24 22:34:41.237 DBG] [] Configuring fonts...
[2025-07-24 22:34:41.239 DBG] [] Font configuration completed
[2025-07-24 22:34:41.241 INF] [] Avalonia app builder configured successfully
[2025-07-24 22:34:41.242 DBG] [] Avalonia app builder created successfully
[2025-07-24 22:34:41.244 INF] [] Starting Avalonia with ClassicDesktopLifetime...
[2025-07-24 22:34:41.245 DBG] [] Arguments: 
[2025-07-24 22:34:41.247 DBG] [] Shutdown mode: OnExplicitShutdown
[2025-07-24 22:34:41.691 INF] [] TypeConverter protection system initialized
[2025-07-24 22:34:41.693 INF] [] String formatting protection initialized with InvariantCulture
[2025-07-24 22:40:27.196 INF] [] === APPLICATION STARTUP INITIATED ===
[2025-07-24 22:40:27.258 INF] [] Serilog logger initialized successfully
[2025-07-24 22:40:27.259 INF] [] Starting application with comprehensive stack overflow protection...
[2025-07-24 22:40:27.262 DBG] [] Fixing current working directory...
[2025-07-24 22:40:27.263 DBG] [] Fixing current working directory...
[2025-07-24 22:40:27.265 DBG] [] Process path: G:\codesecondfolder\BRU-Avtopark-Avtobusov\SuperNova.Desktop\bin\Debug\net9.0\SuperNova.Desktop.exe
[2025-07-24 22:40:27.269 DBG] [] Setting current directory to: G:\codesecondfolder\BRU-Avtopark-Avtobusov\SuperNova.Desktop\bin\Debug\net9.0
[2025-07-24 22:40:27.270 DBG] [] Current directory set successfully to: G:\codesecondfolder\BRU-Avtopark-Avtobusov\SuperNova.Desktop\bin\Debug\net9.0
[2025-07-24 22:40:27.272 DBG] [] Working directory fixed successfully
[2025-07-24 22:40:27.273 INF] [] Initiating safe Avalonia startup...
[2025-07-24 22:40:27.281 INF] [] === AVALONIA STARTUP PHASE ===
[2025-07-24 22:40:27.283 DBG] [] Building Avalonia application...
[2025-07-24 22:40:27.301 DBG] [] === BUILDING AVALONIA APP ===
[2025-07-24 22:40:27.302 DBG] [] Configuring base AppBuilder...
[2025-07-24 22:40:27.304 DBG] [] AppBuilder.Configure<App>() completed
[2025-07-24 22:40:27.305 DBG] [] Adding UsePlatformDetect()...
[2025-07-24 22:40:27.348 DBG] [] UsePlatformDetect() completed
[2025-07-24 22:40:27.349 DBG] [] Adding UseMessageBoxSounds()...
[2025-07-24 22:40:27.356 DBG] [] UseMessageBoxSounds() completed
[2025-07-24 22:40:27.358 DBG] [] Adding LogToTrace()...
[2025-07-24 22:40:27.360 DBG] [] LogToTrace() completed
[2025-07-24 22:40:27.362 DBG] [] Configuring fonts...
[2025-07-24 22:40:27.364 DBG] [] Font configuration completed
[2025-07-24 22:40:27.366 INF] [] Avalonia app builder configured successfully
[2025-07-24 22:40:27.368 DBG] [] Avalonia app builder created successfully
[2025-07-24 22:40:27.369 INF] [] Starting Avalonia with ClassicDesktopLifetime...
[2025-07-24 22:40:27.371 DBG] [] Arguments: 
[2025-07-24 22:40:27.372 DBG] [] Shutdown mode: OnExplicitShutdown
[2025-07-24 22:40:27.847 INF] [] TypeConverter protection system initialized
[2025-07-24 22:40:27.849 INF] [] String formatting protection initialized with InvariantCulture
[2025-07-24 22:41:49.076 INF] [] === APPLICATION STARTUP INITIATED ===
[2025-07-24 22:41:49.191 INF] [] Serilog logger initialized successfully
[2025-07-24 22:41:49.192 INF] [] Starting application with comprehensive stack overflow protection...
[2025-07-24 22:41:49.194 DBG] [] Fixing current working directory...
[2025-07-24 22:41:49.197 DBG] [] Fixing current working directory...
[2025-07-24 22:41:49.207 DBG] [] Process path: G:\codesecondfolder\BRU-Avtopark-Avtobusov\SuperNova.Desktop\bin\Debug\net9.0\SuperNova.Desktop.exe
[2025-07-24 22:41:49.215 DBG] [] Setting current directory to: G:\codesecondfolder\BRU-Avtopark-Avtobusov\SuperNova.Desktop\bin\Debug\net9.0
[2025-07-24 22:41:49.217 DBG] [] Current directory set successfully to: G:\codesecondfolder\BRU-Avtopark-Avtobusov\SuperNova.Desktop\bin\Debug\net9.0
[2025-07-24 22:41:49.218 DBG] [] Working directory fixed successfully
[2025-07-24 22:41:49.220 INF] [] Initiating safe Avalonia startup...
[2025-07-24 22:41:49.229 INF] [] === AVALONIA STARTUP PHASE ===
[2025-07-24 22:41:49.231 DBG] [] Building Avalonia application...
[2025-07-24 22:41:49.255 DBG] [] === BUILDING AVALONIA APP ===
[2025-07-24 22:41:49.256 DBG] [] Configuring base AppBuilder...
[2025-07-24 22:41:49.258 DBG] [] AppBuilder.Configure<App>() completed
[2025-07-24 22:41:49.259 DBG] [] Adding UsePlatformDetect()...
[2025-07-24 22:41:49.305 DBG] [] UsePlatformDetect() completed
[2025-07-24 22:41:49.307 DBG] [] Adding UseMessageBoxSounds()...
[2025-07-24 22:41:49.316 DBG] [] UseMessageBoxSounds() completed
[2025-07-24 22:41:49.317 DBG] [] Adding LogToTrace()...
[2025-07-24 22:41:49.320 DBG] [] LogToTrace() completed
[2025-07-24 22:41:49.321 DBG] [] Configuring fonts...
[2025-07-24 22:41:49.324 DBG] [] Font configuration completed
[2025-07-24 22:41:49.326 INF] [] Avalonia app builder configured successfully
[2025-07-24 22:41:49.328 DBG] [] Avalonia app builder created successfully
[2025-07-24 22:41:49.331 INF] [] Starting Avalonia with ClassicDesktopLifetime...
[2025-07-24 22:41:49.332 DBG] [] Arguments: 
[2025-07-24 22:41:49.335 DBG] [] Shutdown mode: OnExplicitShutdown
[2025-07-24 22:41:49.749 INF] [] TypeConverter protection system initialized
[2025-07-24 22:41:49.750 INF] [] String formatting protection initialized with InvariantCulture
[2025-07-24 22:56:25.669 INF] [] === APPLICATION STARTUP INITIATED ===
[2025-07-24 22:56:25.729 INF] [] Serilog logger initialized successfully
[2025-07-24 22:56:25.732 INF] [] Starting application with comprehensive stack overflow protection...
[2025-07-24 22:56:25.734 DBG] [] Fixing current working directory...
[2025-07-24 22:56:25.736 DBG] [] Fixing current working directory...
[2025-07-24 22:56:25.739 DBG] [] Process path: G:\codesecondfolder\BRU-Avtopark-Avtobusov\SuperNova.Desktop\bin\Debug\net9.0\SuperNova.Desktop.exe
[2025-07-24 22:56:25.742 DBG] [] Setting current directory to: G:\codesecondfolder\BRU-Avtopark-Avtobusov\SuperNova.Desktop\bin\Debug\net9.0
[2025-07-24 22:56:25.744 DBG] [] Current directory set successfully to: G:\codesecondfolder\BRU-Avtopark-Avtobusov\SuperNova.Desktop\bin\Debug\net9.0
[2025-07-24 22:56:25.745 DBG] [] Working directory fixed successfully
[2025-07-24 22:56:25.748 INF] [] Initiating safe Avalonia startup...
[2025-07-24 22:56:25.758 INF] [] === AVALONIA STARTUP PHASE ===
[2025-07-24 22:56:25.759 DBG] [] Building Avalonia application...
[2025-07-24 22:56:25.780 DBG] [] === BUILDING AVALONIA APP ===
[2025-07-24 22:56:25.782 DBG] [] Configuring base AppBuilder...
[2025-07-24 22:56:25.784 DBG] [] AppBuilder.Configure<App>() completed
[2025-07-24 22:56:25.785 DBG] [] Adding UsePlatformDetect()...
[2025-07-24 22:56:25.874 DBG] [] UsePlatformDetect() completed
[2025-07-24 22:56:25.876 DBG] [] Adding UseMessageBoxSounds()...
[2025-07-24 22:56:25.904 DBG] [] UseMessageBoxSounds() completed
[2025-07-24 22:56:25.905 DBG] [] Adding LogToTrace()...
[2025-07-24 22:56:25.914 DBG] [] LogToTrace() completed
[2025-07-24 22:56:25.916 DBG] [] Configuring fonts...
[2025-07-24 22:56:25.920 DBG] [] Font configuration completed
[2025-07-24 22:56:25.929 INF] [] Avalonia app builder configured successfully
[2025-07-24 22:56:25.937 DBG] [] Avalonia app builder created successfully
[2025-07-24 22:56:25.939 INF] [] Starting Avalonia with ClassicDesktopLifetime...
[2025-07-24 22:56:25.941 DBG] [] Arguments: 
[2025-07-24 22:56:25.944 DBG] [] Shutdown mode: OnExplicitShutdown
[2025-07-24 22:56:26.423 INF] [] TypeConverter protection system initialized
[2025-07-24 22:56:26.425 INF] [] String formatting protection initialized with InvariantCulture
[2025-07-24 22:58:01.161 INF] [] === APPLICATION STARTUP INITIATED ===
[2025-07-24 22:58:01.214 INF] [] Serilog logger initialized successfully
[2025-07-24 22:58:01.215 INF] [] Starting application with comprehensive stack overflow protection...
[2025-07-24 22:58:01.218 DBG] [] Fixing current working directory...
[2025-07-24 22:58:01.220 DBG] [] Fixing current working directory...
[2025-07-24 22:58:01.222 DBG] [] Process path: G:\codesecondfolder\BRU-Avtopark-Avtobusov\SuperNova.Desktop\bin\Debug\net9.0\SuperNova.Desktop.exe
[2025-07-24 22:58:01.226 DBG] [] Setting current directory to: G:\codesecondfolder\BRU-Avtopark-Avtobusov\SuperNova.Desktop\bin\Debug\net9.0
[2025-07-24 22:58:01.227 DBG] [] Current directory set successfully to: G:\codesecondfolder\BRU-Avtopark-Avtobusov\SuperNova.Desktop\bin\Debug\net9.0
[2025-07-24 22:58:01.228 DBG] [] Working directory fixed successfully
[2025-07-24 22:58:01.229 INF] [] Initiating safe Avalonia startup...
[2025-07-24 22:58:01.237 INF] [] === AVALONIA STARTUP PHASE ===
[2025-07-24 22:58:01.238 DBG] [] Building Avalonia application...
[2025-07-24 22:58:01.260 DBG] [] === BUILDING AVALONIA APP ===
[2025-07-24 22:58:01.261 DBG] [] Configuring base AppBuilder...
[2025-07-24 22:58:01.265 DBG] [] AppBuilder.Configure<App>() completed
[2025-07-24 22:58:01.266 DBG] [] Adding UsePlatformDetect()...
[2025-07-24 22:58:01.312 DBG] [] UsePlatformDetect() completed
[2025-07-24 22:58:01.314 DBG] [] Adding UseMessageBoxSounds()...
[2025-07-24 22:58:01.323 DBG] [] UseMessageBoxSounds() completed
[2025-07-24 22:58:01.325 DBG] [] Adding LogToTrace()...
[2025-07-24 22:58:01.327 DBG] [] LogToTrace() completed
[2025-07-24 22:58:01.328 DBG] [] Configuring fonts...
[2025-07-24 22:58:01.331 DBG] [] Font configuration completed
[2025-07-24 22:58:01.333 INF] [] Avalonia app builder configured successfully
[2025-07-24 22:58:01.335 DBG] [] Avalonia app builder created successfully
[2025-07-24 22:58:01.336 INF] [] Starting Avalonia with ClassicDesktopLifetime...
[2025-07-24 22:58:01.337 DBG] [] Arguments: 
[2025-07-24 22:58:01.338 DBG] [] Shutdown mode: OnExplicitShutdown
[2025-07-24 22:58:01.733 INF] [] TypeConverter protection system initialized
[2025-07-24 22:58:01.735 INF] [] String formatting protection initialized with InvariantCulture
[2025-07-24 22:59:31.182 INF] [] === APPLICATION STARTUP INITIATED ===
[2025-07-24 22:59:31.240 INF] [] Serilog logger initialized successfully
[2025-07-24 22:59:31.241 INF] [] Starting application with comprehensive stack overflow protection...
[2025-07-24 22:59:31.242 DBG] [] Fixing current working directory...
[2025-07-24 22:59:31.244 DBG] [] Fixing current working directory...
[2025-07-24 22:59:31.246 DBG] [] Process path: G:\codesecondfolder\BRU-Avtopark-Avtobusov\SuperNova.Desktop\bin\Debug\net9.0\SuperNova.Desktop.exe
[2025-07-24 22:59:31.249 DBG] [] Setting current directory to: G:\codesecondfolder\BRU-Avtopark-Avtobusov\SuperNova.Desktop\bin\Debug\net9.0
[2025-07-24 22:59:31.251 DBG] [] Current directory set successfully to: G:\codesecondfolder\BRU-Avtopark-Avtobusov\SuperNova.Desktop\bin\Debug\net9.0
[2025-07-24 22:59:31.252 DBG] [] Working directory fixed successfully
[2025-07-24 22:59:31.255 INF] [] Initiating safe Avalonia startup...
[2025-07-24 22:59:31.265 INF] [] === AVALONIA STARTUP PHASE ===
[2025-07-24 22:59:31.266 DBG] [] Building Avalonia application...
[2025-07-24 22:59:31.285 DBG] [] === BUILDING AVALONIA APP ===
[2025-07-24 22:59:31.288 DBG] [] Configuring base AppBuilder...
[2025-07-24 22:59:31.289 DBG] [] AppBuilder.Configure<App>() completed
[2025-07-24 22:59:31.291 DBG] [] Adding UsePlatformDetect()...
[2025-07-24 22:59:31.331 DBG] [] UsePlatformDetect() completed
[2025-07-24 22:59:31.332 DBG] [] Adding UseMessageBoxSounds()...
[2025-07-24 22:59:31.339 DBG] [] UseMessageBoxSounds() completed
[2025-07-24 22:59:31.341 DBG] [] Adding LogToTrace()...
[2025-07-24 22:59:31.343 DBG] [] LogToTrace() completed
[2025-07-24 22:59:31.346 DBG] [] Configuring fonts...
[2025-07-24 22:59:31.348 DBG] [] Font configuration completed
[2025-07-24 22:59:31.349 INF] [] Avalonia app builder configured successfully
[2025-07-24 22:59:31.351 DBG] [] Avalonia app builder created successfully
[2025-07-24 22:59:31.352 INF] [] Starting Avalonia with ClassicDesktopLifetime...
[2025-07-24 22:59:31.354 DBG] [] Arguments: 
[2025-07-24 22:59:31.356 DBG] [] Shutdown mode: OnExplicitShutdown
[2025-07-24 22:59:31.735 INF] [] TypeConverter protection system initialized
[2025-07-24 22:59:31.737 INF] [] String formatting protection initialized with InvariantCulture
[2025-07-24 23:07:26.622 INF] [] === APPLICATION STARTUP INITIATED ===
[2025-07-24 23:07:26.734 INF] [] Serilog logger initialized successfully
[2025-07-24 23:07:26.735 INF] [] Starting application with comprehensive stack overflow protection...
[2025-07-24 23:07:26.737 DBG] [] Fixing current working directory...
[2025-07-24 23:07:26.738 DBG] [] Fixing current working directory...
[2025-07-24 23:07:26.741 DBG] [] Process path: G:\codesecondfolder\BRU-Avtopark-Avtobusov\SuperNova.Desktop\bin\Debug\net9.0\SuperNova.Desktop.exe
[2025-07-24 23:07:26.743 DBG] [] Setting current directory to: G:\codesecondfolder\BRU-Avtopark-Avtobusov\SuperNova.Desktop\bin\Debug\net9.0
[2025-07-24 23:07:26.744 DBG] [] Current directory set successfully to: G:\codesecondfolder\BRU-Avtopark-Avtobusov\SuperNova.Desktop\bin\Debug\net9.0
[2025-07-24 23:07:26.746 DBG] [] Working directory fixed successfully
[2025-07-24 23:07:26.748 INF] [] Initiating safe Avalonia startup...
[2025-07-24 23:07:26.756 INF] [] === AVALONIA STARTUP PHASE ===
[2025-07-24 23:07:26.757 DBG] [] Building Avalonia application...
[2025-07-24 23:07:26.776 DBG] [] === BUILDING AVALONIA APP ===
[2025-07-24 23:07:26.778 DBG] [] Configuring base AppBuilder...
[2025-07-24 23:07:26.779 DBG] [] AppBuilder.Configure<App>() completed
[2025-07-24 23:07:26.781 DBG] [] Adding UsePlatformDetect()...
[2025-07-24 23:07:26.823 DBG] [] UsePlatformDetect() completed
[2025-07-24 23:07:26.824 DBG] [] Adding UseMessageBoxSounds()...
[2025-07-24 23:07:26.831 DBG] [] UseMessageBoxSounds() completed
[2025-07-24 23:07:26.834 DBG] [] Adding LogToTrace()...
[2025-07-24 23:07:26.836 DBG] [] LogToTrace() completed
[2025-07-24 23:07:26.838 DBG] [] Configuring fonts...
[2025-07-24 23:07:26.839 DBG] [] Font configuration completed
[2025-07-24 23:07:26.841 INF] [] Avalonia app builder configured successfully
[2025-07-24 23:07:26.843 DBG] [] Avalonia app builder created successfully
[2025-07-24 23:07:26.844 INF] [] Starting Avalonia with ClassicDesktopLifetime...
[2025-07-24 23:07:26.845 DBG] [] Arguments: 
[2025-07-24 23:07:26.847 DBG] [] Shutdown mode: OnExplicitShutdown
[2025-07-24 23:07:27.352 INF] [] TypeConverter protection system initialized
[2025-07-24 23:07:27.354 INF] [] String formatting protection initialized with InvariantCulture
[2025-07-24 23:24:48.890 INF] [] === APPLICATION STARTUP INITIATED ===
[2025-07-24 23:24:48.962 INF] [] Serilog logger initialized successfully
[2025-07-24 23:24:48.964 INF] [] Starting application with comprehensive stack overflow protection...
[2025-07-24 23:24:48.966 DBG] [] Fixing current working directory...
[2025-07-24 23:24:48.968 DBG] [] Fixing current working directory...
[2025-07-24 23:24:48.970 DBG] [] Process path: G:\codesecondfolder\BRU-Avtopark-Avtobusov\SuperNova.Desktop\bin\Debug\net9.0\SuperNova.Desktop.exe
[2025-07-24 23:24:48.973 DBG] [] Setting current directory to: G:\codesecondfolder\BRU-Avtopark-Avtobusov\SuperNova.Desktop\bin\Debug\net9.0
[2025-07-24 23:24:48.975 DBG] [] Current directory set successfully to: G:\codesecondfolder\BRU-Avtopark-Avtobusov\SuperNova.Desktop\bin\Debug\net9.0
[2025-07-24 23:24:48.977 DBG] [] Working directory fixed successfully
[2025-07-24 23:24:48.978 INF] [] Initiating safe Avalonia startup...
[2025-07-24 23:24:49.009 INF] [] === AVALONIA STARTUP PHASE ===
[2025-07-24 23:24:49.010 DBG] [] Building Avalonia application...
[2025-07-24 23:24:49.046 DBG] [] === BUILDING AVALONIA APP ===
[2025-07-24 23:24:49.048 DBG] [] Configuring base AppBuilder...
[2025-07-24 23:24:49.050 DBG] [] AppBuilder.Configure<App>() completed
[2025-07-24 23:24:49.051 DBG] [] Adding UsePlatformDetect()...
[2025-07-24 23:24:49.126 DBG] [] UsePlatformDetect() completed
[2025-07-24 23:24:49.127 DBG] [] Adding UseMessageBoxSounds()...
[2025-07-24 23:24:49.136 DBG] [] UseMessageBoxSounds() completed
[2025-07-24 23:24:49.138 DBG] [] Adding LogToTrace()...
[2025-07-24 23:24:49.140 DBG] [] LogToTrace() completed
[2025-07-24 23:24:49.142 DBG] [] Configuring fonts...
[2025-07-24 23:24:49.145 DBG] [] Font configuration completed
[2025-07-24 23:24:49.146 INF] [] Avalonia app builder configured successfully
[2025-07-24 23:24:49.147 DBG] [] Avalonia app builder created successfully
[2025-07-24 23:24:49.148 INF] [] Starting Avalonia with ClassicDesktopLifetime...
[2025-07-24 23:24:49.149 DBG] [] Arguments: 
[2025-07-24 23:24:49.151 DBG] [] Shutdown mode: OnExplicitShutdown
[2025-07-24 23:24:49.919 INF] [] TypeConverter protection system initialized
[2025-07-24 23:24:49.920 INF] [] String formatting protection initialized with InvariantCulture
[2025-07-24 23:25:34.830 INF] [] === APPLICATION STARTUP INITIATED ===
[2025-07-24 23:25:34.889 INF] [] Serilog logger initialized successfully
[2025-07-24 23:25:34.891 INF] [] Starting application with comprehensive stack overflow protection...
[2025-07-24 23:25:34.893 DBG] [] Fixing current working directory...
[2025-07-24 23:25:34.895 DBG] [] Fixing current working directory...
[2025-07-24 23:25:34.897 DBG] [] Process path: G:\codesecondfolder\BRU-Avtopark-Avtobusov\SuperNova.Desktop\bin\Debug\net9.0\SuperNova.Desktop.exe
[2025-07-24 23:25:34.901 DBG] [] Setting current directory to: G:\codesecondfolder\BRU-Avtopark-Avtobusov\SuperNova.Desktop\bin\Debug\net9.0
[2025-07-24 23:25:34.903 DBG] [] Current directory set successfully to: G:\codesecondfolder\BRU-Avtopark-Avtobusov\SuperNova.Desktop\bin\Debug\net9.0
[2025-07-24 23:25:34.905 DBG] [] Working directory fixed successfully
[2025-07-24 23:25:34.906 INF] [] Initiating safe Avalonia startup...
[2025-07-24 23:25:34.914 INF] [] === AVALONIA STARTUP PHASE ===
[2025-07-24 23:25:34.916 DBG] [] Building Avalonia application...
[2025-07-24 23:25:34.938 DBG] [] === BUILDING AVALONIA APP ===
[2025-07-24 23:25:34.939 DBG] [] Configuring base AppBuilder...
[2025-07-24 23:25:34.940 DBG] [] AppBuilder.Configure<App>() completed
[2025-07-24 23:25:34.941 DBG] [] Adding UsePlatformDetect()...
[2025-07-24 23:25:34.983 DBG] [] UsePlatformDetect() completed
[2025-07-24 23:25:34.985 DBG] [] Adding UseMessageBoxSounds()...
[2025-07-24 23:25:34.993 DBG] [] UseMessageBoxSounds() completed
[2025-07-24 23:25:34.995 DBG] [] Adding LogToTrace()...
[2025-07-24 23:25:34.996 DBG] [] LogToTrace() completed
[2025-07-24 23:25:34.998 DBG] [] Configuring fonts...
[2025-07-24 23:25:35.000 DBG] [] Font configuration completed
[2025-07-24 23:25:35.001 INF] [] Avalonia app builder configured successfully
[2025-07-24 23:25:35.002 DBG] [] Avalonia app builder created successfully
[2025-07-24 23:25:35.003 INF] [] Starting Avalonia with ClassicDesktopLifetime...
[2025-07-24 23:25:35.005 DBG] [] Arguments: 
[2025-07-24 23:25:35.006 DBG] [] Shutdown mode: OnExplicitShutdown
[2025-07-24 23:25:35.416 INF] [] TypeConverter protection system initialized
[2025-07-24 23:25:35.418 INF] [] String formatting protection initialized with InvariantCulture
[2025-07-24 23:30:28.938 INF] [] === APPLICATION STARTUP INITIATED ===
[2025-07-24 23:30:28.991 INF] [] Serilog logger initialized successfully
[2025-07-24 23:30:28.993 INF] [] Starting application with comprehensive stack overflow protection...
[2025-07-24 23:30:28.995 DBG] [] Fixing current working directory...
[2025-07-24 23:30:28.996 DBG] [] Fixing current working directory...
[2025-07-24 23:30:28.998 DBG] [] Process path: G:\codesecondfolder\BRU-Avtopark-Avtobusov\SuperNova.Desktop\bin\Debug\net9.0\SuperNova.Desktop.exe
[2025-07-24 23:30:29.001 DBG] [] Setting current directory to: G:\codesecondfolder\BRU-Avtopark-Avtobusov\SuperNova.Desktop\bin\Debug\net9.0
[2025-07-24 23:30:29.003 DBG] [] Current directory set successfully to: G:\codesecondfolder\BRU-Avtopark-Avtobusov\SuperNova.Desktop\bin\Debug\net9.0
[2025-07-24 23:30:29.004 DBG] [] Working directory fixed successfully
[2025-07-24 23:30:29.005 INF] [] Initiating safe Avalonia startup...
[2025-07-24 23:30:29.013 INF] [] === AVALONIA STARTUP PHASE ===
[2025-07-24 23:30:29.015 DBG] [] Building Avalonia application...
[2025-07-24 23:30:29.066 DBG] [] === BUILDING AVALONIA APP ===
[2025-07-24 23:30:29.068 DBG] [] Configuring base AppBuilder...
[2025-07-24 23:30:29.069 DBG] [] AppBuilder.Configure<App>() completed
[2025-07-24 23:30:29.072 DBG] [] Adding UsePlatformDetect()...
[2025-07-24 23:30:29.118 DBG] [] UsePlatformDetect() completed
[2025-07-24 23:30:29.120 DBG] [] Adding UseMessageBoxSounds()...
[2025-07-24 23:30:29.128 DBG] [] UseMessageBoxSounds() completed
[2025-07-24 23:30:29.130 DBG] [] Adding LogToTrace()...
[2025-07-24 23:30:29.132 DBG] [] LogToTrace() completed
[2025-07-24 23:30:29.133 DBG] [] Configuring fonts...
[2025-07-24 23:30:29.136 DBG] [] Font configuration completed
[2025-07-24 23:30:29.138 INF] [] Avalonia app builder configured successfully
[2025-07-24 23:30:29.139 DBG] [] Avalonia app builder created successfully
[2025-07-24 23:30:29.140 INF] [] Starting Avalonia with ClassicDesktopLifetime...
[2025-07-24 23:30:29.141 DBG] [] Arguments: 
[2025-07-24 23:30:29.142 DBG] [] Shutdown mode: OnExplicitShutdown
[2025-07-24 23:30:29.517 INF] [] TypeConverter protection system initialized
[2025-07-24 23:30:29.519 INF] [] String formatting protection initialized with InvariantCulture
