[2025-07-23 17:37:26.807] [FTL] [] CRITICAL: Unhandled exception in Avalonia startup
System.Reflection.TargetParameterCountException: Parameter count mismatch.
   at System.Reflection.MethodBaseInvoker.ThrowTargetParameterCountException()
   at System.Reflection.RuntimeMethodInfo.Invoke(Object obj, BindingFlags invokeAttr, Binder binder, Object[] parameters, CultureInfo culture)
   at System.Delegate.DynamicInvokeImpl(Object[] args)
   at Avalonia.Interactivity.EventRoute.RaiseEventImpl(RoutedEventArgs e)
   at Avalonia.Interactivity.Interactive.RaiseEvent(RoutedEventArgs e)
   at Avalonia.Input.KeyboardDevice.ProcessRawEvent(RawInputEventArgs e)
   at Avalonia.Threading.Dispatcher.Send(SendOrPostCallback action, Object arg, Nullable`1 priority)
   at Avalonia.Controls.TopLevel.HandleInput(RawInputEventArgs e)
   at Avalonia.Win32.WindowImpl.AppWndProc(IntPtr hWnd, UInt32 msg, IntPtr wParam, IntPtr lParam)
   at Avalonia.Win32.WindowImpl.WndProcMessageHandler(IntPtr hWnd, UInt32 msg, IntPtr wParam, IntPtr lParam)
   at Avalonia.Win32.Interop.UnmanagedMethods.DispatchMessage(MSG& lpmsg)
   at Avalonia.Win32.Win32DispatcherImpl.RunLoop(CancellationToken cancellationToken)
   at Avalonia.Threading.DispatcherFrame.Run(IControlledDispatcherImpl impl)
   at Avalonia.Threading.Dispatcher.PushFrame(DispatcherFrame frame)
   at Avalonia.Threading.Dispatcher.MainLoop(CancellationToken cancellationToken)
   at Avalonia.Controls.ApplicationLifetimes.ClassicDesktopStyleApplicationLifetime.StartCore(String[] args)
   at Avalonia.Controls.ApplicationLifetimes.ClassicDesktopStyleApplicationLifetime.Start(String[] args)
   at Avalonia.ClassicDesktopStyleApplicationLifetimeExtensions.StartWithClassicDesktopLifetime(AppBuilder builder, String[] args, ShutdownMode shutdownMode)
   at SuperNova.Desktop.Program.SafeStartAvalonia(String[] args) in G:\codesecondfolder\BRU-Avtopark-Avtobusov\SuperNova.Desktop\Program.cs:line 196
[2025-07-23 17:37:26.847] [FTL] [] Exception type: TargetParameterCountException
[2025-07-23 17:37:26.849] [FTL] [] Exception message: Parameter count mismatch.
[2025-07-23 17:37:26.850] [FTL] [] Stack trace:    at System.Reflection.MethodBaseInvoker.ThrowTargetParameterCountException()
   at System.Reflection.RuntimeMethodInfo.Invoke(Object obj, BindingFlags invokeAttr, Binder binder, Object[] parameters, CultureInfo culture)
   at System.Delegate.DynamicInvokeImpl(Object[] args)
   at Avalonia.Interactivity.EventRoute.RaiseEventImpl(RoutedEventArgs e)
   at Avalonia.Interactivity.Interactive.RaiseEvent(RoutedEventArgs e)
   at Avalonia.Input.KeyboardDevice.ProcessRawEvent(RawInputEventArgs e)
   at Avalonia.Threading.Dispatcher.Send(SendOrPostCallback action, Object arg, Nullable`1 priority)
   at Avalonia.Controls.TopLevel.HandleInput(RawInputEventArgs e)
   at Avalonia.Win32.WindowImpl.AppWndProc(IntPtr hWnd, UInt32 msg, IntPtr wParam, IntPtr lParam)
   at Avalonia.Win32.WindowImpl.WndProcMessageHandler(IntPtr hWnd, UInt32 msg, IntPtr wParam, IntPtr lParam)
   at Avalonia.Win32.Interop.UnmanagedMethods.DispatchMessage(MSG& lpmsg)
   at Avalonia.Win32.Win32DispatcherImpl.RunLoop(CancellationToken cancellationToken)
   at Avalonia.Threading.DispatcherFrame.Run(IControlledDispatcherImpl impl)
   at Avalonia.Threading.Dispatcher.PushFrame(DispatcherFrame frame)
   at Avalonia.Threading.Dispatcher.MainLoop(CancellationToken cancellationToken)
   at Avalonia.Controls.ApplicationLifetimes.ClassicDesktopStyleApplicationLifetime.StartCore(String[] args)
   at Avalonia.Controls.ApplicationLifetimes.ClassicDesktopStyleApplicationLifetime.Start(String[] args)
   at Avalonia.ClassicDesktopStyleApplicationLifetimeExtensions.StartWithClassicDesktopLifetime(AppBuilder builder, String[] args, ShutdownMode shutdownMode)
   at SuperNova.Desktop.Program.SafeStartAvalonia(String[] args) in G:\codesecondfolder\BRU-Avtopark-Avtobusov\SuperNova.Desktop\Program.cs:line 196
[2025-07-23 17:37:55.856] [FTL] [] CRITICAL: Unhandled exception in Avalonia startup
System.Reflection.TargetParameterCountException: Parameter count mismatch.
   at System.Reflection.MethodBaseInvoker.ThrowTargetParameterCountException()
   at System.Reflection.RuntimeMethodInfo.Invoke(Object obj, BindingFlags invokeAttr, Binder binder, Object[] parameters, CultureInfo culture)
   at System.Delegate.DynamicInvokeImpl(Object[] args)
   at Avalonia.Interactivity.EventRoute.RaiseEventImpl(RoutedEventArgs e)
   at Avalonia.Interactivity.Interactive.RaiseEvent(RoutedEventArgs e)
   at Avalonia.Input.KeyboardDevice.ProcessRawEvent(RawInputEventArgs e)
   at Avalonia.Threading.Dispatcher.Send(SendOrPostCallback action, Object arg, Nullable`1 priority)
   at Avalonia.Controls.TopLevel.HandleInput(RawInputEventArgs e)
   at Avalonia.Win32.WindowImpl.AppWndProc(IntPtr hWnd, UInt32 msg, IntPtr wParam, IntPtr lParam)
   at Avalonia.Win32.WindowImpl.WndProcMessageHandler(IntPtr hWnd, UInt32 msg, IntPtr wParam, IntPtr lParam)
   at Avalonia.Win32.Interop.UnmanagedMethods.DispatchMessage(MSG& lpmsg)
   at Avalonia.Win32.Win32DispatcherImpl.RunLoop(CancellationToken cancellationToken)
   at Avalonia.Threading.DispatcherFrame.Run(IControlledDispatcherImpl impl)
   at Avalonia.Threading.Dispatcher.PushFrame(DispatcherFrame frame)
   at Avalonia.Threading.Dispatcher.MainLoop(CancellationToken cancellationToken)
   at Avalonia.Controls.ApplicationLifetimes.ClassicDesktopStyleApplicationLifetime.StartCore(String[] args)
   at Avalonia.Controls.ApplicationLifetimes.ClassicDesktopStyleApplicationLifetime.Start(String[] args)
   at Avalonia.ClassicDesktopStyleApplicationLifetimeExtensions.StartWithClassicDesktopLifetime(AppBuilder builder, String[] args, ShutdownMode shutdownMode)
   at SuperNova.Desktop.Program.SafeStartAvalonia(String[] args) in G:\codesecondfolder\BRU-Avtopark-Avtobusov\SuperNova.Desktop\Program.cs:line 196
[2025-07-23 17:37:55.890] [FTL] [] Exception type: TargetParameterCountException
[2025-07-23 17:37:55.892] [FTL] [] Exception message: Parameter count mismatch.
[2025-07-23 17:37:55.893] [FTL] [] Stack trace:    at System.Reflection.MethodBaseInvoker.ThrowTargetParameterCountException()
   at System.Reflection.RuntimeMethodInfo.Invoke(Object obj, BindingFlags invokeAttr, Binder binder, Object[] parameters, CultureInfo culture)
   at System.Delegate.DynamicInvokeImpl(Object[] args)
   at Avalonia.Interactivity.EventRoute.RaiseEventImpl(RoutedEventArgs e)
   at Avalonia.Interactivity.Interactive.RaiseEvent(RoutedEventArgs e)
   at Avalonia.Input.KeyboardDevice.ProcessRawEvent(RawInputEventArgs e)
   at Avalonia.Threading.Dispatcher.Send(SendOrPostCallback action, Object arg, Nullable`1 priority)
   at Avalonia.Controls.TopLevel.HandleInput(RawInputEventArgs e)
   at Avalonia.Win32.WindowImpl.AppWndProc(IntPtr hWnd, UInt32 msg, IntPtr wParam, IntPtr lParam)
   at Avalonia.Win32.WindowImpl.WndProcMessageHandler(IntPtr hWnd, UInt32 msg, IntPtr wParam, IntPtr lParam)
   at Avalonia.Win32.Interop.UnmanagedMethods.DispatchMessage(MSG& lpmsg)
   at Avalonia.Win32.Win32DispatcherImpl.RunLoop(CancellationToken cancellationToken)
   at Avalonia.Threading.DispatcherFrame.Run(IControlledDispatcherImpl impl)
   at Avalonia.Threading.Dispatcher.PushFrame(DispatcherFrame frame)
   at Avalonia.Threading.Dispatcher.MainLoop(CancellationToken cancellationToken)
   at Avalonia.Controls.ApplicationLifetimes.ClassicDesktopStyleApplicationLifetime.StartCore(String[] args)
   at Avalonia.Controls.ApplicationLifetimes.ClassicDesktopStyleApplicationLifetime.Start(String[] args)
   at Avalonia.ClassicDesktopStyleApplicationLifetimeExtensions.StartWithClassicDesktopLifetime(AppBuilder builder, String[] args, ShutdownMode shutdownMode)
   at SuperNova.Desktop.Program.SafeStartAvalonia(String[] args) in G:\codesecondfolder\BRU-Avtopark-Avtobusov\SuperNova.Desktop\Program.cs:line 196
[2025-07-23 17:38:55.207] [FTL] [] CRITICAL: Unhandled exception in Avalonia startup
System.Reflection.TargetParameterCountException: Parameter count mismatch.
   at System.Reflection.MethodBaseInvoker.ThrowTargetParameterCountException()
   at System.Reflection.RuntimeMethodInfo.Invoke(Object obj, BindingFlags invokeAttr, Binder binder, Object[] parameters, CultureInfo culture)
   at System.Delegate.DynamicInvokeImpl(Object[] args)
   at Avalonia.Interactivity.EventRoute.RaiseEventImpl(RoutedEventArgs e)
   at Avalonia.Interactivity.Interactive.RaiseEvent(RoutedEventArgs e)
   at Avalonia.Input.KeyboardDevice.ProcessRawEvent(RawInputEventArgs e)
   at Avalonia.Input.InputManager.ProcessInput(RawInputEventArgs e)
   at Avalonia.Threading.Dispatcher.Send(SendOrPostCallback action, Object arg, Nullable`1 priority)
   at Avalonia.Controls.TopLevel.HandleInput(RawInputEventArgs e)
   at Avalonia.Win32.WindowImpl.AppWndProc(IntPtr hWnd, UInt32 msg, IntPtr wParam, IntPtr lParam)
   at Avalonia.Win32.WindowImpl.WndProcMessageHandler(IntPtr hWnd, UInt32 msg, IntPtr wParam, IntPtr lParam)
   at Avalonia.Win32.Interop.UnmanagedMethods.DispatchMessage(MSG& lpmsg)
   at Avalonia.Win32.Win32DispatcherImpl.RunLoop(CancellationToken cancellationToken)
   at Avalonia.Threading.DispatcherFrame.Run(IControlledDispatcherImpl impl)
   at Avalonia.Threading.Dispatcher.PushFrame(DispatcherFrame frame)
   at Avalonia.Threading.Dispatcher.MainLoop(CancellationToken cancellationToken)
   at Avalonia.Controls.ApplicationLifetimes.ClassicDesktopStyleApplicationLifetime.StartCore(String[] args)
   at Avalonia.Controls.ApplicationLifetimes.ClassicDesktopStyleApplicationLifetime.Start(String[] args)
   at Avalonia.ClassicDesktopStyleApplicationLifetimeExtensions.StartWithClassicDesktopLifetime(AppBuilder builder, String[] args, ShutdownMode shutdownMode)
   at SuperNova.Desktop.Program.SafeStartAvalonia(String[] args) in G:\codesecondfolder\BRU-Avtopark-Avtobusov\SuperNova.Desktop\Program.cs:line 196
[2025-07-23 17:38:55.238] [FTL] [] Exception type: TargetParameterCountException
[2025-07-23 17:38:55.239] [FTL] [] Exception message: Parameter count mismatch.
[2025-07-23 17:38:55.241] [FTL] [] Stack trace:    at System.Reflection.MethodBaseInvoker.ThrowTargetParameterCountException()
   at System.Reflection.RuntimeMethodInfo.Invoke(Object obj, BindingFlags invokeAttr, Binder binder, Object[] parameters, CultureInfo culture)
   at System.Delegate.DynamicInvokeImpl(Object[] args)
   at Avalonia.Interactivity.EventRoute.RaiseEventImpl(RoutedEventArgs e)
   at Avalonia.Interactivity.Interactive.RaiseEvent(RoutedEventArgs e)
   at Avalonia.Input.KeyboardDevice.ProcessRawEvent(RawInputEventArgs e)
   at Avalonia.Input.InputManager.ProcessInput(RawInputEventArgs e)
   at Avalonia.Threading.Dispatcher.Send(SendOrPostCallback action, Object arg, Nullable`1 priority)
   at Avalonia.Controls.TopLevel.HandleInput(RawInputEventArgs e)
   at Avalonia.Win32.WindowImpl.AppWndProc(IntPtr hWnd, UInt32 msg, IntPtr wParam, IntPtr lParam)
   at Avalonia.Win32.WindowImpl.WndProcMessageHandler(IntPtr hWnd, UInt32 msg, IntPtr wParam, IntPtr lParam)
   at Avalonia.Win32.Interop.UnmanagedMethods.DispatchMessage(MSG& lpmsg)
   at Avalonia.Win32.Win32DispatcherImpl.RunLoop(CancellationToken cancellationToken)
   at Avalonia.Threading.DispatcherFrame.Run(IControlledDispatcherImpl impl)
   at Avalonia.Threading.Dispatcher.PushFrame(DispatcherFrame frame)
   at Avalonia.Threading.Dispatcher.MainLoop(CancellationToken cancellationToken)
   at Avalonia.Controls.ApplicationLifetimes.ClassicDesktopStyleApplicationLifetime.StartCore(String[] args)
   at Avalonia.Controls.ApplicationLifetimes.ClassicDesktopStyleApplicationLifetime.Start(String[] args)
   at Avalonia.ClassicDesktopStyleApplicationLifetimeExtensions.StartWithClassicDesktopLifetime(AppBuilder builder, String[] args, ShutdownMode shutdownMode)
   at SuperNova.Desktop.Program.SafeStartAvalonia(String[] args) in G:\codesecondfolder\BRU-Avtopark-Avtobusov\SuperNova.Desktop\Program.cs:line 196
[2025-07-23 17:44:17.279] [FTL] [] CRITICAL: Unhandled exception in Avalonia startup
System.Reflection.TargetParameterCountException: Parameter count mismatch.
   at System.Reflection.MethodBaseInvoker.ThrowTargetParameterCountException()
   at System.Reflection.RuntimeMethodInfo.Invoke(Object obj, BindingFlags invokeAttr, Binder binder, Object[] parameters, CultureInfo culture)
   at System.Delegate.DynamicInvokeImpl(Object[] args)
   at Avalonia.Interactivity.EventRoute.RaiseEventImpl(RoutedEventArgs e)
   at Avalonia.Interactivity.Interactive.RaiseEvent(RoutedEventArgs e)
   at Avalonia.Input.KeyboardDevice.ProcessRawEvent(RawInputEventArgs e)
   at Avalonia.Input.InputManager.ProcessInput(RawInputEventArgs e)
   at Avalonia.Threading.Dispatcher.Send(SendOrPostCallback action, Object arg, Nullable`1 priority)
   at Avalonia.Controls.TopLevel.HandleInput(RawInputEventArgs e)
   at Avalonia.Win32.WindowImpl.AppWndProc(IntPtr hWnd, UInt32 msg, IntPtr wParam, IntPtr lParam)
   at Avalonia.Win32.WindowImpl.WndProcMessageHandler(IntPtr hWnd, UInt32 msg, IntPtr wParam, IntPtr lParam)
   at Avalonia.Win32.Interop.UnmanagedMethods.DispatchMessage(MSG& lpmsg)
   at Avalonia.Win32.Win32DispatcherImpl.RunLoop(CancellationToken cancellationToken)
   at Avalonia.Threading.DispatcherFrame.Run(IControlledDispatcherImpl impl)
   at Avalonia.Threading.Dispatcher.PushFrame(DispatcherFrame frame)
   at Avalonia.Threading.Dispatcher.MainLoop(CancellationToken cancellationToken)
   at Avalonia.Controls.ApplicationLifetimes.ClassicDesktopStyleApplicationLifetime.StartCore(String[] args)
   at Avalonia.Controls.ApplicationLifetimes.ClassicDesktopStyleApplicationLifetime.Start(String[] args)
   at Avalonia.ClassicDesktopStyleApplicationLifetimeExtensions.StartWithClassicDesktopLifetime(AppBuilder builder, String[] args, ShutdownMode shutdownMode)
   at SuperNova.Desktop.Program.SafeStartAvalonia(String[] args) in G:\codesecondfolder\BRU-Avtopark-Avtobusov\SuperNova.Desktop\Program.cs:line 196
[2025-07-23 17:44:17.324] [FTL] [] Exception type: TargetParameterCountException
[2025-07-23 17:44:17.325] [FTL] [] Exception message: Parameter count mismatch.
[2025-07-23 17:44:17.327] [FTL] [] Stack trace:    at System.Reflection.MethodBaseInvoker.ThrowTargetParameterCountException()
   at System.Reflection.RuntimeMethodInfo.Invoke(Object obj, BindingFlags invokeAttr, Binder binder, Object[] parameters, CultureInfo culture)
   at System.Delegate.DynamicInvokeImpl(Object[] args)
   at Avalonia.Interactivity.EventRoute.RaiseEventImpl(RoutedEventArgs e)
   at Avalonia.Interactivity.Interactive.RaiseEvent(RoutedEventArgs e)
   at Avalonia.Input.KeyboardDevice.ProcessRawEvent(RawInputEventArgs e)
   at Avalonia.Input.InputManager.ProcessInput(RawInputEventArgs e)
   at Avalonia.Threading.Dispatcher.Send(SendOrPostCallback action, Object arg, Nullable`1 priority)
   at Avalonia.Controls.TopLevel.HandleInput(RawInputEventArgs e)
   at Avalonia.Win32.WindowImpl.AppWndProc(IntPtr hWnd, UInt32 msg, IntPtr wParam, IntPtr lParam)
   at Avalonia.Win32.WindowImpl.WndProcMessageHandler(IntPtr hWnd, UInt32 msg, IntPtr wParam, IntPtr lParam)
   at Avalonia.Win32.Interop.UnmanagedMethods.DispatchMessage(MSG& lpmsg)
   at Avalonia.Win32.Win32DispatcherImpl.RunLoop(CancellationToken cancellationToken)
   at Avalonia.Threading.DispatcherFrame.Run(IControlledDispatcherImpl impl)
   at Avalonia.Threading.Dispatcher.PushFrame(DispatcherFrame frame)
   at Avalonia.Threading.Dispatcher.MainLoop(CancellationToken cancellationToken)
   at Avalonia.Controls.ApplicationLifetimes.ClassicDesktopStyleApplicationLifetime.StartCore(String[] args)
   at Avalonia.Controls.ApplicationLifetimes.ClassicDesktopStyleApplicationLifetime.Start(String[] args)
   at Avalonia.ClassicDesktopStyleApplicationLifetimeExtensions.StartWithClassicDesktopLifetime(AppBuilder builder, String[] args, ShutdownMode shutdownMode)
   at SuperNova.Desktop.Program.SafeStartAvalonia(String[] args) in G:\codesecondfolder\BRU-Avtopark-Avtobusov\SuperNova.Desktop\Program.cs:line 196
[2025-07-23 17:56:56.173] [FTL] [] CRITICAL: Unhandled exception in Avalonia startup
System.ArgumentException: Parameter "parameter" (object) cannot be of type SuperNova.Tools.Navigation.NavigationToolViewModel, as the command type requires an argument of type SuperNova.Tools.Navigation.NavigationNodeViewModel. (Parameter 'parameter')
   at CommunityToolkit.Mvvm.Input.RelayCommand`1.ThrowArgumentExceptionForInvalidCommandArgument(Object parameter)
   at CommunityToolkit.Mvvm.Input.RelayCommand`1.CanExecute(Object parameter)
   at Avalonia.Controls.MenuItem.OnAttachedToLogicalTree(LogicalTreeAttachmentEventArgs e)
   at Avalonia.StyledElement.OnAttachedToLogicalTreeCore(LogicalTreeAttachmentEventArgs e)
   at Avalonia.StyledElement.OnAttachedToLogicalTreeCore(LogicalTreeAttachmentEventArgs e)
   at Avalonia.StyledElement.Avalonia.Controls.ISetLogicalParent.SetParent(ILogical parent)
   at Avalonia.Controls.Primitives.Popup.ChildChanged(AvaloniaPropertyChangedEventArgs e)
   at Avalonia.Controls.Primitives.Popup.<>c.<.cctor>b__23_0(Popup x, AvaloniaPropertyChangedEventArgs e)
   at Avalonia.Reactive.LightweightObservableBase`1.PublishNext(T value)
   at Avalonia.PropertyStore.EffectiveValue`1.NotifyValueChanged(ValueStore owner, StyledProperty`1 property, T oldValue)
   at Avalonia.PropertyStore.EffectiveValue`1.SetAndRaiseCore(ValueStore owner, StyledProperty`1 property, T value, BindingPriority priority, Boolean isOverriddenCurrentValue, Boolean isCoercedDefaultValue)
   at Avalonia.PropertyStore.ValueStore.SetValue[T](StyledProperty`1 property, T value, BindingPriority priority)
   at Avalonia.AvaloniaObject.SetValue[T](StyledProperty`1 property, T value, BindingPriority priority)
   at Avalonia.Controls.Primitives.Popup.set_Child(Control value)
   at Avalonia.Controls.ContextMenu.Open(Control control, Control placementTarget, PlacementMode placement)
   at Avalonia.Controls.ContextMenu.ControlContextRequested(Object sender, ContextRequestedEventArgs e)
   at Avalonia.Interactivity.EventRoute.RaiseEventImpl(RoutedEventArgs e)
   at Avalonia.Interactivity.Interactive.RaiseEvent(RoutedEventArgs e)
   at Avalonia.Controls.Control.OnPointerReleased(PointerReleasedEventArgs e)
   at Avalonia.Reactive.LightweightObservableBase`1.PublishNext(T value)
   at Avalonia.Interactivity.EventRoute.RaiseEventImpl(RoutedEventArgs e)
   at Avalonia.Interactivity.Interactive.RaiseEvent(RoutedEventArgs e)
   at Avalonia.Input.MouseDevice.MouseUp(IMouseDevice device, UInt64 timestamp, IInputRoot root, Point p, PointerPointProperties props, KeyModifiers inputModifiers, IInputElement hitTest)
   at Avalonia.Input.MouseDevice.ProcessRawEvent(RawPointerEventArgs e)
   at Avalonia.Threading.Dispatcher.Send(SendOrPostCallback action, Object arg, Nullable`1 priority)
   at Avalonia.Controls.TopLevel.HandleInput(RawInputEventArgs e)
   at Avalonia.Win32.WindowImpl.AppWndProc(IntPtr hWnd, UInt32 msg, IntPtr wParam, IntPtr lParam)
   at Avalonia.Win32.WindowImpl.WndProcMessageHandler(IntPtr hWnd, UInt32 msg, IntPtr wParam, IntPtr lParam)
   at Avalonia.Win32.Interop.UnmanagedMethods.DispatchMessage(MSG& lpmsg)
   at Avalonia.Win32.Win32DispatcherImpl.RunLoop(CancellationToken cancellationToken)
   at Avalonia.Threading.DispatcherFrame.Run(IControlledDispatcherImpl impl)
   at Avalonia.Threading.Dispatcher.PushFrame(DispatcherFrame frame)
   at Avalonia.Threading.Dispatcher.MainLoop(CancellationToken cancellationToken)
   at Avalonia.Controls.ApplicationLifetimes.ClassicDesktopStyleApplicationLifetime.StartCore(String[] args)
   at Avalonia.Controls.ApplicationLifetimes.ClassicDesktopStyleApplicationLifetime.Start(String[] args)
   at Avalonia.ClassicDesktopStyleApplicationLifetimeExtensions.StartWithClassicDesktopLifetime(AppBuilder builder, String[] args, ShutdownMode shutdownMode)
   at SuperNova.Desktop.Program.SafeStartAvalonia(String[] args) in G:\codesecondfolder\BRU-Avtopark-Avtobusov\SuperNova.Desktop\Program.cs:line 196
[2025-07-23 17:56:56.215] [FTL] [] Exception type: ArgumentException
[2025-07-23 17:56:56.216] [FTL] [] Exception message: Parameter "parameter" (object) cannot be of type SuperNova.Tools.Navigation.NavigationToolViewModel, as the command type requires an argument of type SuperNova.Tools.Navigation.NavigationNodeViewModel. (Parameter 'parameter')
[2025-07-23 17:56:56.217] [FTL] [] Stack trace:    at CommunityToolkit.Mvvm.Input.RelayCommand`1.ThrowArgumentExceptionForInvalidCommandArgument(Object parameter)
   at CommunityToolkit.Mvvm.Input.RelayCommand`1.CanExecute(Object parameter)
   at Avalonia.Controls.MenuItem.OnAttachedToLogicalTree(LogicalTreeAttachmentEventArgs e)
   at Avalonia.StyledElement.OnAttachedToLogicalTreeCore(LogicalTreeAttachmentEventArgs e)
   at Avalonia.StyledElement.OnAttachedToLogicalTreeCore(LogicalTreeAttachmentEventArgs e)
   at Avalonia.StyledElement.Avalonia.Controls.ISetLogicalParent.SetParent(ILogical parent)
   at Avalonia.Controls.Primitives.Popup.ChildChanged(AvaloniaPropertyChangedEventArgs e)
   at Avalonia.Controls.Primitives.Popup.<>c.<.cctor>b__23_0(Popup x, AvaloniaPropertyChangedEventArgs e)
   at Avalonia.Reactive.LightweightObservableBase`1.PublishNext(T value)
   at Avalonia.PropertyStore.EffectiveValue`1.NotifyValueChanged(ValueStore owner, StyledProperty`1 property, T oldValue)
   at Avalonia.PropertyStore.EffectiveValue`1.SetAndRaiseCore(ValueStore owner, StyledProperty`1 property, T value, BindingPriority priority, Boolean isOverriddenCurrentValue, Boolean isCoercedDefaultValue)
   at Avalonia.PropertyStore.ValueStore.SetValue[T](StyledProperty`1 property, T value, BindingPriority priority)
   at Avalonia.AvaloniaObject.SetValue[T](StyledProperty`1 property, T value, BindingPriority priority)
   at Avalonia.Controls.Primitives.Popup.set_Child(Control value)
   at Avalonia.Controls.ContextMenu.Open(Control control, Control placementTarget, PlacementMode placement)
   at Avalonia.Controls.ContextMenu.ControlContextRequested(Object sender, ContextRequestedEventArgs e)
   at Avalonia.Interactivity.EventRoute.RaiseEventImpl(RoutedEventArgs e)
   at Avalonia.Interactivity.Interactive.RaiseEvent(RoutedEventArgs e)
   at Avalonia.Controls.Control.OnPointerReleased(PointerReleasedEventArgs e)
   at Avalonia.Reactive.LightweightObservableBase`1.PublishNext(T value)
   at Avalonia.Interactivity.EventRoute.RaiseEventImpl(RoutedEventArgs e)
   at Avalonia.Interactivity.Interactive.RaiseEvent(RoutedEventArgs e)
   at Avalonia.Input.MouseDevice.MouseUp(IMouseDevice device, UInt64 timestamp, IInputRoot root, Point p, PointerPointProperties props, KeyModifiers inputModifiers, IInputElement hitTest)
   at Avalonia.Input.MouseDevice.ProcessRawEvent(RawPointerEventArgs e)
   at Avalonia.Threading.Dispatcher.Send(SendOrPostCallback action, Object arg, Nullable`1 priority)
   at Avalonia.Controls.TopLevel.HandleInput(RawInputEventArgs e)
   at Avalonia.Win32.WindowImpl.AppWndProc(IntPtr hWnd, UInt32 msg, IntPtr wParam, IntPtr lParam)
   at Avalonia.Win32.WindowImpl.WndProcMessageHandler(IntPtr hWnd, UInt32 msg, IntPtr wParam, IntPtr lParam)
   at Avalonia.Win32.Interop.UnmanagedMethods.DispatchMessage(MSG& lpmsg)
   at Avalonia.Win32.Win32DispatcherImpl.RunLoop(CancellationToken cancellationToken)
   at Avalonia.Threading.DispatcherFrame.Run(IControlledDispatcherImpl impl)
   at Avalonia.Threading.Dispatcher.PushFrame(DispatcherFrame frame)
   at Avalonia.Threading.Dispatcher.MainLoop(CancellationToken cancellationToken)
   at Avalonia.Controls.ApplicationLifetimes.ClassicDesktopStyleApplicationLifetime.StartCore(String[] args)
   at Avalonia.Controls.ApplicationLifetimes.ClassicDesktopStyleApplicationLifetime.Start(String[] args)
   at Avalonia.ClassicDesktopStyleApplicationLifetimeExtensions.StartWithClassicDesktopLifetime(AppBuilder builder, String[] args, ShutdownMode shutdownMode)
   at SuperNova.Desktop.Program.SafeStartAvalonia(String[] args) in G:\codesecondfolder\BRU-Avtopark-Avtobusov\SuperNova.Desktop\Program.cs:line 196
[2025-07-23 18:09:48.615] [FTL] [] Fatal error during application initialization
System.Collections.Generic.KeyNotFoundException: Static resource 'SystemRegionColor' not found.
   at Avalonia.Markup.Xaml.MarkupExtensions.StaticResourceExtension.ProvideValue(IServiceProvider serviceProvider, Object resourceKey)
   at Avalonia.Markup.Xaml.MarkupExtensions.StaticResourceExtension.ProvideValue(IServiceProvider serviceProvider)
   at CompiledAvaloniaXaml.!AvaloniaResources.XamlClosure_1.Build_5(IServiceProvider)
   at Avalonia.Markup.Xaml.XamlIl.Runtime.XamlIlRuntimeHelpers.PointerDeferredContent`1.InvokeBuilder(IServiceProvider serviceProvider)
   at Avalonia.Markup.Xaml.XamlIl.Runtime.XamlIlRuntimeHelpers.DeferredContent`1.Build(IServiceProvider serviceProvider)
   at Avalonia.Controls.ResourceDictionary.TryGetValue(Object key, Object& value)
   at Avalonia.Controls.ResourceDictionary.TryGetResource(Object key, ThemeVariant theme, Object& value)
   at Avalonia.Controls.ResourceDictionary.TryGetResource(Object key, ThemeVariant theme, Object& value)
   at Avalonia.Controls.ResourceDictionary.TryGetResource(Object key, ThemeVariant theme, Object& value)
   at Avalonia.Styling.Styles.TryGetResource(Object key, ThemeVariant theme, Object& value)
   at Avalonia.Styling.Styles.TryGetResource(Object key, ThemeVariant theme, Object& value)
   at Avalonia.Application.TryGetResource(Object key, ThemeVariant theme, Object& value)
   at Avalonia.Controls.ResourceNodeExtensions.TryFindResource(IResourceHost control, Object key, ThemeVariant theme, Object& value)
   at Avalonia.Controls.ResourceNodeExtensions.FindResource(IResourceHost control, ThemeVariant theme, Object key)
   at Avalonia.Markup.Xaml.MarkupExtensions.DynamicResourceExpression.PublishValue()
   at Avalonia.Markup.Xaml.MarkupExtensions.DynamicResourceExpression.StartCore()
   at Avalonia.Data.Core.UntypedBindingExpressionBase.Start(Boolean produceValue)
   at Avalonia.AvaloniaObject.Bind(AvaloniaProperty property, IBinding binding, Object anchor)
   at Avalonia.AvaloniaObject.Bind(AvaloniaProperty property, IBinding binding)
   at Avalonia.AvaloniaObjectExtensions.Bind(AvaloniaObject target, AvaloniaProperty property, IBinding binding, Object anchor)
   at CompiledAvaloniaXaml.!AvaloniaResources.XamlClosure_1.Build_65(IServiceProvider)
   at Avalonia.Markup.Xaml.XamlIl.Runtime.XamlIlRuntimeHelpers.PointerDeferredContent`1.InvokeBuilder(IServiceProvider serviceProvider)
   at Avalonia.Markup.Xaml.XamlIl.Runtime.XamlIlRuntimeHelpers.DeferredContent`1.Build(IServiceProvider serviceProvider)
   at Avalonia.Controls.ResourceDictionary.TryGetValue(Object key, Object& value)
   at Avalonia.Controls.ResourceDictionary.TryGetResource(Object key, ThemeVariant theme, Object& value)
   at Avalonia.Controls.ResourceDictionary.TryGetResource(Object key, ThemeVariant theme, Object& value)
   at Avalonia.Styling.Styles.TryGetResource(Object key, ThemeVariant theme, Object& value)
   at Avalonia.Styling.Styles.TryGetResource(Object key, ThemeVariant theme, Object& value)
   at Avalonia.Application.TryGetResource(Object key, ThemeVariant theme, Object& value)
   at Avalonia.Controls.ResourceNodeExtensions.TryFindResource(IResourceHost control, Object key, ThemeVariant theme, Object& value)
   at Avalonia.Controls.ResourceNodeExtensions.FindResource(IResourceHost control, ThemeVariant theme, Object key)
   at Avalonia.Markup.Xaml.MarkupExtensions.DynamicResourceExpression.PublishValue()
   at Avalonia.Markup.Xaml.MarkupExtensions.DynamicResourceExpression.StartCore()
   at Avalonia.Data.Core.UntypedBindingExpressionBase.Start(Boolean produceValue)
   at Avalonia.Data.Core.UntypedBindingExpressionBase.Avalonia.PropertyStore.IValueEntry.HasValue()
   at Avalonia.PropertyStore.ValueStore.ReevaluateEffectiveValues(IValueEntry changedValueEntry)
   at Avalonia.StyledElement.ApplyStyling()
   at Avalonia.StyledElement.OnAttachedToLogicalTreeCore(LogicalTreeAttachmentEventArgs e)
   at Avalonia.StyledElement.OnAttachedToLogicalTreeCore(LogicalTreeAttachmentEventArgs e)
   at Avalonia.StyledElement.OnAttachedToLogicalTreeCore(LogicalTreeAttachmentEventArgs e)
   at Avalonia.StyledElement.OnAttachedToLogicalTreeCore(LogicalTreeAttachmentEventArgs e)
   at Avalonia.StyledElement.OnAttachedToLogicalTreeCore(LogicalTreeAttachmentEventArgs e)
   at Avalonia.StyledElement.OnAttachedToLogicalTreeCore(LogicalTreeAttachmentEventArgs e)
   at Avalonia.StyledElement.Avalonia.Controls.ISetLogicalParent.SetParent(ILogical parent)
   at Avalonia.StyledElement.SetLogicalParent(IList children)
   at Avalonia.StyledElement.LogicalChildrenCollectionChanged(Object sender, NotifyCollectionChangedEventArgs e)
   at Avalonia.Visual.LogicalChildrenCollectionChanged(Object sender, NotifyCollectionChangedEventArgs e)
   at Avalonia.Collections.AvaloniaList`1.Add(T item)
   at Avalonia.Controls.ContentControl.ContentChanged(AvaloniaPropertyChangedEventArgs e)
   at Avalonia.Controls.Window.OnPropertyChanged(AvaloniaPropertyChangedEventArgs change)
   at PleasantUI.Controls.PleasantWindow.OnPropertyChanged(AvaloniaPropertyChangedEventArgs change)
   at Avalonia.Animation.Animatable.OnPropertyChangedCore(AvaloniaPropertyChangedEventArgs change)
   at Avalonia.PropertyStore.EffectiveValue`1.NotifyValueChanged(ValueStore owner, StyledProperty`1 property, T oldValue)
   at Avalonia.PropertyStore.EffectiveValue`1.SetAndRaiseCore(ValueStore owner, StyledProperty`1 property, T value, BindingPriority priority, Boolean isOverriddenCurrentValue, Boolean isCoercedDefaultValue)
   at Avalonia.PropertyStore.ValueStore.SetValue[T](StyledProperty`1 property, T value, BindingPriority priority)
   at Avalonia.AvaloniaObject.SetValue[T](StyledProperty`1 property, T value, BindingPriority priority)
   at Avalonia.Controls.ContentControl.set_Content(Object value)
   at SuperNova.MainWindow.!XamlIlPopulate(IServiceProvider, MainWindow) in G:\codesecondfolder\BRU-Avtopark-Avtobusov\SuperNova\MainWindow.axaml:line 13
   at SuperNova.MainWindow.!XamlIlPopulateTrampoline(MainWindow)
   at SuperNova.MainWindow.InitializeComponent(Boolean loadXaml, Boolean attachDevTools) in G:\codesecondfolder\BRU-Avtopark-Avtobusov\SuperNova\obj\Debug\net9.0\Avalonia.Generators\Avalonia.Generators.NameGenerator.AvaloniaNameSourceGenerator\SuperNova.MainWindow.g.cs:line 26
   at SuperNova.MainWindow..ctor() in G:\codesecondfolder\BRU-Avtopark-Avtobusov\SuperNova\MainWindow.axaml.cs:line 20
   at SuperNova.App.OnFrameworkInitializationCompleted() in G:\codesecondfolder\BRU-Avtopark-Avtobusov\SuperNova\App.axaml.cs:line 253
[2025-07-23 18:44:05.418] [ERR] [] [Visual] [Avalonia.Win32.WinRT.Composition.WinUiCompositorConnection+RunLoopHandler] windows::UI::Composition::ICompositor5.RequestCommitAsync timed out, force-triggering next tick
[2025-07-23 19:08:49.957] [ERR] [] [Visual] [Avalonia.Win32.WinRT.Composition.WinUiCompositorConnection+RunLoopHandler] windows::UI::Composition::ICompositor5.RequestCommitAsync timed out, force-triggering next tick
